#
# There is insufficient memory for the Java Runtime Environment to continue.
# Native memory allocation (malloc) failed to allocate 1110576 bytes. Error detail: Chunk::new
# Possible reasons:
#   The system is out of physical RAM or swap space
#   This process is running with CompressedOops enabled, and the Java Heap may be blocking the growth of the native heap
# Possible solutions:
#   Reduce memory load on the system
#   Increase physical memory or swap space
#   Check if swap backing store is full
#   Decrease Java heap size (-Xmx/-Xms)
#   Decrease number of Java threads
#   Decrease Java thread stack sizes (-Xss)
#   Set larger code cache with -XX:ReservedCodeCacheSize=
#   JVM is running with Unscaled Compressed Oops mode in which the Java heap is
#     placed in the first 4GB address space. The Java Heap base address is the
#     maximum limit for the native heap growth. Please use -XX:HeapBaseMinAddress
#     to set the Java Heap base and to place the Java Heap above 4GB virtual address.
# This output file may be truncated or incomplete.
#
#  Out of Memory Error (arena.cpp:191), pid=40372, tid=39564
#
# JRE version: OpenJDK Runtime Environment Temurin-17.0.13+11 (17.0.13+11) (build 17.0.13+11)
# Java VM: OpenJDK 64-Bit Server VM Temurin-17.0.13+11 (17.0.13+11, mixed mode, tiered, compressed oops, compressed class ptrs, g1 gc, windows-amd64)
# No core dump will be written. Minidumps are not enabled by default on client versions of Windows
#

---------------  S U M M A R Y ------------

Command Line: -Dgroovy.home=C:\Users\admin/.groovy -Djava.system.class.loader=groovy.lang.GroovyClassLoader -Xmx2048m -Dfile.encoding=UTF-8 -XX:+ShowCodeDetailsInExceptionMessages org.codehaus.groovy.tools.GroovyStarter --classpath C:\Users\admin\Documents\VestdApp-TestAutomation Katalon\Vestd QA Test Automation\bin\keyword;C:\Users\admin\Documents\VestdApp-TestAutomation Katalon\Vestd QA Test Automation\Keywords;C:\Users\admin\Documents\VestdApp-TestAutomation Katalon\Vestd QA Test Automation\bin\listener;C:\Users\admin\Documents\VestdApp-TestAutomation Katalon\Vestd QA Test Automation\Test Listeners;C:\Users\admin\Documents\VestdApp-TestAutomation Katalon\Vestd QA Test Automation\bin\lib;C:\Users\admin\Documents\VestdApp-TestAutomation Katalon\Vestd QA Test Automation\Libs;C:\Users\admin\Documents\VestdApp-TestAutomation Katalon\Vestd QA Test Automation\bin\groovy;C:\Users\admin\Documents\VestdApp-TestAutomation Katalon\Vestd QA Test Automation\Include\scripts\groovy;C:\Users\admin\.katalon\packages\KS-10.1.0\plugins\com.kms.katalon.core_1.0.0.202501201829.jar;C:\Users\admin\.katalon\packages\KS-10.1.0\configuration\resources\lib\aalto-xml-1.0.0.jar;C:\Users\admin\.katalon\packages\KS-10.1.0\configuration\resources\lib\aspectjweaver-1.9.1.jar;C:\Users\admin\.katalon\packages\KS-10.1.0\configuration\resources\lib\aws-2.20.3-fat.jar;C:\Users\admin\.katalon\packages\KS-10.1.0\configuration\resources\lib\bcpkix-jdk15on-1.64.jar;C:\Users\admin\.katalon\packages\KS-10.1.0\configuration\resources\lib\bcprov-jdk15on-1.64.jar;C:\Users\admin\.katalon\packages\KS-10.1.0\configuration\resources\lib\browsermob-core-2.1.5.jar;C:\Users\admin\.katalon\packages\KS-10.1.0\configuration\resources\lib\byte-buddy-1.14.3.jar;C:\Users\admin\.katalon\packages\KS-10.1.0\configuration\resources\lib\byte-buddy-agent-1.14.3.jar;C:\Users\admin\.katalon\packages\KS-10.1.0\configuration\resources\lib\cglib-3.2.10.jar;C:\Users\admin\.katalon\packages\KS-10.1.0\configuration\resources\lib\commons-codec-1.10.jar;C:\Users\admin\.katalon\packages\KS-10.1.0\configuration\resources\lib\commons-collections4-4.1.jar;C:\Users\admin\.katalon\packages\KS-10.1.0\configuration\resources\lib\commons-validator-1.6.jar;C:\Users\admin\.katalon\packages\KS-10.1.0\configuration\resources\lib\curvesapi-1.04.jar;C:\Users\admin\.katalon\packages\KS-10.1.0\configuration\resources\lib\dnsjava-3.6.2.jar;C:\Users\admin\.katalon\packages\KS-10.1.0\configuration\resources\lib\groovy-3.0.17.jar;C:\Users\admin\.katalon\packages\KS-10.1.0\configuration\resources\lib\jackson-coreutils-2.0.jar;C:\Users\admin\.katalon\packages\KS-10.1.0\configuration\resources\lib\jackson-coreutils-equivalence-1.0.jar;C:\Users\admin\.katalon\packages\KS-10.1.0\configuration\resources\lib\java-client-9.2.3.jar;C:\Users\admin\.katalon\packages\KS-10.1.0\configuration\resources\lib\javax.servlet-api_3.1.0.jar;C:\Users\admin\.katalon\packages\KS-10.1.0\configuration\resources\lib\jna-5.12.1.jar;C:\Users\admin\.katalon\packages\KS-10.1.0\configuration\resources\lib\jna-platform-5.12.1.jar;C:\Users\admin\.katalon\packages\KS-10.1.0\configuration\resources\lib\json-schema-core-1.2.14.jar;C:\Users\admin\.katalon\packages\KS-10.1.0\configuration\resources\lib\json-schema-validator-2.2.14.jar;C:\Users\admin\.katalon\packages\KS-10.1.0\configuration\resources\lib\jzlib-1.1.3.jar;C:\Users\admin\.katalon\packages\KS-10.1.0\configuration\resources\lib\kat-server.jar;C:\Users\admin\.katalon\packages\KS-10.1.0\configuration\resources\lib\littleproxy-1.1.0-beta-bmp-17.jar;C:\Users\admin\.katalon\packages\KS-10.1.0\configuration\resources\lib\log4j-1.2-api-2.17.1.jar;C:\Users\admin\.katalon\packages\KS-10.1.0\configuration\resources\lib\log4j-api-2.17.1.jar;C:\Users\admin\.katalon\packages\KS-10.1.0\configuration\resources\lib\log4j-core-2.17.1.jar;C:\Users\admin\.katalon\packages\KS-10.1.0\configuration\resources\lib\mitm-2.1.5.jar;C:\Users\admin\.katalon\packages\KS-10.1.0\configuration\resources\lib\mockito-core-5.2.0.jar;C:\Users\admin\.katalon\packages\KS-10.1.0\configuration\resources\lib\mockito-inline-5.2.0.jar;C:\Users\admin\.katalon\packages\KS-10.1.0\configuration\resources\lib\netty-all-4.1.109.Final.jar;C:\Users\admin\.katalon\packages\KS-10.1.0\configuration\resources\lib\objenesis-3.3.jar;C:\Users\admin\.katalon\packages\KS-10.1.0\configuration\resources\lib\poi-3.17.jar;C:\Users\admin\.katalon\packages\KS-10.1.0\configuration\resources\lib\poi-ooxml-3.17.jar;C:\Users\admin\.katalon\packages\KS-10.1.0\configuration\resources\lib\poi-ooxml-schemas-3.17.jar;C:\Users\admin\.katalon\packages\KS-10.1.0\configuration\resources\lib\proxy-vole-1.1.5-jar-with-dependencies.jar;C:\Users\admin\.katalon\packages\KS-10.1.0\configuration\resources\lib\repackaged-sikuli-api-1.0.2-standalone.jar;C:\Users\admin\.katalon\packages\KS-10.1.0\configuration\resources\lib\selenium-server-4.22.0.jar;C:\Users\admin\.katalon\packages\KS-10.1.0\configuration\resources\lib\selenium-shutterbug-1.1.jar;C:\Users\admin\.katalon\packages\KS-10.1.0\configuration\resources\lib\slf4j-api-1.7.25.jar;C:\Users\admin\.katalon\packages\KS-10.1.0\configuration\resources\lib\soap-builder-1.0.0.jar;C:\Users\admin\.katalon\packages\KS-10.1.0\configuration\resources\lib\soap-common-1.0.0.jar;C:\Users\admin\.katalon\packages\KS-10.1.0\configuration\resources\lib\soap-legacy-1.0.0.jar;C:\Users\admin\.katalon\packages\KS-10.1.0\configuration\resources\lib\spring-context-5.3.19.jar;C:\Users\admin\.katalon\packages\KS-10.1.0\configuration\resources\lib\stax2-api-4.0.0.jar;C:\Users\admin\.katalon\packages\KS-10.1.0\configuration\resources\lib\su.jar;C:\Users\admin\.katalon\packages\KS-10.1.0\configuration\resources\lib\swagger-parser-1.0.67-fat.jar;C:\Users\admin\.katalon\packages\KS-10.1.0\configuration\resources\lib\testng-7.8.0.jar;C:\Users\admin\.katalon\packages\KS-10.1.0\configuration\resources\lib\uri-template-0.1.jar;C:\Users\admin\.katalon\packages\KS-10.1.0\configuration\resources\lib\wadl.jar;C:\Users\admin\.katalon\packages\KS-10.1.0\configuration\resources\lib\xmlbeans-3.1.0.jar;C:\Users\admin\.katalon\packages\KS-10.1.0\plugins\net.sf.supercsv.super-csv_2.1.0.jar;C:\Users\admin\.katalon\packages\KS-10.1.0\plugins\org.apache.commons.commons-io_2.15.1.jar;C:\Users\admin\.katalon\packages\KS-10.1.0\plugins\org.apache.commons.lang_2.6.0.jar;C:\Users\admin\.katalon\packages\KS-10.1.0\plugins\com.google.gson_2.10.1.v20230109-0753.jar;C:\Users\admin\.katalon\packages\KS-10.1.0\plugins\org.jsoup_1.14.3.jar;C:\Users\admin\.katalon\packages\KS-10.1.0\plugins\org.apache.commons.dbutils_1.6.0.jar;C:\Users\admin\.katalon\packages\KS-10.1.0\plugins\com.oracle.jdbc.ojdbc7_12.1.0.2.jar;C:\Users\admin\.katalon\packages\KS-10.1.0\plugins\org.postgresql.jdbc_42.7.3.jar;c:\Users\admin\.katalon\packages\KS-10.1.0\plugins\org.eclipse.osgi_3.18.300.v20230220-1352.jar;C:\Users\admin\.katalon\packages\KS-10.1.0\plugins\com.kms.katalon.constant_1.0.0.202501201829.jar;C:\Users\admin\.katalon\packages\KS-10.1.0\plugins\org.eclipse.persistence.eclipselink_2.7.11.jar;C:\Users\admin\.katalon\packages\KS-10.1.0\plugins\com.kms.katalon.selenium-standalone_1.0.0.202501201829.jar;C:\Users\admin\.katalon\packages\KS-10.1.0\plugins\atu.testrecorder.screen-recorder_2.1.0.jar;C:\Users\admin\.katalon\packages\KS-10.1.0\plugins\com.google.guava_32.0.0.jre.jar;C:\Users\admin\.katalon\packages\KS-10.1.0\plugins\com.kms.katalon.util_1.0.0.202501201829.jar;C:\Users\admin\.katalon\packages\KS-10.1.0\plugins\org.apache.httpcomponents.httpclient_4.5.14.v20221207-1049.jar;C:\Users\admin\.katalon\packages\KS-10.1.0\plugins\org.apache.httpcomponents.httpcore_4.4.16.v20221207-1049.jar;C:\Users\admin\.katalon\packages\KS-10.1.0\plugins\org.apache.httpcomponents.httpmime_4.5.13.jar;C:\Users\admin\.katalon\packages\KS-10.1.0\plugins\org.apache.commons.lang3_3.14.0.jar;C:\Users\admin\.katalon\packages\KS-10.1.0\plugins\org.greenrobot.eventbus_3.1.1.jar;C:\Users\admin\.katalon\packages\KS-10.1.0\plugins\net.bytebuddy.byte-buddy_1.14.15.jar;C:\Users\admin\.katalon\packages\KS-10.1.0\plugins\org.junit_4.13.2.v20211018-1956.jar;C:\Users\admin\.katalon\packages\KS-10.1.0\plugins\com.fasterxml.jackson.core.jackson-databind_2.17.2.jar;C:\Users\admin\.katalon\packages\KS-10.1.0\plugins\com.fasterxml.jackson.core.jackson-core_2.17.2.jar;C:\Users\admin\.katalon\packages\KS-10.1.0\plugins\com.fasterxml.jackson.core.jackson-annotations_2.17.2.jar;C:\Users\admin\.katalon\packages\KS-10.1.0\plugins\ch.qos.logback.classic_1.2.13.jar;C:\Users\admin\.katalon\packages\KS-10.1.0\plugins\ch.qos.logback.core_1.2.13.jar;C:\Users\admin\.katalon\packages\KS-10.1.0\plugins\slf4j.api_1.7.36.jar;C:\Users\admin\.katalon\packages\KS-10.1.0\plugins\org.fusesource.jansi_1.17.1.jar;C:\Users\admin\.katalon\packages\KS-10.1.0\plugins\com.kms.katalon.netlightbody_1.0.0.202501201829.jar;C:\Users\admin\.katalon\packages\KS-10.1.0\plugins\com.kms.katalon.poi_1.0.0.202501201829.jar;C:\Users\admin\.katalon\packages\KS-10.1.0\plugins\org.apache.commons.commons-text_1.10.0.jar;C:\Users\admin\.katalon\packages\KS-10.1.0\plugins\com.kms.katalon.proxyvole_1.0.0.202501201829.jar;C:\Users\admin\.katalon\packages\KS-10.1.0\plugins\com.microsoft.sqlserver.mssql-jdbc_6.2.2.jre8.jar;C:\Users\admin\.katalon\packages\KS-10.1.0\plugins\com.github.kklisura.cdt.java-client_2.1.0.jar;C:\Users\admin\.katalon\packages\KS-10.1.0\plugins\javax.websocket-api_1.1.0.jar;C:\Users\admin\.katalon\packages\KS-10.1.0\plugins\org.glassfish.tyrus.container-grizzly-client_1.13.1.jar;C:\Users\admin\.katalon\packages\KS-10.1.0\plugins\org.glassfish.grizzly.http-server_2.3.25.jar;C:\Users\admin\.katalon\packages\KS-10.1.0\plugins\org.glassfish.grizzly.framework_2.3.25.jar;C:\Users\admin\.katalon\packages\KS-10.1.0\plugins\org.glassfish.grizzly.http_2.3.25.jar;C:\Users\admin\.katalon\packages\KS-10.1.0\plugins\org.glassfish.tyrus.client_1.13.1.jar;C:\Users\admin\.katalon\packages\KS-10.1.0\plugins\org.glassfish.tyrus.core_1.13.1.jar;C:\Users\admin\.katalon\packages\KS-10.1.0\plugins\org.glassfish.tyrus.spi_1.13.1.jar;C:\Users\admin\.katalon\packages\KS-10.1.0\plugins\javassist_3.28.0.GA.jar;C:\Users\admin\.katalon\packages\KS-10.1.0\plugins\graphql-java_22.3.0.jar;C:\Users\admin\.katalon\packages\KS-10.1.0\plugins\org.glassfish.jaxb.runtime_2.3.6.jar;C:\Users\admin\.katalon\packages\KS-10.1.0\plugins\org.glassfish.jaxb.txw2_2.3.6.jar;C:\Users\admin\.katalon\packages\KS-10.1.0\plugins\org.dom4j_2.1.4.jar;C:\Users\admin\.katalon\packages\KS-10.1.0\plugins\com.kms.katalon.groovy-extended_1.0.0.202501201829.jar;C:\Users\admin\.katalon\packages\KS-10.1.0\plugins\com.sun.activation.javax.activation_1.2.0.jar;C:\Users\admin\.katalon\packages\KS-10.1.0\plugins\jakarta.xml.bind-api_2.3.3.jar;C:\Users\admin\.katalon\packages\KS-10.1.0\plugins\com.sun.xml.bind.jaxb-impl_2.3.6.jar;C:\Users\admin\.katalon\packages\KS-10.1.0\plugins\org.eclipse.jface_3.29.0.v20230214-1401.jar;C:\Users\admin\.katalon\packages\KS-10.1.0\plugins\com.kms.katalon.logging_1.0.0.202501201829.jar;C:\Users\admin\.katalon\packages\KS-10.1.0\plugins\json_20240303.0.0.jar;C:\Users\admin\.katalon\packages\KS-10.1.0\plugins\assertj-core_3.25.3.jar;C:\Users\admin\.katalon\packages\KS-10.1.0\plugins\com.networknt.json-schema-validator_1.0.66.jar;C:\Users\admin\.katalon\packages\KS-10.1.0\plugins\com.kms.katalon.network.apache_1.0.0.202501201829.jar;C:\Users\admin\.katalon\packages\KS-10.1.0\plugins\java-dataloader_3.3.0.jar;C:\Users\admin\.katalon\packages\KS-10.1.0\plugins\org.apache.commons.logging_1.2.0.v20180409-1502.jar;C:\Users\admin\.katalon\packages\KS-10.1.0\plugins\org.hamcrest.core_1.3.0.v20180420-1519.jar;C:\Users\admin\.katalon\packages\KS-10.1.0\plugins\org.beanshell.bsh_2.0.0.0b4.jar;C:\Users\admin\.katalon\packages\KS-10.1.0\plugins\org.apache.ant.launcher_1.9.6.jar;C:\Users\admin\.katalon\packages\KS-10.1.0\plugins\com.kms.katalon.core.appium_1.0.0.202501201829.jar;C:\Users\admin\.katalon\packages\KS-10.1.0\plugins\com.kms.katalon.api_1.0.0.202501201829.jar;C:\Users\admin\.katalon\packages\KS-10.1.0\plugins\org.eclipse.equinox.common_3.17.100.v20230202-1341.jar;C:\Users\admin\.katalon\packages\KS-10.1.0\plugins\com.kms.katalon.platform.core_1.0.0.202501201829.jar;C:\Users\admin\.katalon\packages\KS-10.1.0\plugins\com.kms.katalon.common_1.0.0.202501201829.jar;C:\Users\admin\.katalon\packages\KS-10.1.0\plugins\com.kms.katalon.session.core_1.0.0.202501201829.jar;C:\Users\admin\.katalon\packages\KS-10.1.0\plugins\org.eclipse.e4.core.contexts_1.11.0.v20220716-0839.jar;C:\Users\admin\.katalon\packages\KS-10.1.0\plugins\javax.inject_1.0.0.v20220405-0441.jar;C:\Users\admin\.katalon\packages\KS-10.1.0\plugins\org.eclipse.e4.core.di_1.8.300.v20220817-1539.jar;C:\Users\admin\.katalon\packages\KS-10.1.0\plugins\com.kms.katalon.network.core_1.0.0.202501201829.jar;C:\Users\admin\.katalon\packages\KS-10.1.0\plugins\com.kms.katalon.execution.core_1.0.0.202501201829.jar;C:\Users\admin\.katalon\packages\KS-10.1.0\plugins\org.eclipse.equinox.registry_3.11.200.v20220817-1601.jar;C:\Users\admin\.katalon\packages\KS-10.1.0\plugins\dev.failsafe_3.3.2.jar;C:\Users\admin\.katalon\packages\KS-10.1.0\plugins\com.fasterxml.jackson.datatype.jackson-datatype-jsr310_2.17.2.jar;C:\Users\admin\.katalon\packages\KS-10.1.0\plugins\org.eclipse.e4.core.di.annotations_1.7.200.v20220613-1008.jar;C:\Users\admin\.katalon\packages\KS-10.1.0\plugins\com.kms.katalon.core.webui_1.0.0.202501201829.jar;C:\Users\admin\.katalon\packages\KS-10.1.0\plugins\org.eclipse.e4.core.services_2.3.400.v20220915-1347.jar;C:\Users\admin\.katalon\packages\KS-10.1.0\plugins\com.kms.katalon.core.mobile_1.0.0.202501201829.jar;C:\Users\admin\.katalon\packages\KS-10.1.0\plugins\org.apache.commons.commons-validator_1.7.0.jar;C:\Users\admin\.katalon\packages\KS-10.1.0\plugins\com.kms.katalon.core.cucumber_1.0.0.202501201829.jar;C:\Users\admin\.katalon\packages\KS-10.1.0\plugins\io.cucumber.core_3.0.3.jar;C:\Users\admin\.katalon\packages\KS-10.1.0\plugins\io.cucumber.datatable_1.1.15.jar;C:\Users\admin\.katalon\packages\KS-10.1.0\plugins\io.cucumber.datatable-dependencies_1.1.15.jar;C:\Users\admin\.katalon\packages\KS-10.1.0\plugins\io.cucumber.expressions_5.0.19.jar;C:\Users\admin\.katalon\packages\KS-10.1.0\plugins\io.cucumber.gherkin_5.0.0.jar;C:\Users\admin\.katalon\packages\KS-10.1.0\plugins\io.cucumber.html_0.2.7.jar;C:\Users\admin\.katalon\packages\KS-10.1.0\plugins\io.cucumber.java_3.0.3.jar;C:\Users\admin\.katalon\packages\KS-10.1.0\plugins\io.cucumber.tag-expressions_1.1.1.jar;C:\Users\admin\.katalon\packages\KS-10.1.0\plugins\io.cucumber.junit_3.0.3.jar;C:\Users\admin\.katalon\packages\KS-10.1.0\plugins\com.kms.katalon.core.webservice_1.0.0.202501201829.jar;C:\Users\admin\.katalon\packages\KS-10.1.0\plugins\wsdl4j_1.6.2.jar;C:\Users\admin\.katalon\packages\KS-10.1.0\plugins\com.google.oauth-client.google-oauth-client_1.22.0.jar;C:\Users\admin\.katalon\packages\KS-10.1.0\plugins\com.google.http-client.google-http-client_1.22.0.jar;C:\Users\admin\.katalon\packages\KS-10.1.0\plugins\com.kms.katalon.preferences_1.0.0.202501201829.jar;C:\Users\admin\.katalon\packages\KS-10.1.0\plugins\org.apache.xmlbeans_3.1.0.jar;C:\Users\admin\.katalon\packages\KS-10.1.0\plugins\com.kms.katalon.entity_1.0.0.202501201829.jar;C:\Users\admin\.katalon\packages\KS-10.1.0\plugins\jakarta.xml.ws-api_2.3.3.jar;C:\Users\admin\.katalon\packages\KS-10.1.0\plugins\javax.xml.soap-api_1.4.0.jar;C:\Users\admin\.katalon\packages\KS-10.1.0\plugins\com.atlassian.oai.swagger-request-validator-core_2.38.0.jar;C:\Users\admin\.katalon\packages\KS-10.1.0\plugins\io.swagger.compat-spec-parser_1.0.67.jar;C:\Users\admin\.katalon\packages\KS-10.1.0\plugins\io.swagger.core.v3.swagger-annotations_2.2.14.jar;C:\Users\admin\.katalon\packages\KS-10.1.0\plugins\io.swagger.core.v3.swagger-core_2.2.14.jar;C:\Users\admin\.katalon\packages\KS-10.1.0\plugins\io.swagger.core.v3.swagger-models_2.2.14.jar;C:\Users\admin\.katalon\packages\KS-10.1.0\plugins\io.swagger.parser.v3.swagger-parser-core_2.1.16.jar;C:\Users\admin\.katalon\packages\KS-10.1.0\plugins\io.swagger.parser.v3.swagger-parser-v2-converter_2.1.16.jar;C:\Users\admin\.katalon\packages\KS-10.1.0\plugins\com.github.java-json-tools.btf_1.3.0.jar;C:\Users\admin\.katalon\packages\KS-10.1.0\plugins\com.fasterxml.jackson.dataformat.jackson-dataformat-yaml_2.17.1.jar;C:\Users\admin\.katalon\packages\KS-10.1.0\plugins\org.yaml.snakeyaml_2.2.0.jar;C:\Users\admin\.katalon\packages\KS-10.1.0\plugins\com.github.java-json-tools.msg-simple_1.2.0.jar;C:\Users\admin\.katalon\packages\KS-10.1.0\plugins\jackson-core-asl_1.9.13.jar;C:\Users\admin\.katalon\packages\KS-10.1.0\plugins\joda-time_2.10.5.jar;C:\Users\admin\.katalon\packages\KS-10.1.0\plugins\javax.mail-api_1.6.2.jar;C:\Users\admin\.katalon\packages\KS-10.1.0\plugins\com.googlecode.libphonenumber_8.11.1.jar;C:\Users\admin\.katalon\packages\KS-10.1.0\plugins\com.google.guava.failureaccess_1.0.1.jar;C:\Users\admin\.katalon\packages\KS-10.1.0\plugins\io.swagger.parser.v3.swagger-parser_2.1.16.jar;C:\Users\admin\.katalon\packages\KS-10.1.0\plugins\io.swagger.parser.v3.swagger-parser-v3_2.1.16.jar;C:\Users\admin\.katalon\packages\KS-10.1.0\plugins\io.swagger.parser_1.0.67.jar;C:\Users\admin\.katalon\packages\KS-10.1.0\plugins\com.narupley.not-going-to-be-commons-ssl_0.3.20.jar;C:\Users\admin\.katalon\packages\KS-10.1.0\plugins\com.kms.katalon.core.windows_1.0.0.202501201829.jar;C:\Users\admin\.katalon\packages\KS-10.1.0\plugins\com.sun.jna_5.13.0.jar;C:\Users\admin\.katalon\packages\KS-10.1.0\plugins\com.sun.jna.platform_5.13.0.jar;C:\Users\admin\.katalon\packages\KS-10.1.0\plugins\com.kms.katalon.core.testng_1.0.0.202501201829.jar;C:\Users\admin\.katalon\packages\KS-10.1.0\configuration\org.eclipse.osgi\33\0\.cp\resources\basic-report\katalon-studio-report-plugin.jar;C:\Users\admin\.katalon\packages\KS-10.1.0\plugins\org.codehaus.groovy_3.0.17.v202303311542-e2303\lib\groovy-3.0.17-indy.jar;C:\Users\admin\.katalon\packages\KS-10.1.0\plugins\org.codehaus.groovy_3.0.17.v202303311542-e2303\lib\ivy-2.5.1.jar --main groovy.ui.GroovyMain --encoding UTF-8 --indy C:\Users\admin\Documents\VestdApp-TestAutomation Katalon\Vestd QA Test Automation\Libs\TempTestCase1748530618351.groovy

Host: Intel(R) Core(TM) i5-1035G1 CPU @ 1.00GHz, 8 cores, 7G,  Windows 11 , 64 bit Build 26100 (10.0.26100.3912)
Time: Thu May 29 15:57:16 2025 GMT Summer Time elapsed time: 14.110578 seconds (0d 0h 0m 14s)

---------------  T H R E A D  ---------------

Current thread (0x00000258594f5000):  JavaThread "C2 CompilerThread2" daemon [_thread_in_native, id=39564, stack(0x000000dc43200000,0x000000dc43300000)]


Current CompileTask:
C2:  14110 1845       4       jdk.internal.jimage.ImageLocation::getFullName (109 bytes)

Stack: [0x000000dc43200000,0x000000dc43300000]
Native frames: (J=compiled Java code, j=interpreted, Vv=VM code, C=native code)
V  [jvm.dll+0x682a19]
V  [jvm.dll+0x839538]
V  [jvm.dll+0x83afe3]
V  [jvm.dll+0x83b653]
V  [jvm.dll+0x24704f]
V  [jvm.dll+0xace34]
V  [jvm.dll+0xad4cc]
V  [jvm.dll+0x36592f]
V  [jvm.dll+0x32fbd8]
V  [jvm.dll+0x32f05a]
V  [jvm.dll+0x21804f]
V  [jvm.dll+0x21748f]
V  [jvm.dll+0x1a3070]
V  [jvm.dll+0x22788c]
V  [jvm.dll+0x2259eb]
V  [jvm.dll+0x7eec98]
V  [jvm.dll+0x7e8ffc]
V  [jvm.dll+0x6818f7]
C  [ucrtbase.dll+0x37b0]
C  [KERNEL32.DLL+0x2e8d7]
C  [ntdll.dll+0x9c5dc]


---------------  P R O C E S S  ---------------

Threads class SMR info:
_java_thread_list=0x00000258591b70b0, length=14, elements={
0x0000025838554230, 0x00000258524e9660, 0x00000258524ea720, 0x000002585250f250,
0x0000025852510980, 0x00000258525120b0, 0x0000025852519350, 0x0000025852526a60,
0x0000025852529ef0, 0x0000025852532fd0, 0x00000258526c3390, 0x000002585766a540,
0x0000025858c2d720, 0x00000258594f5000
}

Java Threads: ( => current thread )
  0x0000025838554230 JavaThread "main" [_thread_in_vm, id=41360, stack(0x000000dc41a00000,0x000000dc41b00000)]
  0x00000258524e9660 JavaThread "Reference Handler" daemon [_thread_blocked, id=41980, stack(0x000000dc42100000,0x000000dc42200000)]
  0x00000258524ea720 JavaThread "Finalizer" daemon [_thread_blocked, id=40068, stack(0x000000dc42200000,0x000000dc42300000)]
  0x000002585250f250 JavaThread "Signal Dispatcher" daemon [_thread_blocked, id=40940, stack(0x000000dc42300000,0x000000dc42400000)]
  0x0000025852510980 JavaThread "Attach Listener" daemon [_thread_blocked, id=38880, stack(0x000000dc42400000,0x000000dc42500000)]
  0x00000258525120b0 JavaThread "Service Thread" daemon [_thread_blocked, id=38168, stack(0x000000dc42500000,0x000000dc42600000)]
  0x0000025852519350 JavaThread "Monitor Deflation Thread" daemon [_thread_blocked, id=41144, stack(0x000000dc42600000,0x000000dc42700000)]
  0x0000025852526a60 JavaThread "C2 CompilerThread0" daemon [_thread_in_native, id=40076, stack(0x000000dc42700000,0x000000dc42800000)]
  0x0000025852529ef0 JavaThread "C1 CompilerThread0" daemon [_thread_blocked, id=40828, stack(0x000000dc42800000,0x000000dc42900000)]
  0x0000025852532fd0 JavaThread "Sweeper thread" daemon [_thread_blocked, id=40188, stack(0x000000dc42900000,0x000000dc42a00000)]
  0x00000258526c3390 JavaThread "Common-Cleaner" daemon [_thread_blocked, id=40124, stack(0x000000dc42a00000,0x000000dc42b00000)]
  0x000002585766a540 JavaThread "Notification Thread" daemon [_thread_blocked, id=40624, stack(0x000000dc42c00000,0x000000dc42d00000)]
  0x0000025858c2d720 JavaThread "C2 CompilerThread1" daemon [_thread_in_native, id=40368, stack(0x000000dc43100000,0x000000dc43200000)]
=>0x00000258594f5000 JavaThread "C2 CompilerThread2" daemon [_thread_in_native, id=39564, stack(0x000000dc43200000,0x000000dc43300000)]

Other Threads:
  0x00000258524c19f0 VMThread "VM Thread" [stack: 0x000000dc42000000,0x000000dc42100000] [id=40520]
  0x0000025857d71d60 WatcherThread [stack: 0x000000dc42d00000,0x000000dc42e00000] [id=30780]
  0x00000258385b42b0 GCTaskThread "GC Thread#0" [stack: 0x000000dc41b00000,0x000000dc41c00000] [id=39472]
  0x00000258581df4e0 GCTaskThread "GC Thread#1" [stack: 0x000000dc42e00000,0x000000dc42f00000] [id=38580]
  0x0000025857c9d270 GCTaskThread "GC Thread#2" [stack: 0x000000dc42f00000,0x000000dc43000000] [id=39296]
  0x0000025857f4f0d0 GCTaskThread "GC Thread#3" [stack: 0x000000dc42b00000,0x000000dc42c00000] [id=37376]
  0x00000258527400c0 GCTaskThread "GC Thread#4" [stack: 0x000000dc43000000,0x000000dc43100000] [id=38068]
  0x00000258385c5200 ConcurrentGCThread "G1 Main Marker" [stack: 0x000000dc41c00000,0x000000dc41d00000] [id=40436]
  0x00000258385c5c20 ConcurrentGCThread "G1 Conc#0" [stack: 0x000000dc41d00000,0x000000dc41e00000] [id=41480]
  0x0000025851ed1c50 ConcurrentGCThread "G1 Refine#0" [stack: 0x000000dc41e00000,0x000000dc41f00000] [id=41672]
  0x0000025851ed2520 ConcurrentGCThread "G1 Service" [stack: 0x000000dc41f00000,0x000000dc42000000] [id=39596]

Threads with active compile tasks:
C2 CompilerThread0    18186 1963 %     4       jdk.internal.loader.URLClassPath::getResource @ 39 (74 bytes)
C2 CompilerThread1    18186 1848       4       java.util.regex.Pattern::split (288 bytes)
C2 CompilerThread2    18186 1845       4       jdk.internal.jimage.ImageLocation::getFullName (109 bytes)

VM state: not at safepoint (normal execution)

VM Mutex/Monitor currently owned by a thread: None

Heap address: 0x0000000080000000, size: 2048 MB, Compressed Oops mode: 32-bit

CDS archive(s) not mapped
Compressed class space mapped at: 0x0000000100000000-0x0000000140000000, reserved size: 1073741824
Narrow klass base: 0x0000000000000000, Narrow klass shift: 3, Narrow klass range: 0x140000000

GC Precious Log:
 CPUs: 8 total, 8 available
 Memory: 7932M
 Large Page Support: Disabled
 NUMA Support: Disabled
 Compressed Oops: Enabled (32-bit)
 Heap Region Size: 1M
 Heap Min Capacity: 8M
 Heap Initial Capacity: 124M
 Heap Max Capacity: 2G
 Pre-touch: Disabled
 Parallel Workers: 8
 Concurrent Workers: 2
 Concurrent Refinement Workers: 8
 Periodic GC: Disabled

Heap:
 garbage-first heap   total 126976K, used 60072K [0x0000000080000000, 0x0000000100000000)
  region size 1024K, 42 young (43008K), 2 survivors (2048K)
 Metaspace       used 17533K, committed 17792K, reserved 1114112K
  class space    used 1636K, committed 1792K, reserved 1048576K

Heap Regions: E=young(eden), S=young(survivor), O=old, HS=humongous(starts), HC=humongous(continues), CS=collection set, F=free, OA=open archive, CA=closed archive, TAMS=top-at-mark-start (previous, next)
|   0|0x0000000080000000, 0x0000000080100000, 0x0000000080100000|100%|HS|  |TAMS 0x0000000080000000, 0x0000000080000000| Complete 
|   1|0x0000000080100000, 0x0000000080200000, 0x0000000080200000|100%|HS|  |TAMS 0x0000000080100000, 0x0000000080100000| Complete 
|   2|0x0000000080200000, 0x0000000080300000, 0x0000000080300000|100%|HC|  |TAMS 0x0000000080200000, 0x0000000080200000| Complete 
|   3|0x0000000080300000, 0x0000000080400000, 0x0000000080400000|100%|HC|  |TAMS 0x0000000080300000, 0x0000000080300000| Complete 
|   4|0x0000000080400000, 0x0000000080500000, 0x0000000080500000|100%|HS|  |TAMS 0x0000000080400000, 0x0000000080400000| Complete 
|   5|0x0000000080500000, 0x0000000080600000, 0x0000000080600000|100%| O|  |TAMS 0x0000000080500000, 0x0000000080500000| Untracked 
|   6|0x0000000080600000, 0x0000000080700000, 0x0000000080700000|100%| O|  |TAMS 0x0000000080600000, 0x0000000080600000| Untracked 
|   7|0x0000000080700000, 0x0000000080800000, 0x0000000080800000|100%| O|  |TAMS 0x0000000080700000, 0x0000000080700000| Untracked 
|   8|0x0000000080800000, 0x0000000080900000, 0x0000000080900000|100%| O|  |TAMS 0x0000000080800000, 0x0000000080800000| Untracked 
|   9|0x0000000080900000, 0x0000000080a00000, 0x0000000080a00000|100%| O|  |TAMS 0x0000000080900000, 0x0000000080900000| Untracked 
|  10|0x0000000080a00000, 0x0000000080b00000, 0x0000000080b00000|100%| O|  |TAMS 0x0000000080a00000, 0x0000000080a00000| Untracked 
|  11|0x0000000080b00000, 0x0000000080c00000, 0x0000000080c00000|100%| O|  |TAMS 0x0000000080b00000, 0x0000000080b00000| Untracked 
|  12|0x0000000080c00000, 0x0000000080d00000, 0x0000000080d00000|100%| O|  |TAMS 0x0000000080c00000, 0x0000000080c00000| Untracked 
|  13|0x0000000080d00000, 0x0000000080e00000, 0x0000000080e00000|100%| O|  |TAMS 0x0000000080d00000, 0x0000000080d00000| Untracked 
|  14|0x0000000080e00000, 0x0000000080f00000, 0x0000000080f00000|100%| O|  |TAMS 0x0000000080e00000, 0x0000000080e00000| Untracked 
|  15|0x0000000080f00000, 0x0000000081000000, 0x0000000081000000|100%| O|  |TAMS 0x0000000080f00000, 0x0000000080f00000| Untracked 
|  16|0x0000000081000000, 0x0000000081100000, 0x0000000081100000|100%| O|  |TAMS 0x0000000081000000, 0x0000000081000000| Untracked 
|  17|0x0000000081100000, 0x0000000081200000, 0x0000000081200000|100%| O|  |TAMS 0x0000000081100000, 0x0000000081100000| Untracked 
|  18|0x0000000081200000, 0x0000000081200000, 0x0000000081300000|  0%| F|  |TAMS 0x0000000081200000, 0x0000000081200000| Untracked 
|  19|0x0000000081300000, 0x0000000081300000, 0x0000000081400000|  0%| F|  |TAMS 0x0000000081300000, 0x0000000081300000| Untracked 
|  20|0x0000000081400000, 0x0000000081400000, 0x0000000081500000|  0%| F|  |TAMS 0x0000000081400000, 0x0000000081400000| Untracked 
|  21|0x0000000081500000, 0x0000000081500000, 0x0000000081600000|  0%| F|  |TAMS 0x0000000081500000, 0x0000000081500000| Untracked 
|  22|0x0000000081600000, 0x0000000081600000, 0x0000000081700000|  0%| F|  |TAMS 0x0000000081600000, 0x0000000081600000| Untracked 
|  23|0x0000000081700000, 0x0000000081700000, 0x0000000081800000|  0%| F|  |TAMS 0x0000000081700000, 0x0000000081700000| Untracked 
|  24|0x0000000081800000, 0x0000000081800000, 0x0000000081900000|  0%| F|  |TAMS 0x0000000081800000, 0x0000000081800000| Untracked 
|  25|0x0000000081900000, 0x0000000081900000, 0x0000000081a00000|  0%| F|  |TAMS 0x0000000081900000, 0x0000000081900000| Untracked 
|  26|0x0000000081a00000, 0x0000000081a00000, 0x0000000081b00000|  0%| F|  |TAMS 0x0000000081a00000, 0x0000000081a00000| Untracked 
|  27|0x0000000081b00000, 0x0000000081b00000, 0x0000000081c00000|  0%| F|  |TAMS 0x0000000081b00000, 0x0000000081b00000| Untracked 
|  28|0x0000000081c00000, 0x0000000081c00000, 0x0000000081d00000|  0%| F|  |TAMS 0x0000000081c00000, 0x0000000081c00000| Untracked 
|  29|0x0000000081d00000, 0x0000000081d00000, 0x0000000081e00000|  0%| F|  |TAMS 0x0000000081d00000, 0x0000000081d00000| Untracked 
|  30|0x0000000081e00000, 0x0000000081e00000, 0x0000000081f00000|  0%| F|  |TAMS 0x0000000081e00000, 0x0000000081e00000| Untracked 
|  31|0x0000000081f00000, 0x0000000081f00000, 0x0000000082000000|  0%| F|  |TAMS 0x0000000081f00000, 0x0000000081f00000| Untracked 
|  32|0x0000000082000000, 0x0000000082000000, 0x0000000082100000|  0%| F|  |TAMS 0x0000000082000000, 0x0000000082000000| Untracked 
|  33|0x0000000082100000, 0x0000000082100000, 0x0000000082200000|  0%| F|  |TAMS 0x0000000082100000, 0x0000000082100000| Untracked 
|  34|0x0000000082200000, 0x0000000082200000, 0x0000000082300000|  0%| F|  |TAMS 0x0000000082200000, 0x0000000082200000| Untracked 
|  35|0x0000000082300000, 0x0000000082300000, 0x0000000082400000|  0%| F|  |TAMS 0x0000000082300000, 0x0000000082300000| Untracked 
|  36|0x0000000082400000, 0x0000000082400000, 0x0000000082500000|  0%| F|  |TAMS 0x0000000082400000, 0x0000000082400000| Untracked 
|  37|0x0000000082500000, 0x0000000082500000, 0x0000000082600000|  0%| F|  |TAMS 0x0000000082500000, 0x0000000082500000| Untracked 
|  38|0x0000000082600000, 0x0000000082600000, 0x0000000082700000|  0%| F|  |TAMS 0x0000000082600000, 0x0000000082600000| Untracked 
|  39|0x0000000082700000, 0x0000000082700000, 0x0000000082800000|  0%| F|  |TAMS 0x0000000082700000, 0x0000000082700000| Untracked 
|  40|0x0000000082800000, 0x0000000082800000, 0x0000000082900000|  0%| F|  |TAMS 0x0000000082800000, 0x0000000082800000| Untracked 
|  41|0x0000000082900000, 0x0000000082900000, 0x0000000082a00000|  0%| F|  |TAMS 0x0000000082900000, 0x0000000082900000| Untracked 
|  42|0x0000000082a00000, 0x0000000082a00000, 0x0000000082b00000|  0%| F|  |TAMS 0x0000000082a00000, 0x0000000082a00000| Untracked 
|  43|0x0000000082b00000, 0x0000000082b00000, 0x0000000082c00000|  0%| F|  |TAMS 0x0000000082b00000, 0x0000000082b00000| Untracked 
|  44|0x0000000082c00000, 0x0000000082c00000, 0x0000000082d00000|  0%| F|  |TAMS 0x0000000082c00000, 0x0000000082c00000| Untracked 
|  45|0x0000000082d00000, 0x0000000082d00000, 0x0000000082e00000|  0%| F|  |TAMS 0x0000000082d00000, 0x0000000082d00000| Untracked 
|  46|0x0000000082e00000, 0x0000000082e00000, 0x0000000082f00000|  0%| F|  |TAMS 0x0000000082e00000, 0x0000000082e00000| Untracked 
|  47|0x0000000082f00000, 0x0000000082f00000, 0x0000000083000000|  0%| F|  |TAMS 0x0000000082f00000, 0x0000000082f00000| Untracked 
|  48|0x0000000083000000, 0x0000000083000000, 0x0000000083100000|  0%| F|  |TAMS 0x0000000083000000, 0x0000000083000000| Untracked 
|  49|0x0000000083100000, 0x0000000083100000, 0x0000000083200000|  0%| F|  |TAMS 0x0000000083100000, 0x0000000083100000| Untracked 
|  50|0x0000000083200000, 0x0000000083200000, 0x0000000083300000|  0%| F|  |TAMS 0x0000000083200000, 0x0000000083200000| Untracked 
|  51|0x0000000083300000, 0x0000000083300000, 0x0000000083400000|  0%| F|  |TAMS 0x0000000083300000, 0x0000000083300000| Untracked 
|  52|0x0000000083400000, 0x0000000083400000, 0x0000000083500000|  0%| F|  |TAMS 0x0000000083400000, 0x0000000083400000| Untracked 
|  53|0x0000000083500000, 0x0000000083500000, 0x0000000083600000|  0%| F|  |TAMS 0x0000000083500000, 0x0000000083500000| Untracked 
|  54|0x0000000083600000, 0x0000000083600000, 0x0000000083700000|  0%| F|  |TAMS 0x0000000083600000, 0x0000000083600000| Untracked 
|  55|0x0000000083700000, 0x0000000083700000, 0x0000000083800000|  0%| F|  |TAMS 0x0000000083700000, 0x0000000083700000| Untracked 
|  56|0x0000000083800000, 0x0000000083800000, 0x0000000083900000|  0%| F|  |TAMS 0x0000000083800000, 0x0000000083800000| Untracked 
|  57|0x0000000083900000, 0x0000000083900000, 0x0000000083a00000|  0%| F|  |TAMS 0x0000000083900000, 0x0000000083900000| Untracked 
|  58|0x0000000083a00000, 0x0000000083a00000, 0x0000000083b00000|  0%| F|  |TAMS 0x0000000083a00000, 0x0000000083a00000| Untracked 
|  59|0x0000000083b00000, 0x0000000083b00000, 0x0000000083c00000|  0%| F|  |TAMS 0x0000000083b00000, 0x0000000083b00000| Untracked 
|  60|0x0000000083c00000, 0x0000000083c00000, 0x0000000083d00000|  0%| F|  |TAMS 0x0000000083c00000, 0x0000000083c00000| Untracked 
|  61|0x0000000083d00000, 0x0000000083d00000, 0x0000000083e00000|  0%| F|  |TAMS 0x0000000083d00000, 0x0000000083d00000| Untracked 
|  62|0x0000000083e00000, 0x0000000083e00000, 0x0000000083f00000|  0%| F|  |TAMS 0x0000000083e00000, 0x0000000083e00000| Untracked 
|  63|0x0000000083f00000, 0x0000000083f00000, 0x0000000084000000|  0%| F|  |TAMS 0x0000000083f00000, 0x0000000083f00000| Untracked 
|  64|0x0000000084000000, 0x0000000084000000, 0x0000000084100000|  0%| F|  |TAMS 0x0000000084000000, 0x0000000084000000| Untracked 
|  65|0x0000000084100000, 0x0000000084100000, 0x0000000084200000|  0%| F|  |TAMS 0x0000000084100000, 0x0000000084100000| Untracked 
|  66|0x0000000084200000, 0x0000000084200000, 0x0000000084300000|  0%| F|  |TAMS 0x0000000084200000, 0x0000000084200000| Untracked 
|  67|0x0000000084300000, 0x0000000084300000, 0x0000000084400000|  0%| F|  |TAMS 0x0000000084300000, 0x0000000084300000| Untracked 
|  68|0x0000000084400000, 0x0000000084400000, 0x0000000084500000|  0%| F|  |TAMS 0x0000000084400000, 0x0000000084400000| Untracked 
|  69|0x0000000084500000, 0x0000000084500000, 0x0000000084600000|  0%| F|  |TAMS 0x0000000084500000, 0x0000000084500000| Untracked 
|  70|0x0000000084600000, 0x0000000084600000, 0x0000000084700000|  0%| F|  |TAMS 0x0000000084600000, 0x0000000084600000| Untracked 
|  71|0x0000000084700000, 0x0000000084700000, 0x0000000084800000|  0%| F|  |TAMS 0x0000000084700000, 0x0000000084700000| Untracked 
|  72|0x0000000084800000, 0x0000000084800000, 0x0000000084900000|  0%| F|  |TAMS 0x0000000084800000, 0x0000000084800000| Untracked 
|  73|0x0000000084900000, 0x0000000084900000, 0x0000000084a00000|  0%| F|  |TAMS 0x0000000084900000, 0x0000000084900000| Untracked 
|  74|0x0000000084a00000, 0x0000000084a00000, 0x0000000084b00000|  0%| F|  |TAMS 0x0000000084a00000, 0x0000000084a00000| Untracked 
|  75|0x0000000084b00000, 0x0000000084b00000, 0x0000000084c00000|  0%| F|  |TAMS 0x0000000084b00000, 0x0000000084b00000| Untracked 
|  76|0x0000000084c00000, 0x0000000084c00000, 0x0000000084d00000|  0%| F|  |TAMS 0x0000000084c00000, 0x0000000084c00000| Untracked 
|  77|0x0000000084d00000, 0x0000000084d00000, 0x0000000084e00000|  0%| F|  |TAMS 0x0000000084d00000, 0x0000000084d00000| Untracked 
|  78|0x0000000084e00000, 0x0000000084e00000, 0x0000000084f00000|  0%| F|  |TAMS 0x0000000084e00000, 0x0000000084e00000| Untracked 
|  79|0x0000000084f00000, 0x0000000084f00000, 0x0000000085000000|  0%| F|  |TAMS 0x0000000084f00000, 0x0000000084f00000| Untracked 
|  80|0x0000000085000000, 0x0000000085000000, 0x0000000085100000|  0%| F|  |TAMS 0x0000000085000000, 0x0000000085000000| Untracked 
|  81|0x0000000085100000, 0x0000000085100000, 0x0000000085200000|  0%| F|  |TAMS 0x0000000085100000, 0x0000000085100000| Untracked 
|  82|0x0000000085200000, 0x0000000085280000, 0x0000000085300000| 50%| E|  |TAMS 0x0000000085200000, 0x0000000085200000| Complete 
|  83|0x0000000085300000, 0x0000000085400000, 0x0000000085400000|100%| E|CS|TAMS 0x0000000085300000, 0x0000000085300000| Complete 
|  84|0x0000000085400000, 0x0000000085500000, 0x0000000085500000|100%| E|CS|TAMS 0x0000000085400000, 0x0000000085400000| Complete 
|  85|0x0000000085500000, 0x0000000085600000, 0x0000000085600000|100%| E|CS|TAMS 0x0000000085500000, 0x0000000085500000| Complete 
|  86|0x0000000085600000, 0x0000000085700000, 0x0000000085700000|100%| E|CS|TAMS 0x0000000085600000, 0x0000000085600000| Complete 
|  87|0x0000000085700000, 0x0000000085800000, 0x0000000085800000|100%| E|CS|TAMS 0x0000000085700000, 0x0000000085700000| Complete 
|  88|0x0000000085800000, 0x0000000085900000, 0x0000000085900000|100%| E|CS|TAMS 0x0000000085800000, 0x0000000085800000| Complete 
|  89|0x0000000085900000, 0x0000000085a00000, 0x0000000085a00000|100%| E|CS|TAMS 0x0000000085900000, 0x0000000085900000| Complete 
|  90|0x0000000085a00000, 0x0000000085b00000, 0x0000000085b00000|100%| E|CS|TAMS 0x0000000085a00000, 0x0000000085a00000| Complete 
|  91|0x0000000085b00000, 0x0000000085c00000, 0x0000000085c00000|100%| E|CS|TAMS 0x0000000085b00000, 0x0000000085b00000| Complete 
|  92|0x0000000085c00000, 0x0000000085d00000, 0x0000000085d00000|100%| E|CS|TAMS 0x0000000085c00000, 0x0000000085c00000| Complete 
|  93|0x0000000085d00000, 0x0000000085e00000, 0x0000000085e00000|100%| E|CS|TAMS 0x0000000085d00000, 0x0000000085d00000| Complete 
|  94|0x0000000085e00000, 0x0000000085f00000, 0x0000000085f00000|100%| E|CS|TAMS 0x0000000085e00000, 0x0000000085e00000| Complete 
|  95|0x0000000085f00000, 0x0000000086000000, 0x0000000086000000|100%| E|CS|TAMS 0x0000000085f00000, 0x0000000085f00000| Complete 
|  96|0x0000000086000000, 0x0000000086100000, 0x0000000086100000|100%| E|CS|TAMS 0x0000000086000000, 0x0000000086000000| Complete 
|  97|0x0000000086100000, 0x0000000086200000, 0x0000000086200000|100%| E|CS|TAMS 0x0000000086100000, 0x0000000086100000| Complete 
|  98|0x0000000086200000, 0x0000000086300000, 0x0000000086300000|100%| E|CS|TAMS 0x0000000086200000, 0x0000000086200000| Complete 
|  99|0x0000000086300000, 0x0000000086400000, 0x0000000086400000|100%| E|CS|TAMS 0x0000000086300000, 0x0000000086300000| Complete 
| 100|0x0000000086400000, 0x0000000086500000, 0x0000000086500000|100%| E|CS|TAMS 0x0000000086400000, 0x0000000086400000| Complete 
| 101|0x0000000086500000, 0x0000000086600000, 0x0000000086600000|100%| E|CS|TAMS 0x0000000086500000, 0x0000000086500000| Complete 
| 102|0x0000000086600000, 0x0000000086700000, 0x0000000086700000|100%| E|CS|TAMS 0x0000000086600000, 0x0000000086600000| Complete 
| 103|0x0000000086700000, 0x0000000086800000, 0x0000000086800000|100%| E|CS|TAMS 0x0000000086700000, 0x0000000086700000| Complete 
| 104|0x0000000086800000, 0x00000000868aa3c0, 0x0000000086900000| 66%| S|CS|TAMS 0x0000000086800000, 0x0000000086800000| Complete 
| 105|0x0000000086900000, 0x0000000086a00000, 0x0000000086a00000|100%| S|CS|TAMS 0x0000000086900000, 0x0000000086900000| Complete 
| 106|0x0000000086a00000, 0x0000000086b00000, 0x0000000086b00000|100%| E|CS|TAMS 0x0000000086a00000, 0x0000000086a00000| Complete 
| 107|0x0000000086b00000, 0x0000000086c00000, 0x0000000086c00000|100%| E|CS|TAMS 0x0000000086b00000, 0x0000000086b00000| Complete 
| 108|0x0000000086c00000, 0x0000000086d00000, 0x0000000086d00000|100%| E|CS|TAMS 0x0000000086c00000, 0x0000000086c00000| Complete 
| 109|0x0000000086d00000, 0x0000000086e00000, 0x0000000086e00000|100%| E|CS|TAMS 0x0000000086d00000, 0x0000000086d00000| Complete 
| 110|0x0000000086e00000, 0x0000000086f00000, 0x0000000086f00000|100%| E|CS|TAMS 0x0000000086e00000, 0x0000000086e00000| Complete 
| 111|0x0000000086f00000, 0x0000000087000000, 0x0000000087000000|100%| E|CS|TAMS 0x0000000086f00000, 0x0000000086f00000| Complete 
| 112|0x0000000087000000, 0x0000000087100000, 0x0000000087100000|100%| E|CS|TAMS 0x0000000087000000, 0x0000000087000000| Complete 
| 113|0x0000000087100000, 0x0000000087200000, 0x0000000087200000|100%| E|CS|TAMS 0x0000000087100000, 0x0000000087100000| Complete 
| 114|0x0000000087200000, 0x0000000087300000, 0x0000000087300000|100%| E|CS|TAMS 0x0000000087200000, 0x0000000087200000| Complete 
| 115|0x0000000087300000, 0x0000000087400000, 0x0000000087400000|100%| E|CS|TAMS 0x0000000087300000, 0x0000000087300000| Complete 
| 116|0x0000000087400000, 0x0000000087500000, 0x0000000087500000|100%| E|CS|TAMS 0x0000000087400000, 0x0000000087400000| Complete 
| 117|0x0000000087500000, 0x0000000087600000, 0x0000000087600000|100%| E|CS|TAMS 0x0000000087500000, 0x0000000087500000| Complete 
| 118|0x0000000087600000, 0x0000000087700000, 0x0000000087700000|100%| E|CS|TAMS 0x0000000087600000, 0x0000000087600000| Complete 
| 119|0x0000000087700000, 0x0000000087800000, 0x0000000087800000|100%| E|CS|TAMS 0x0000000087700000, 0x0000000087700000| Complete 
| 120|0x0000000087800000, 0x0000000087900000, 0x0000000087900000|100%| E|CS|TAMS 0x0000000087800000, 0x0000000087800000| Complete 
| 121|0x0000000087900000, 0x0000000087a00000, 0x0000000087a00000|100%| E|CS|TAMS 0x0000000087900000, 0x0000000087900000| Complete 
| 122|0x0000000087a00000, 0x0000000087b00000, 0x0000000087b00000|100%| E|CS|TAMS 0x0000000087a00000, 0x0000000087a00000| Complete 
| 123|0x0000000087b00000, 0x0000000087c00000, 0x0000000087c00000|100%| E|CS|TAMS 0x0000000087b00000, 0x0000000087b00000| Complete 

Card table byte_map: [0x000002584b220000,0x000002584b620000] _byte_map_base: 0x000002584ae20000

Marking Bits (Prev, Next): (CMBitMap*) 0x00000258385b48d0, (CMBitMap*) 0x00000258385b4910
 Prev Bits: [0x000002584ba20000, 0x000002584da20000)
 Next Bits: [0x000002584da20000, 0x000002584fa20000)

Polling page: 0x0000025836370000

Metaspace:

Usage:
  Non-class:     15.57 MB used.
      Class:      1.61 MB used.
       Both:     17.18 MB used.

Virtual space:
  Non-class space:       64.00 MB reserved,      15.69 MB ( 25%) committed,  1 nodes.
      Class space:        1.00 GB reserved,       1.75 MB ( <1%) committed,  1 nodes.
             Both:        1.06 GB reserved,      17.44 MB (  2%) committed. 

Chunk freelists:
   Non-Class:  144.00 KB
       Class:  14.17 MB
        Both:  14.31 MB

MaxMetaspaceSize: unlimited
CompressedClassSpaceSize: 1.00 GB
Initial GC threshold: 21.00 MB
Current GC threshold: 21.00 MB
CDS: off
MetaspaceReclaimPolicy: balanced
 - commit_granule_bytes: 65536.
 - commit_granule_words: 8192.
 - virtual_space_node_default_size: 8388608.
 - enlarge_chunks_in_place: 1.
 - new_chunks_are_fully_committed: 0.
 - uncommit_free_chunks: 1.
 - use_allocation_guard: 0.
 - handle_deallocations: 1.


Internal statistics:

num_allocs_failed_limit: 0.
num_arena_births: 100.
num_arena_deaths: 0.
num_vsnodes_births: 2.
num_vsnodes_deaths: 0.
num_space_committed: 279.
num_space_uncommitted: 0.
num_chunks_returned_to_freelist: 0.
num_chunks_taken_from_freelist: 344.
num_chunk_merges: 0.
num_chunk_splits: 225.
num_chunks_enlarged: 159.
num_inconsistent_stats: 0.

CodeHeap 'non-profiled nmethods': size=120000Kb used=983Kb max_used=983Kb free=119017Kb
 bounds [0x00000258436d0000, 0x0000025843940000, 0x000002584ac00000]
CodeHeap 'profiled nmethods': size=120000Kb used=3575Kb max_used=3575Kb free=116424Kb
 bounds [0x000002583bc00000, 0x000002583bf80000, 0x0000025843130000]
CodeHeap 'non-nmethods': size=5760Kb used=1510Kb max_used=1532Kb free=4249Kb
 bounds [0x0000025843130000, 0x00000258433a0000, 0x00000258436d0000]
 total_blobs=2476 nmethods=1940 adapters=448
 compilation: enabled
              stopped_count=0, restarted_count=0
 full_count=0

Compilation events (20 events):
Event: 13.089 Thread 0x0000025852526a60 1862       4       java.lang.invoke.Invokers$Holder::linkToTargetMethod (8 bytes)
Event: 13.090 Thread 0x0000025852526a60 nmethod 1862 0x00000258437c4990 code [0x00000258437c4b20, 0x00000258437c4bd8]
Event: 13.090 Thread 0x0000025852526a60 1863       4       java.lang.invoke.LambdaForm$MH/0x00000001000c3400::invoke (8 bytes)
Event: 13.090 Thread 0x0000025852526a60 nmethod 1863 0x00000258437c4d10 code [0x00000258437c4e80, 0x00000258437c4f18]
Event: 13.090 Thread 0x0000025852526a60 1892       4       java.util.AbstractList::<init> (10 bytes)
Event: 13.091 Thread 0x0000025852526a60 nmethod 1892 0x00000258437c5010 code [0x00000258437c5180, 0x00000258437c51f8]
Event: 13.091 Thread 0x0000025852526a60 1885       4       java.util.HashMap$HashMapSpliterator::getFence (53 bytes)
Event: 13.092 Thread 0x0000025852526a60 nmethod 1885 0x00000258437c5310 code [0x00000258437c5480, 0x00000258437c5538]
Event: 13.092 Thread 0x0000025852526a60 1886       4       java.util.HashMap$KeySpliterator::characteristics (30 bytes)
Event: 13.092 Thread 0x0000025852526a60 nmethod 1886 0x00000258437c5610 code [0x00000258437c5780, 0x00000258437c5818]
Event: 13.092 Thread 0x0000025852529ef0 1957       3       jdk.internal.loader.URLClassPath$JarLoader$2::getInputStream (15 bytes)
Event: 13.092 Thread 0x0000025852526a60 1930       4       java.util.Set::of (4 bytes)
Event: 13.093 Thread 0x0000025852529ef0 nmethod 1957 0x000002583bf7a290 code [0x000002583bf7a440, 0x000002583bf7a628]
Event: 13.093 Thread 0x0000025852529ef0 1958   !   3       jdk.internal.loader.Resource::getBytes (244 bytes)
Event: 13.093 Thread 0x0000025852526a60 nmethod 1930 0x00000258437c5910 code [0x00000258437c5a80, 0x00000258437c5ad8]
Event: 13.094 Thread 0x0000025852529ef0 nmethod 1958 0x000002583bf7a710 code [0x000002583bf7aa00, 0x000002583bf7bd88]
Event: 13.094 Thread 0x0000025852529ef0 1959  s    3       jdk.internal.loader.Resource::cachedInputStream (20 bytes)
Event: 13.094 Thread 0x0000025852529ef0 nmethod 1959 0x000002583bf7c610 code [0x000002583bf7c7c0, 0x000002583bf7cae8]
Event: 13.094 Thread 0x0000025852529ef0 1960   !   3       java.util.jar.JarFile$JarFileEntry::getCodeSigners (81 bytes)
Event: 13.095 Thread 0x0000025852529ef0 nmethod 1960 0x000002583bf7cb90 code [0x000002583bf7cda0, 0x000002583bf7d348]

GC Heap History (4 events):
Event: 1.485 GC heap before
{Heap before GC invocations=0 (full 0):
 garbage-first heap   total 126976K, used 27648K [0x0000000080000000, 0x0000000100000000)
  region size 1024K, 23 young (23552K), 0 survivors (0K)
 Metaspace       used 6800K, committed 7040K, reserved 1114112K
  class space    used 522K, committed 640K, reserved 1048576K
}
Event: 1.493 GC heap after
{Heap after GC invocations=1 (full 0):
 garbage-first heap   total 126976K, used 18511K [0x0000000080000000, 0x0000000100000000)
  region size 1024K, 3 young (3072K), 3 survivors (3072K)
 Metaspace       used 6800K, committed 7040K, reserved 1114112K
  class space    used 522K, committed 640K, reserved 1048576K
}
Event: 3.046 GC heap before
{Heap before GC invocations=1 (full 0):
 garbage-first heap   total 126976K, used 35919K [0x0000000080000000, 0x0000000100000000)
  region size 1024K, 21 young (21504K), 3 survivors (3072K)
 Metaspace       used 11254K, committed 11392K, reserved 1114112K
  class space    used 968K, committed 1024K, reserved 1048576K
}
Event: 3.062 GC heap after
{Heap after GC invocations=2 (full 0):
 garbage-first heap   total 126976K, used 20136K [0x0000000080000000, 0x0000000100000000)
  region size 1024K, 2 young (2048K), 2 survivors (2048K)
 Metaspace       used 11254K, committed 11392K, reserved 1114112K
  class space    used 968K, committed 1024K, reserved 1048576K
}

Dll operation events (6 events):
Event: 0.019 Loaded shared library C:\Users\admin\.katalon\packages\KS-10.1.0\jre\bin\java.dll
Event: 0.826 Loaded shared library C:\Users\admin\.katalon\packages\KS-10.1.0\jre\bin\net.dll
Event: 0.828 Loaded shared library C:\Users\admin\.katalon\packages\KS-10.1.0\jre\bin\nio.dll
Event: 0.839 Loaded shared library C:\Users\admin\.katalon\packages\KS-10.1.0\jre\bin\zip.dll
Event: 1.649 Loaded shared library C:\Users\admin\.katalon\packages\KS-10.1.0\jre\bin\verify.dll
Event: 2.494 Loaded shared library C:\Users\admin\.katalon\packages\KS-10.1.0\jre\bin\jimage.dll

Deoptimization events (20 events):
Event: 9.987 Thread 0x0000025838554230 Uncommon trap: trap_request=0xffffffde fr.pc=0x00000258437b6f84 relative=0x00000000000003a4
Event: 9.987 Thread 0x0000025838554230 Uncommon trap: reason=class_check action=maybe_recompile pc=0x00000258437b6f84 method=java.util.regex.Pattern$Start.match(Ljava/util/regex/Matcher;ILjava/lang/CharSequence;)Z @ 44 c2
Event: 9.987 Thread 0x0000025838554230 DEOPT PACKING pc=0x00000258437b6f84 sp=0x000000dc41afcd90
Event: 9.987 Thread 0x0000025838554230 DEOPT UNPACKING pc=0x000002584318a1a3 sp=0x000000dc41afcc58 mode 2
Event: 9.987 Thread 0x0000025838554230 Uncommon trap: trap_request=0xffffffde fr.pc=0x00000258437b6f84 relative=0x00000000000003a4
Event: 9.988 Thread 0x0000025838554230 Uncommon trap: reason=class_check action=maybe_recompile pc=0x00000258437b6f84 method=java.util.regex.Pattern$Start.match(Ljava/util/regex/Matcher;ILjava/lang/CharSequence;)Z @ 44 c2
Event: 9.988 Thread 0x0000025838554230 DEOPT PACKING pc=0x00000258437b6f84 sp=0x000000dc41afcd90
Event: 9.988 Thread 0x0000025838554230 DEOPT UNPACKING pc=0x000002584318a1a3 sp=0x000000dc41afcc58 mode 2
Event: 9.988 Thread 0x0000025838554230 Uncommon trap: trap_request=0xffffffde fr.pc=0x00000258437b6f84 relative=0x00000000000003a4
Event: 9.988 Thread 0x0000025838554230 Uncommon trap: reason=class_check action=maybe_recompile pc=0x00000258437b6f84 method=java.util.regex.Pattern$Start.match(Ljava/util/regex/Matcher;ILjava/lang/CharSequence;)Z @ 44 c2
Event: 9.988 Thread 0x0000025838554230 DEOPT PACKING pc=0x00000258437b6f84 sp=0x000000dc41afcd90
Event: 9.988 Thread 0x0000025838554230 DEOPT UNPACKING pc=0x000002584318a1a3 sp=0x000000dc41afcc58 mode 2
Event: 9.989 Thread 0x0000025838554230 Uncommon trap: trap_request=0xffffffde fr.pc=0x00000258437b6f84 relative=0x00000000000003a4
Event: 9.989 Thread 0x0000025838554230 Uncommon trap: reason=class_check action=maybe_recompile pc=0x00000258437b6f84 method=java.util.regex.Pattern$Start.match(Ljava/util/regex/Matcher;ILjava/lang/CharSequence;)Z @ 44 c2
Event: 9.989 Thread 0x0000025838554230 DEOPT PACKING pc=0x00000258437b6f84 sp=0x000000dc41afcd90
Event: 9.989 Thread 0x0000025838554230 DEOPT UNPACKING pc=0x000002584318a1a3 sp=0x000000dc41afcc58 mode 2
Event: 9.989 Thread 0x0000025838554230 Uncommon trap: trap_request=0xffffffde fr.pc=0x00000258437aa7d8 relative=0x0000000000000378
Event: 9.989 Thread 0x0000025838554230 Uncommon trap: reason=class_check action=maybe_recompile pc=0x00000258437aa7d8 method=java.util.regex.Pattern$Start.match(Ljava/util/regex/Matcher;ILjava/lang/CharSequence;)Z @ 44 c2
Event: 9.989 Thread 0x0000025838554230 DEOPT PACKING pc=0x00000258437aa7d8 sp=0x000000dc41afcd10
Event: 9.990 Thread 0x0000025838554230 DEOPT UNPACKING pc=0x000002584318a1a3 sp=0x000000dc41afcc50 mode 2

Classes loaded (20 events):
Event: 9.993 Loading class com/sun/beans/finder/MethodFinder
Event: 9.994 Loading class com/sun/beans/finder/AbstractFinder
Event: 9.994 Loading class com/sun/beans/finder/AbstractFinder done
Event: 9.994 Loading class com/sun/beans/finder/MethodFinder done
Event: 9.994 Loading class com/sun/beans/finder/MethodFinder$1
Event: 9.994 Loading class com/sun/beans/finder/MethodFinder$1 done
Event: 9.995 Loading class com/sun/beans/finder/FinderUtils
Event: 9.995 Loading class com/sun/beans/finder/FinderUtils done
Event: 10.000 Loading class java/lang/Long$LongCache
Event: 10.000 Loading class java/lang/Long$LongCache done
Event: 10.001 Loading class java/lang/invoke/MethodHandles$1
Event: 10.001 Loading class java/lang/invoke/MethodHandles$1 done
Event: 10.001 Loading class java/lang/invoke/BoundMethodHandle$Species_LJ
Event: 10.001 Loading class java/lang/invoke/BoundMethodHandle$Species_LJ done
Event: 10.004 Loading class java/lang/invoke/BoundMethodHandle$Species_LLLLL
Event: 10.004 Loading class java/lang/invoke/BoundMethodHandle$Species_LLLLL done
Event: 13.094 Loading class java/io/LineNumberReader
Event: 13.095 Loading class java/io/LineNumberReader done
Event: 13.096 Loading class java/io/StreamTokenizer
Event: 13.096 Loading class java/io/StreamTokenizer done

Classes unloaded (0 events):
No events

Classes redefined (0 events):
No events

Internal exceptions (20 events):
Event: 2.634 Thread 0x0000025838554230 Exception <a 'java/lang/NoSuchMethodError'{0x0000000086e80a08}: 'void java.lang.invoke.DirectMethodHandle$Holder.invokeStatic(java.lang.Object, java.lang.Object)'> (0x0000000086e80a08) 
thrown [s\src\hotspot\share\interpreter\linkResolver.cpp, line 759]
Event: 2.635 Thread 0x0000025838554230 Exception <a 'java/lang/NoSuchMethodError'{0x0000000086e844b0}: 'void java.lang.invoke.DirectMethodHandle$Holder.invokeStaticInit(java.lang.Object, java.lang.Object)'> (0x0000000086e844b0) 
thrown [s\src\hotspot\share\interpreter\linkResolver.cpp, line 759]
Event: 2.637 Thread 0x0000025838554230 Exception <a 'java/lang/NoSuchMethodError'{0x0000000086e8a2c8}: 'int java.lang.invoke.DirectMethodHandle$Holder.invokeStaticInit(java.lang.Object, java.lang.Object)'> (0x0000000086e8a2c8) 
thrown [s\src\hotspot\share\interpreter\linkResolver.cpp, line 759]
Event: 3.502 Thread 0x0000025838554230 Exception <a 'java/lang/NoSuchMethodError'{0x00000000872e0b90}: 'java.lang.Object java.lang.invoke.Invokers$Holder.invokeExact_MT(java.lang.Object, java.lang.Object, java.lang.Object, java.lang.Object, java.lang.Object, java.lang.Object)'> (0x00000000872e0b90) 
thrown [s\src\hotspot\share\interpreter\linkResolver.cpp, line 759]
Event: 3.547 Thread 0x0000025838554230 Exception <a 'java/lang/ClassNotFoundException'{0x00000000870a9af8}: groovy/lang/ExpandoMetaClassBeanInfo> (0x00000000870a9af8) 
thrown [s\src\hotspot\share\classfile\systemDictionary.cpp, line 256]
Event: 3.550 Thread 0x0000025838554230 Exception <a 'java/lang/ClassNotFoundException'{0x00000000870d5c80}: groovy/lang/MetaClassImplBeanInfo> (0x00000000870d5c80) 
thrown [s\src\hotspot\share\classfile\systemDictionary.cpp, line 256]
Event: 3.550 Thread 0x0000025838554230 Exception <a 'java/lang/ClassNotFoundException'{0x00000000870dbbd8}: java/lang/ObjectBeanInfo> (0x00000000870dbbd8) 
thrown [s\src\hotspot\share\classfile\systemDictionary.cpp, line 256]
Event: 3.551 Thread 0x0000025838554230 Exception <a 'java/lang/ClassNotFoundException'{0x00000000870e2290}: java/lang/ObjectCustomizer> (0x00000000870e2290) 
thrown [s\src\hotspot\share\classfile\systemDictionary.cpp, line 256]
Event: 3.556 Thread 0x0000025838554230 Exception <a 'java/lang/IncompatibleClassChangeError'{0x00000000870e7d68}: Found class java.lang.Object, but interface was expected> (0x00000000870e7d68) 
thrown [s\src\hotspot\share\interpreter\linkResolver.cpp, line 826]
Event: 3.564 Thread 0x0000025838554230 Exception <a 'java/lang/ClassNotFoundException'{0x0000000086f24250}: groovy/lang/MetaClassImplCustomizer> (0x0000000086f24250) 
thrown [s\src\hotspot\share\classfile\systemDictionary.cpp, line 256]
Event: 3.569 Thread 0x0000025838554230 Exception <a 'java/lang/ClassNotFoundException'{0x0000000086f6f458}: groovy/lang/ExpandoMetaClassCustomizer> (0x0000000086f6f458) 
thrown [s\src\hotspot\share\classfile\systemDictionary.cpp, line 256]
Event: 3.584 Thread 0x0000025838554230 Exception <a 'java/lang/NoSuchMethodError'{0x0000000086fe6d58}: 'void java.lang.invoke.DirectMethodHandle$Holder.invokeSpecial(java.lang.Object, java.lang.Object, java.lang.Object)'> (0x0000000086fe6d58) 
thrown [s\src\hotspot\share\interpreter\linkResolver.cpp, line 759]
Event: 3.655 Thread 0x0000025838554230 Exception <a 'java/lang/NoSuchMethodError'{0x0000000086ccd908}: 'java.lang.Object java.lang.invoke.DirectMethodHandle$Holder.invokeStaticInit(java.lang.Object)'> (0x0000000086ccd908) 
thrown [s\src\hotspot\share\interpreter\linkResolver.cpp, line 759]
Event: 4.721 Thread 0x0000025838554230 Exception <a 'java/lang/NoSuchMethodError'{0x000000008671c640}: 'java.lang.Object java.lang.invoke.DirectMethodHandle$Holder.invokeStatic(java.lang.Object, int, java.lang.Object)'> (0x000000008671c640) 
thrown [s\src\hotspot\share\interpreter\linkResolver.cpp, line 759]
Event: 8.949 Thread 0x0000025838554230 Exception <a 'java/lang/ClassNotFoundException'{0x0000000085624d78}: groovy/lang/Closure$1BeanInfo> (0x0000000085624d78) 
thrown [s\src\hotspot\share\classfile\systemDictionary.cpp, line 256]
Event: 8.952 Thread 0x0000025838554230 Exception <a 'java/lang/ClassNotFoundException'{0x00000000856508c0}: groovy/lang/ClosureBeanInfo> (0x00000000856508c0) 
thrown [s\src\hotspot\share\classfile\systemDictionary.cpp, line 256]
Event: 8.953 Thread 0x0000025838554230 Exception <a 'java/lang/ClassNotFoundException'{0x000000008567d040}: groovy/lang/GroovyObjectSupportBeanInfo> (0x000000008567d040) 
thrown [s\src\hotspot\share\classfile\systemDictionary.cpp, line 256]
Event: 8.956 Thread 0x0000025838554230 Exception <a 'java/lang/ClassNotFoundException'{0x00000000856a9c00}: groovy/lang/GroovyObjectSupportCustomizer> (0x00000000856a9c00) 
thrown [s\src\hotspot\share\classfile\systemDictionary.cpp, line 256]
Event: 8.963 Thread 0x0000025838554230 Exception <a 'java/lang/ClassNotFoundException'{0x00000000856ea308}: groovy/lang/ClosureCustomizer> (0x00000000856ea308) 
thrown [s\src\hotspot\share\classfile\systemDictionary.cpp, line 256]
Event: 9.993 Thread 0x0000025838554230 Exception <a 'java/lang/ClassNotFoundException'{0x000000008553cf40}: groovy/lang/Closure$1Customizer> (0x000000008553cf40) 
thrown [s\src\hotspot\share\classfile\systemDictionary.cpp, line 256]

VM Operations (20 events):
Event: 4.775 Executing VM operation: HandshakeAllThreads
Event: 4.775 Executing VM operation: HandshakeAllThreads done
Event: 5.787 Executing VM operation: Cleanup
Event: 5.834 Executing VM operation: Cleanup done
Event: 6.842 Executing VM operation: Cleanup
Event: 6.890 Executing VM operation: Cleanup done
Event: 7.899 Executing VM operation: Cleanup
Event: 7.930 Executing VM operation: Cleanup done
Event: 9.953 Executing VM operation: Cleanup
Event: 9.985 Executing VM operation: Cleanup done
Event: 10.995 Executing VM operation: Cleanup
Event: 10.995 Executing VM operation: Cleanup done
Event: 12.005 Executing VM operation: Cleanup
Event: 12.005 Executing VM operation: Cleanup done
Event: 13.018 Executing VM operation: Cleanup
Event: 13.018 Executing VM operation: Cleanup done
Event: 13.095 Executing VM operation: HandshakeAllThreads
Event: 13.095 Executing VM operation: HandshakeAllThreads done
Event: 14.107 Executing VM operation: Cleanup
Event: 14.107 Executing VM operation: Cleanup done

Memory protections (0 events):
No events

Nmethod flushes (0 events):
No events

Events (16 events):
Event: 0.067 Thread 0x0000025838554230 Thread added: 0x0000025838554230
Event: 0.084 Thread 0x0000025838554230 Thread added: 0x00000258524e9660
Event: 0.084 Thread 0x0000025838554230 Thread added: 0x00000258524ea720
Event: 0.108 Thread 0x0000025838554230 Thread added: 0x000002585250f250
Event: 0.108 Thread 0x0000025838554230 Thread added: 0x0000025852510980
Event: 0.108 Thread 0x0000025838554230 Thread added: 0x00000258525120b0
Event: 0.108 Thread 0x0000025838554230 Thread added: 0x0000025852519350
Event: 0.109 Thread 0x0000025838554230 Thread added: 0x0000025852526a60
Event: 0.109 Thread 0x0000025838554230 Thread added: 0x0000025852529ef0
Event: 0.109 Thread 0x0000025838554230 Thread added: 0x0000025852532fd0
Event: 0.815 Thread 0x0000025838554230 Thread added: 0x00000258526c3390
Event: 1.152 Thread 0x0000025852529ef0 Thread added: 0x00000258527400c0
Event: 1.281 Thread 0x0000025838554230 Thread added: 0x000002585766a540
Event: 3.027 Thread 0x00000258527400c0 Thread exited: 0x00000258527400c0
Event: 4.695 Thread 0x0000025852526a60 Thread added: 0x0000025858c2d720
Event: 5.840 Thread 0x0000025852529ef0 Thread added: 0x00000258594f5000


Dynamic libraries:
0x00007ff61fb20000 - 0x00007ff61fb2e000 	C:\Users\admin\.katalon\packages\KS-10.1.0\jre\bin\javaw.exe
0x00007ffd03300000 - 0x00007ffd03566000 	C:\WINDOWS\SYSTEM32\ntdll.dll
0x00007ffd02710000 - 0x00007ffd027d9000 	C:\WINDOWS\System32\KERNEL32.DLL
0x00007ffd004c0000 - 0x00007ffd0088c000 	C:\WINDOWS\System32\KERNELBASE.dll
0x00007ffcfb920000 - 0x00007ffcfb93e000 	C:\Users\admin\.katalon\packages\KS-10.1.0\jre\bin\VCRUNTIME140.dll
0x00007ffcf62b0000 - 0x00007ffcf62c7000 	C:\Users\admin\.katalon\packages\KS-10.1.0\jre\bin\jli.dll
0x00007ffd00eb0000 - 0x00007ffd00ffb000 	C:\WINDOWS\System32\ucrtbase.dll
0x00007ffd01c40000 - 0x00007ffd01e0a000 	C:\WINDOWS\System32\USER32.dll
0x00007ffd00490000 - 0x00007ffd004b7000 	C:\WINDOWS\System32\win32u.dll
0x00007ffd01fe0000 - 0x00007ffd0200b000 	C:\WINDOWS\System32\GDI32.dll
0x00007ffd00920000 - 0x00007ffd00a52000 	C:\WINDOWS\System32\gdi32full.dll
0x00007ffcf2870000 - 0x00007ffcf2b0a000 	C:\WINDOWS\WinSxS\amd64_microsoft.windows.common-controls_6595b64144ccf1df_6.0.26100.3912_none_3e07963ce335137e\COMCTL32.dll
0x00007ffd00c80000 - 0x00007ffd00d23000 	C:\WINDOWS\System32\msvcp_win.dll
0x00007ffd010d0000 - 0x00007ffd01179000 	C:\WINDOWS\System32\msvcrt.dll
0x00007ffd02f10000 - 0x00007ffd02f40000 	C:\WINDOWS\System32\IMM32.DLL
0x00007ffcf6160000 - 0x00007ffcf616c000 	C:\Users\admin\.katalon\packages\KS-10.1.0\jre\bin\vcruntime140_1.dll
0x00007ffcccfe0000 - 0x00007ffccd06d000 	C:\Users\admin\.katalon\packages\KS-10.1.0\jre\bin\msvcp140.dll
0x00007ffc84140000 - 0x00007ffc84dab000 	C:\Users\admin\.katalon\packages\KS-10.1.0\jre\bin\server\jvm.dll
0x00007ffd02dd0000 - 0x00007ffd02e82000 	C:\WINDOWS\System32\ADVAPI32.dll
0x00007ffd02c30000 - 0x00007ffd02cd6000 	C:\WINDOWS\System32\sechost.dll
0x00007ffd01ec0000 - 0x00007ffd01fd6000 	C:\WINDOWS\System32\RPCRT4.dll
0x00007ffd03240000 - 0x00007ffd032b4000 	C:\WINDOWS\System32\WS2_32.dll
0x00007ffcf7710000 - 0x00007ffcf771b000 	C:\WINDOWS\SYSTEM32\VERSION.dll
0x00007ffcf2f40000 - 0x00007ffcf2f76000 	C:\WINDOWS\SYSTEM32\WINMM.dll
0x00007ffd00300000 - 0x00007ffd0035e000 	C:\WINDOWS\SYSTEM32\POWRPROF.dll
0x00007ffd002e0000 - 0x00007ffd002f4000 	C:\WINDOWS\SYSTEM32\UMPDC.dll
0x00007ffcff250000 - 0x00007ffcff26a000 	C:\WINDOWS\SYSTEM32\kernel.appcore.dll
0x00007ffcfba40000 - 0x00007ffcfba4a000 	C:\Users\admin\.katalon\packages\KS-10.1.0\jre\bin\jimage.dll
0x00007ffcfdb50000 - 0x00007ffcfdd91000 	C:\WINDOWS\SYSTEM32\DBGHELP.DLL
0x00007ffd018b0000 - 0x00007ffd01c34000 	C:\WINDOWS\System32\combase.dll
0x00007ffd03150000 - 0x00007ffd03230000 	C:\WINDOWS\System32\OLEAUT32.dll
0x00007ffcdef60000 - 0x00007ffcdef99000 	C:\WINDOWS\SYSTEM32\dbgcore.DLL
0x00007ffd00a60000 - 0x00007ffd00af9000 	C:\WINDOWS\System32\bcryptPrimitives.dll
0x00007ffcf3de0000 - 0x00007ffcf3e05000 	C:\Users\admin\.katalon\packages\KS-10.1.0\jre\bin\java.dll
0x00007ffcf6270000 - 0x00007ffcf6288000 	C:\Users\admin\.katalon\packages\KS-10.1.0\jre\bin\zip.dll
0x00007ffd01180000 - 0x00007ffd018ad000 	C:\WINDOWS\System32\SHELL32.dll
0x00007ffd00b00000 - 0x00007ffd00c74000 	C:\WINDOWS\System32\wintypes.dll
0x00007ffcfe140000 - 0x00007ffcfe996000 	C:\WINDOWS\SYSTEM32\windows.storage.dll
0x00007ffd03050000 - 0x00007ffd0313f000 	C:\WINDOWS\System32\SHCORE.dll
0x00007ffd02bc0000 - 0x00007ffd02c29000 	C:\WINDOWS\System32\shlwapi.dll
0x00007ffd003a0000 - 0x00007ffd003cf000 	C:\WINDOWS\SYSTEM32\profapi.dll
0x00007ffcf4b90000 - 0x00007ffcf4ba9000 	C:\Users\admin\.katalon\packages\KS-10.1.0\jre\bin\net.dll
0x00007ffcf9b80000 - 0x00007ffcf9c9e000 	C:\WINDOWS\SYSTEM32\WINHTTP.dll
0x00007ffcff7c0000 - 0x00007ffcff82a000 	C:\WINDOWS\system32\mswsock.dll
0x00007ffcf4540000 - 0x00007ffcf4556000 	C:\Users\admin\.katalon\packages\KS-10.1.0\jre\bin\nio.dll
0x00007ffcf8380000 - 0x00007ffcf8390000 	C:\Users\admin\.katalon\packages\KS-10.1.0\jre\bin\verify.dll

dbghelp: loaded successfully - version: 4.0.5 - missing functions: none
symbol engine: initialized successfully - sym options: 0x614 - pdb path: .;C:\Users\admin\.katalon\packages\KS-10.1.0\jre\bin;C:\WINDOWS\SYSTEM32;C:\WINDOWS\WinSxS\amd64_microsoft.windows.common-controls_6595b64144ccf1df_6.0.26100.3912_none_3e07963ce335137e;C:\Users\admin\.katalon\packages\KS-10.1.0\jre\bin\server

VM Arguments:
jvm_args: -Dgroovy.home=C:\Users\admin/.groovy -Djava.system.class.loader=groovy.lang.GroovyClassLoader -Xmx2048m -Dfile.encoding=UTF-8 -XX:+ShowCodeDetailsInExceptionMessages 
java_command: org.codehaus.groovy.tools.GroovyStarter --classpath C:\Users\admin\Documents\VestdApp-TestAutomation Katalon\Vestd QA Test Automation\bin\keyword;C:\Users\admin\Documents\VestdApp-TestAutomation Katalon\Vestd QA Test Automation\Keywords;C:\Users\admin\Documents\VestdApp-TestAutomation Katalon\Vestd QA Test Automation\bin\listener;C:\Users\admin\Documents\VestdApp-TestAutomation Katalon\Vestd QA Test Automation\Test Listeners;C:\Users\admin\Documents\VestdApp-TestAutomation Katalon\Vestd QA Test Automation\bin\lib;C:\Users\admin\Documents\VestdApp-TestAutomation Katalon\Vestd QA Test Automation\Libs;C:\Users\admin\Documents\VestdApp-TestAutomation Katalon\Vestd QA Test Automation\bin\groovy;C:\Users\admin\Documents\VestdApp-TestAutomation Katalon\Vestd QA Test Automation\Include\scripts\groovy;C:\Users\admin\.katalon\packages\KS-10.1.0\plugins\com.kms.katalon.core_1.0.0.202501201829.jar;C:\Users\admin\.katalon\packages\KS-10.1.0\configuration\resources\lib\aalto-xml-1.0.0.jar;C:\Users\admin\.katalon\packages\KS-10.1.0\configuration\resources\lib\aspectjweaver-1.9.1.jar;C:\Users\admin\.katalon\packages\KS-10.1.0\configuration\resources\lib\aws-2.20.3-fat.jar;C:\Users\admin\.katalon\packages\KS-10.1.0\configuration\resources\lib\bcpkix-jdk15on-1.64.jar;C:\Users\admin\.katalon\packages\KS-10.1.0\configuration\resources\lib\bcprov-jdk15on-1.64.jar;C:\Users\admin\.katalon\packages\KS-10.1.0\configuration\resources\lib\browsermob-core-2.1.5.jar;C:\Users\admin\.katalon\packages\KS-10.1.0\configuration\resources\lib\byte-buddy-1.14.3.jar;C:\Users\admin\.katalon\packages\KS-10.1.0\configuration\resources\lib\byte-buddy-agent-1.14.3.jar;C:\Users\admin\.katalon\packages\KS-10.1.0\configuration\resources\lib\cglib-3.2.10.jar;C:\Users\admin\.katalon\packages\KS-10.1.0\configuration\resources\lib\commons-codec-1.10.jar;C:\Users\admin\.katalon\packages\KS-10.1.0\configuration\resources\lib\commons-collections4-4.1.jar;C:\Users\admin\.katalon\packages\KS-10.1.0\confi
java_class_path (initial): C:\Users\admin\Documents\VestdApp-TestAutomation Katalon\Vestd QA Test Automation\bin\keyword;C:\Users\admin\Documents\VestdApp-TestAutomation Katalon\Vestd QA Test Automation\bin\listener;C:\Users\admin\Documents\VestdApp-TestAutomation Katalon\Vestd QA Test Automation\bin\lib;C:\Users\admin\Documents\VestdApp-TestAutomation Katalon\Vestd QA Test Automation\bin\groovy;C:\Users\admin\Documents\VestdApp-TestAutomation Katalon\Vestd QA Test Automation\bin;C:\Users\admin\.katalon\packages\KS-10.1.0\plugins\com.kms.katalon.core_1.0.0.202501201829.jar;C:\Users\admin\.katalon\packages\KS-10.1.0\configuration\resources\lib\aalto-xml-1.0.0.jar;C:\Users\admin\.katalon\packages\KS-10.1.0\configuration\resources\lib\aspectjweaver-1.9.1.jar;C:\Users\admin\.katalon\packages\KS-10.1.0\configuration\resources\lib\aws-2.20.3-fat.jar;C:\Users\admin\.katalon\packages\KS-10.1.0\configuration\resources\lib\bcpkix-jdk15on-1.64.jar;C:\Users\admin\.katalon\packages\KS-10.1.0\configuration\resources\lib\bcprov-jdk15on-1.64.jar;C:\Users\admin\.katalon\packages\KS-10.1.0\configuration\resources\lib\browsermob-core-2.1.5.jar;C:\Users\admin\.katalon\packages\KS-10.1.0\configuration\resources\lib\byte-buddy-1.14.3.jar;C:\Users\admin\.katalon\packages\KS-10.1.0\configuration\resources\lib\byte-buddy-agent-1.14.3.jar;C:\Users\admin\.katalon\packages\KS-10.1.0\configuration\resources\lib\cglib-3.2.10.jar;C:\Users\admin\.katalon\packages\KS-10.1.0\configuration\resources\lib\commons-codec-1.10.jar;C:\Users\admin\.katalon\packages\KS-10.1.0\configuration\resources\lib\commons-collections4-4.1.jar;C:\Users\admin\.katalon\packages\KS-10.1.0\configuration\resources\lib\commons-validator-1.6.jar;C:\Users\admin\.katalon\packages\KS-10.1.0\configuration\resources\lib\curvesapi-1.04.jar;C:\Users\admin\.katalon\packages\KS-10.1.0\configuration\resources\lib\dnsjava-3.6.2.jar;C:\Users\admin\.katalon\packages\KS-10.1.0\configuration\resources\lib\groovy-3.0.17.jar;C:\Users\admin\.
Launcher Type: SUN_STANDARD

[Global flags]
     intx CICompilerCount                          = 4                                         {product} {ergonomic}
     uint ConcGCThreads                            = 2                                         {product} {ergonomic}
     uint G1ConcRefinementThreads                  = 8                                         {product} {ergonomic}
   size_t G1HeapRegionSize                         = 1048576                                   {product} {ergonomic}
    uintx GCDrainStackTargetSize                   = 64                                        {product} {ergonomic}
   size_t InitialHeapSize                          = 130023424                                 {product} {ergonomic}
   size_t MarkStackSize                            = 4194304                                   {product} {ergonomic}
   size_t MaxHeapSize                              = 2147483648                                {product} {command line}
   size_t MaxNewSize                               = 1287651328                                {product} {ergonomic}
   size_t MinHeapDeltaBytes                        = 1048576                                   {product} {ergonomic}
   size_t MinHeapSize                              = 8388608                                   {product} {ergonomic}
    uintx NonNMethodCodeHeapSize                   = 5839372                                {pd product} {ergonomic}
    uintx NonProfiledCodeHeapSize                  = 122909434                              {pd product} {ergonomic}
    uintx ProfiledCodeHeapSize                     = 122909434                              {pd product} {ergonomic}
    uintx ReservedCodeCacheSize                    = 251658240                              {pd product} {ergonomic}
     bool SegmentedCodeCache                       = true                                      {product} {ergonomic}
     bool ShowCodeDetailsInExceptionMessages       = true                                   {manageable} {command line}
   size_t SoftMaxHeapSize                          = 2147483648                             {manageable} {ergonomic}
     bool UseCompressedClassPointers               = true                           {product lp64_product} {ergonomic}
     bool UseCompressedOops                        = true                           {product lp64_product} {ergonomic}
     bool UseG1GC                                  = true                                      {product} {ergonomic}
     bool UseLargePagesIndividualAllocation        = false                                  {pd product} {ergonomic}

Logging:
Log output configuration:
 #0: stdout all=warning uptime,level,tags
 #1: stderr all=off uptime,level,tags

Environment Variables:
PATH=C:/Users/admin/.katalon/packages/KS-10.1.0/jre/bin/server;C:/Users/admin/.katalon/packages/KS-10.1.0/jre/bin;C:\WINDOWS\system32;C:\WINDOWS;C:\WINDOWS\System32\Wbem;C:\WINDOWS\System32\WindowsPowerShell\v1.0\;C:\WINDOWS\System32\OpenSSH\;C:\Program Files\Git\cmd;C:\Program Files\nodejs\;C:\Users\admin\AppData\Local\Microsoft\WindowsApps;;C:\Program Files\JetBrains\PhpStorm 2022.2.3\bin;;C:\Users\admin\AppData\Local\Programs\Microsoft VS Code\bin;C:\Users\admin\AppData\Roaming\npm;C:\Users\admin\.katalon\packages\KS-10.1.0;
USERNAME=admin
OS=Windows_NT
PROCESSOR_IDENTIFIER=Intel64 Family 6 Model 126 Stepping 5, GenuineIntel
TMP=C:\Users\admin\AppData\Local\Temp
TEMP=C:\Users\admin\AppData\Local\Temp



Periodic native trim disabled


---------------  S Y S T E M  ---------------

OS:
 Windows 11 , 64 bit Build 26100 (10.0.26100.3912)
OS uptime: 9 days 7:49 hours

CPU: total 8 (initial active 8) (4 cores per cpu, 2 threads per core) family 6 model 126 stepping 5 microcode 0xa6, cx8, cmov, fxsr, ht, mmx, 3dnowpref, sse, sse2, sse3, ssse3, sse4.1, sse4.2, popcnt, lzcnt, tsc, tscinvbit, avx, avx2, aes, erms, clmul, bmi1, bmi2, adx, avx512f, avx512dq, avx512cd, avx512bw, avx512vl, sha, fma, vzeroupper, avx512_vpopcntdq, avx512_vpclmulqdq, avx512_vaes, avx512_vnni, clflush, clflushopt, avx512_vbmi2, avx512_vbmi
Processor Information for all 8 processors :
  Max Mhz: 1201, Current Mhz: 1201, Mhz Limit: 1201

Memory: 4k page, system-wide physical 7932M (609M free)
TotalPageFile size 32508M (AvailPageFile size 3M)
current process WorkingSet (physical memory assigned to process): 150M, peak: 150M
current process commit charge ("private bytes"): 259M, peak: 259M

vm_info: OpenJDK 64-Bit Server VM (17.0.13+11) for windows-amd64 JRE (17.0.13+11), built on Oct 16 2024 00:10:08 by "admin" with MS VC++ 17.7 (VS2022)

END.
