#
# There is insufficient memory for the Java Runtime Environment to continue.
# Native memory allocation (malloc) failed to allocate 1350288 bytes. Error detail: Chunk::new
# Possible reasons:
#   The system is out of physical RAM or swap space
#   This process is running with CompressedOops enabled, and the Java Heap may be blocking the growth of the native heap
# Possible solutions:
#   Reduce memory load on the system
#   Increase physical memory or swap space
#   Check if swap backing store is full
#   Decrease Java heap size (-Xmx/-Xms)
#   Decrease number of Java threads
#   Decrease Java thread stack sizes (-Xss)
#   Set larger code cache with -XX:ReservedCodeCacheSize=
#   JVM is running with Unscaled Compressed Oops mode in which the Java heap is
#     placed in the first 4GB address space. The Java Heap base address is the
#     maximum limit for the native heap growth. Please use -XX:HeapBaseMinAddress
#     to set the Java Heap base and to place the Java Heap above 4GB virtual address.
# This output file may be truncated or incomplete.
#
#  Out of Memory Error (arena.cpp:191), pid=40900, tid=19936
#
# JRE version: OpenJDK Runtime Environment Temurin-17.0.13+11 (17.0.13+11) (build 17.0.13+11)
# Java VM: OpenJDK 64-Bit Server VM Temurin-17.0.13+11 (17.0.13+11, mixed mode, tiered, compressed oops, compressed class ptrs, g1 gc, windows-amd64)
# No core dump will be written. Minidumps are not enabled by default on client versions of Windows
#

---------------  S U M M A R Y ------------

Command Line: -Dgroovy.home=C:\Users\admin/.groovy -Djava.system.class.loader=groovy.lang.GroovyClassLoader -Xmx2048m -Dfile.encoding=UTF-8 -XX:+ShowCodeDetailsInExceptionMessages org.codehaus.groovy.tools.GroovyStarter --classpath C:\Users\admin\Documents\VestdApp-TestAutomation Katalon\Vestd QA Test Automation\bin\keyword;C:\Users\admin\Documents\VestdApp-TestAutomation Katalon\Vestd QA Test Automation\Keywords;C:\Users\admin\Documents\VestdApp-TestAutomation Katalon\Vestd QA Test Automation\bin\listener;C:\Users\admin\Documents\VestdApp-TestAutomation Katalon\Vestd QA Test Automation\Test Listeners;C:\Users\admin\Documents\VestdApp-TestAutomation Katalon\Vestd QA Test Automation\bin\lib;C:\Users\admin\Documents\VestdApp-TestAutomation Katalon\Vestd QA Test Automation\Libs;C:\Users\admin\Documents\VestdApp-TestAutomation Katalon\Vestd QA Test Automation\bin\groovy;C:\Users\admin\Documents\VestdApp-TestAutomation Katalon\Vestd QA Test Automation\Include\scripts\groovy;C:\Users\admin\.katalon\packages\KS-10.1.0\plugins\com.kms.katalon.core_1.0.0.202501201829.jar;C:\Users\admin\.katalon\packages\KS-10.1.0\configuration\resources\lib\aalto-xml-1.0.0.jar;C:\Users\admin\.katalon\packages\KS-10.1.0\configuration\resources\lib\aspectjweaver-1.9.1.jar;C:\Users\admin\.katalon\packages\KS-10.1.0\configuration\resources\lib\aws-2.20.3-fat.jar;C:\Users\admin\.katalon\packages\KS-10.1.0\configuration\resources\lib\bcpkix-jdk15on-1.64.jar;C:\Users\admin\.katalon\packages\KS-10.1.0\configuration\resources\lib\bcprov-jdk15on-1.64.jar;C:\Users\admin\.katalon\packages\KS-10.1.0\configuration\resources\lib\browsermob-core-2.1.5.jar;C:\Users\admin\.katalon\packages\KS-10.1.0\configuration\resources\lib\byte-buddy-1.14.3.jar;C:\Users\admin\.katalon\packages\KS-10.1.0\configuration\resources\lib\byte-buddy-agent-1.14.3.jar;C:\Users\admin\.katalon\packages\KS-10.1.0\configuration\resources\lib\cglib-3.2.10.jar;C:\Users\admin\.katalon\packages\KS-10.1.0\configuration\resources\lib\commons-codec-1.10.jar;C:\Users\admin\.katalon\packages\KS-10.1.0\configuration\resources\lib\commons-collections4-4.1.jar;C:\Users\admin\.katalon\packages\KS-10.1.0\configuration\resources\lib\commons-validator-1.6.jar;C:\Users\admin\.katalon\packages\KS-10.1.0\configuration\resources\lib\curvesapi-1.04.jar;C:\Users\admin\.katalon\packages\KS-10.1.0\configuration\resources\lib\dnsjava-3.6.2.jar;C:\Users\admin\.katalon\packages\KS-10.1.0\configuration\resources\lib\groovy-3.0.17.jar;C:\Users\admin\.katalon\packages\KS-10.1.0\configuration\resources\lib\jackson-coreutils-2.0.jar;C:\Users\admin\.katalon\packages\KS-10.1.0\configuration\resources\lib\jackson-coreutils-equivalence-1.0.jar;C:\Users\admin\.katalon\packages\KS-10.1.0\configuration\resources\lib\java-client-9.2.3.jar;C:\Users\admin\.katalon\packages\KS-10.1.0\configuration\resources\lib\javax.servlet-api_3.1.0.jar;C:\Users\admin\.katalon\packages\KS-10.1.0\configuration\resources\lib\jna-5.12.1.jar;C:\Users\admin\.katalon\packages\KS-10.1.0\configuration\resources\lib\jna-platform-5.12.1.jar;C:\Users\admin\.katalon\packages\KS-10.1.0\configuration\resources\lib\json-schema-core-1.2.14.jar;C:\Users\admin\.katalon\packages\KS-10.1.0\configuration\resources\lib\json-schema-validator-2.2.14.jar;C:\Users\admin\.katalon\packages\KS-10.1.0\configuration\resources\lib\jzlib-1.1.3.jar;C:\Users\admin\.katalon\packages\KS-10.1.0\configuration\resources\lib\kat-server.jar;C:\Users\admin\.katalon\packages\KS-10.1.0\configuration\resources\lib\littleproxy-1.1.0-beta-bmp-17.jar;C:\Users\admin\.katalon\packages\KS-10.1.0\configuration\resources\lib\log4j-1.2-api-2.17.1.jar;C:\Users\admin\.katalon\packages\KS-10.1.0\configuration\resources\lib\log4j-api-2.17.1.jar;C:\Users\admin\.katalon\packages\KS-10.1.0\configuration\resources\lib\log4j-core-2.17.1.jar;C:\Users\admin\.katalon\packages\KS-10.1.0\configuration\resources\lib\mitm-2.1.5.jar;C:\Users\admin\.katalon\packages\KS-10.1.0\configuration\resources\lib\mockito-core-5.2.0.jar;C:\Users\admin\.katalon\packages\KS-10.1.0\configuration\resources\lib\mockito-inline-5.2.0.jar;C:\Users\admin\.katalon\packages\KS-10.1.0\configuration\resources\lib\netty-all-4.1.109.Final.jar;C:\Users\admin\.katalon\packages\KS-10.1.0\configuration\resources\lib\objenesis-3.3.jar;C:\Users\admin\.katalon\packages\KS-10.1.0\configuration\resources\lib\poi-3.17.jar;C:\Users\admin\.katalon\packages\KS-10.1.0\configuration\resources\lib\poi-ooxml-3.17.jar;C:\Users\admin\.katalon\packages\KS-10.1.0\configuration\resources\lib\poi-ooxml-schemas-3.17.jar;C:\Users\admin\.katalon\packages\KS-10.1.0\configuration\resources\lib\proxy-vole-1.1.5-jar-with-dependencies.jar;C:\Users\admin\.katalon\packages\KS-10.1.0\configuration\resources\lib\repackaged-sikuli-api-1.0.2-standalone.jar;C:\Users\admin\.katalon\packages\KS-10.1.0\configuration\resources\lib\selenium-server-4.22.0.jar;C:\Users\admin\.katalon\packages\KS-10.1.0\configuration\resources\lib\selenium-shutterbug-1.1.jar;C:\Users\admin\.katalon\packages\KS-10.1.0\configuration\resources\lib\slf4j-api-1.7.25.jar;C:\Users\admin\.katalon\packages\KS-10.1.0\configuration\resources\lib\soap-builder-1.0.0.jar;C:\Users\admin\.katalon\packages\KS-10.1.0\configuration\resources\lib\soap-common-1.0.0.jar;C:\Users\admin\.katalon\packages\KS-10.1.0\configuration\resources\lib\soap-legacy-1.0.0.jar;C:\Users\admin\.katalon\packages\KS-10.1.0\configuration\resources\lib\spring-context-5.3.19.jar;C:\Users\admin\.katalon\packages\KS-10.1.0\configuration\resources\lib\stax2-api-4.0.0.jar;C:\Users\admin\.katalon\packages\KS-10.1.0\configuration\resources\lib\su.jar;C:\Users\admin\.katalon\packages\KS-10.1.0\configuration\resources\lib\swagger-parser-1.0.67-fat.jar;C:\Users\admin\.katalon\packages\KS-10.1.0\configuration\resources\lib\testng-7.8.0.jar;C:\Users\admin\.katalon\packages\KS-10.1.0\configuration\resources\lib\uri-template-0.1.jar;C:\Users\admin\.katalon\packages\KS-10.1.0\configuration\resources\lib\wadl.jar;C:\Users\admin\.katalon\packages\KS-10.1.0\configuration\resources\lib\xmlbeans-3.1.0.jar;C:\Users\admin\.katalon\packages\KS-10.1.0\plugins\net.sf.supercsv.super-csv_2.1.0.jar;C:\Users\admin\.katalon\packages\KS-10.1.0\plugins\org.apache.commons.commons-io_2.15.1.jar;C:\Users\admin\.katalon\packages\KS-10.1.0\plugins\org.apache.commons.lang_2.6.0.jar;C:\Users\admin\.katalon\packages\KS-10.1.0\plugins\com.google.gson_2.10.1.v20230109-0753.jar;C:\Users\admin\.katalon\packages\KS-10.1.0\plugins\org.jsoup_1.14.3.jar;C:\Users\admin\.katalon\packages\KS-10.1.0\plugins\org.apache.commons.dbutils_1.6.0.jar;C:\Users\admin\.katalon\packages\KS-10.1.0\plugins\com.oracle.jdbc.ojdbc7_12.1.0.2.jar;C:\Users\admin\.katalon\packages\KS-10.1.0\plugins\org.postgresql.jdbc_42.7.3.jar;c:\Users\admin\.katalon\packages\KS-10.1.0\plugins\org.eclipse.osgi_3.18.300.v20230220-1352.jar;C:\Users\admin\.katalon\packages\KS-10.1.0\plugins\com.kms.katalon.constant_1.0.0.202501201829.jar;C:\Users\admin\.katalon\packages\KS-10.1.0\plugins\org.eclipse.persistence.eclipselink_2.7.11.jar;C:\Users\admin\.katalon\packages\KS-10.1.0\plugins\com.kms.katalon.selenium-standalone_1.0.0.202501201829.jar;C:\Users\admin\.katalon\packages\KS-10.1.0\plugins\atu.testrecorder.screen-recorder_2.1.0.jar;C:\Users\admin\.katalon\packages\KS-10.1.0\plugins\com.google.guava_32.0.0.jre.jar;C:\Users\admin\.katalon\packages\KS-10.1.0\plugins\com.kms.katalon.util_1.0.0.202501201829.jar;C:\Users\admin\.katalon\packages\KS-10.1.0\plugins\org.apache.httpcomponents.httpclient_4.5.14.v20221207-1049.jar;C:\Users\admin\.katalon\packages\KS-10.1.0\plugins\org.apache.httpcomponents.httpcore_4.4.16.v20221207-1049.jar;C:\Users\admin\.katalon\packages\KS-10.1.0\plugins\org.apache.httpcomponents.httpmime_4.5.13.jar;C:\Users\admin\.katalon\packages\KS-10.1.0\plugins\org.apache.commons.lang3_3.14.0.jar;C:\Users\admin\.katalon\packages\KS-10.1.0\plugins\org.greenrobot.eventbus_3.1.1.jar;C:\Users\admin\.katalon\packages\KS-10.1.0\plugins\net.bytebuddy.byte-buddy_1.14.15.jar;C:\Users\admin\.katalon\packages\KS-10.1.0\plugins\org.junit_4.13.2.v20211018-1956.jar;C:\Users\admin\.katalon\packages\KS-10.1.0\plugins\com.fasterxml.jackson.core.jackson-databind_2.17.2.jar;C:\Users\admin\.katalon\packages\KS-10.1.0\plugins\com.fasterxml.jackson.core.jackson-core_2.17.2.jar;C:\Users\admin\.katalon\packages\KS-10.1.0\plugins\com.fasterxml.jackson.core.jackson-annotations_2.17.2.jar;C:\Users\admin\.katalon\packages\KS-10.1.0\plugins\ch.qos.logback.classic_1.2.13.jar;C:\Users\admin\.katalon\packages\KS-10.1.0\plugins\ch.qos.logback.core_1.2.13.jar;C:\Users\admin\.katalon\packages\KS-10.1.0\plugins\slf4j.api_1.7.36.jar;C:\Users\admin\.katalon\packages\KS-10.1.0\plugins\org.fusesource.jansi_1.17.1.jar;C:\Users\admin\.katalon\packages\KS-10.1.0\plugins\com.kms.katalon.netlightbody_1.0.0.202501201829.jar;C:\Users\admin\.katalon\packages\KS-10.1.0\plugins\com.kms.katalon.poi_1.0.0.202501201829.jar;C:\Users\admin\.katalon\packages\KS-10.1.0\plugins\org.apache.commons.commons-text_1.10.0.jar;C:\Users\admin\.katalon\packages\KS-10.1.0\plugins\com.kms.katalon.proxyvole_1.0.0.202501201829.jar;C:\Users\admin\.katalon\packages\KS-10.1.0\plugins\com.microsoft.sqlserver.mssql-jdbc_6.2.2.jre8.jar;C:\Users\admin\.katalon\packages\KS-10.1.0\plugins\com.github.kklisura.cdt.java-client_2.1.0.jar;C:\Users\admin\.katalon\packages\KS-10.1.0\plugins\javax.websocket-api_1.1.0.jar;C:\Users\admin\.katalon\packages\KS-10.1.0\plugins\org.glassfish.tyrus.container-grizzly-client_1.13.1.jar;C:\Users\admin\.katalon\packages\KS-10.1.0\plugins\org.glassfish.grizzly.http-server_2.3.25.jar;C:\Users\admin\.katalon\packages\KS-10.1.0\plugins\org.glassfish.grizzly.framework_2.3.25.jar;C:\Users\admin\.katalon\packages\KS-10.1.0\plugins\org.glassfish.grizzly.http_2.3.25.jar;C:\Users\admin\.katalon\packages\KS-10.1.0\plugins\org.glassfish.tyrus.client_1.13.1.jar;C:\Users\admin\.katalon\packages\KS-10.1.0\plugins\org.glassfish.tyrus.core_1.13.1.jar;C:\Users\admin\.katalon\packages\KS-10.1.0\plugins\org.glassfish.tyrus.spi_1.13.1.jar;C:\Users\admin\.katalon\packages\KS-10.1.0\plugins\javassist_3.28.0.GA.jar;C:\Users\admin\.katalon\packages\KS-10.1.0\plugins\graphql-java_22.3.0.jar;C:\Users\admin\.katalon\packages\KS-10.1.0\plugins\org.glassfish.jaxb.runtime_2.3.6.jar;C:\Users\admin\.katalon\packages\KS-10.1.0\plugins\org.glassfish.jaxb.txw2_2.3.6.jar;C:\Users\admin\.katalon\packages\KS-10.1.0\plugins\org.dom4j_2.1.4.jar;C:\Users\admin\.katalon\packages\KS-10.1.0\plugins\com.kms.katalon.groovy-extended_1.0.0.202501201829.jar;C:\Users\admin\.katalon\packages\KS-10.1.0\plugins\com.sun.activation.javax.activation_1.2.0.jar;C:\Users\admin\.katalon\packages\KS-10.1.0\plugins\jakarta.xml.bind-api_2.3.3.jar;C:\Users\admin\.katalon\packages\KS-10.1.0\plugins\com.sun.xml.bind.jaxb-impl_2.3.6.jar;C:\Users\admin\.katalon\packages\KS-10.1.0\plugins\org.eclipse.jface_3.29.0.v20230214-1401.jar;C:\Users\admin\.katalon\packages\KS-10.1.0\plugins\com.kms.katalon.logging_1.0.0.202501201829.jar;C:\Users\admin\.katalon\packages\KS-10.1.0\plugins\json_20240303.0.0.jar;C:\Users\admin\.katalon\packages\KS-10.1.0\plugins\assertj-core_3.25.3.jar;C:\Users\admin\.katalon\packages\KS-10.1.0\plugins\com.networknt.json-schema-validator_1.0.66.jar;C:\Users\admin\.katalon\packages\KS-10.1.0\plugins\com.kms.katalon.network.apache_1.0.0.202501201829.jar;C:\Users\admin\.katalon\packages\KS-10.1.0\plugins\java-dataloader_3.3.0.jar;C:\Users\admin\.katalon\packages\KS-10.1.0\plugins\org.apache.commons.logging_1.2.0.v20180409-1502.jar;C:\Users\admin\.katalon\packages\KS-10.1.0\plugins\org.hamcrest.core_1.3.0.v20180420-1519.jar;C:\Users\admin\.katalon\packages\KS-10.1.0\plugins\org.beanshell.bsh_2.0.0.0b4.jar;C:\Users\admin\.katalon\packages\KS-10.1.0\plugins\org.apache.ant.launcher_1.9.6.jar;C:\Users\admin\.katalon\packages\KS-10.1.0\plugins\com.kms.katalon.core.appium_1.0.0.202501201829.jar;C:\Users\admin\.katalon\packages\KS-10.1.0\plugins\com.kms.katalon.api_1.0.0.202501201829.jar;C:\Users\admin\.katalon\packages\KS-10.1.0\plugins\org.eclipse.equinox.common_3.17.100.v20230202-1341.jar;C:\Users\admin\.katalon\packages\KS-10.1.0\plugins\com.kms.katalon.platform.core_1.0.0.202501201829.jar;C:\Users\admin\.katalon\packages\KS-10.1.0\plugins\com.kms.katalon.common_1.0.0.202501201829.jar;C:\Users\admin\.katalon\packages\KS-10.1.0\plugins\com.kms.katalon.session.core_1.0.0.202501201829.jar;C:\Users\admin\.katalon\packages\KS-10.1.0\plugins\org.eclipse.e4.core.contexts_1.11.0.v20220716-0839.jar;C:\Users\admin\.katalon\packages\KS-10.1.0\plugins\javax.inject_1.0.0.v20220405-0441.jar;C:\Users\admin\.katalon\packages\KS-10.1.0\plugins\org.eclipse.e4.core.di_1.8.300.v20220817-1539.jar;C:\Users\admin\.katalon\packages\KS-10.1.0\plugins\com.kms.katalon.network.core_1.0.0.202501201829.jar;C:\Users\admin\.katalon\packages\KS-10.1.0\plugins\com.kms.katalon.execution.core_1.0.0.202501201829.jar;C:\Users\admin\.katalon\packages\KS-10.1.0\plugins\org.eclipse.equinox.registry_3.11.200.v20220817-1601.jar;C:\Users\admin\.katalon\packages\KS-10.1.0\plugins\dev.failsafe_3.3.2.jar;C:\Users\admin\.katalon\packages\KS-10.1.0\plugins\com.fasterxml.jackson.datatype.jackson-datatype-jsr310_2.17.2.jar;C:\Users\admin\.katalon\packages\KS-10.1.0\plugins\org.eclipse.e4.core.di.annotations_1.7.200.v20220613-1008.jar;C:\Users\admin\.katalon\packages\KS-10.1.0\plugins\com.kms.katalon.core.webui_1.0.0.202501201829.jar;C:\Users\admin\.katalon\packages\KS-10.1.0\plugins\org.eclipse.e4.core.services_2.3.400.v20220915-1347.jar;C:\Users\admin\.katalon\packages\KS-10.1.0\plugins\com.kms.katalon.core.mobile_1.0.0.202501201829.jar;C:\Users\admin\.katalon\packages\KS-10.1.0\plugins\org.apache.commons.commons-validator_1.7.0.jar;C:\Users\admin\.katalon\packages\KS-10.1.0\plugins\com.kms.katalon.core.cucumber_1.0.0.202501201829.jar;C:\Users\admin\.katalon\packages\KS-10.1.0\plugins\io.cucumber.core_3.0.3.jar;C:\Users\admin\.katalon\packages\KS-10.1.0\plugins\io.cucumber.datatable_1.1.15.jar;C:\Users\admin\.katalon\packages\KS-10.1.0\plugins\io.cucumber.datatable-dependencies_1.1.15.jar;C:\Users\admin\.katalon\packages\KS-10.1.0\plugins\io.cucumber.expressions_5.0.19.jar;C:\Users\admin\.katalon\packages\KS-10.1.0\plugins\io.cucumber.gherkin_5.0.0.jar;C:\Users\admin\.katalon\packages\KS-10.1.0\plugins\io.cucumber.html_0.2.7.jar;C:\Users\admin\.katalon\packages\KS-10.1.0\plugins\io.cucumber.java_3.0.3.jar;C:\Users\admin\.katalon\packages\KS-10.1.0\plugins\io.cucumber.tag-expressions_1.1.1.jar;C:\Users\admin\.katalon\packages\KS-10.1.0\plugins\io.cucumber.junit_3.0.3.jar;C:\Users\admin\.katalon\packages\KS-10.1.0\plugins\com.kms.katalon.core.webservice_1.0.0.202501201829.jar;C:\Users\admin\.katalon\packages\KS-10.1.0\plugins\wsdl4j_1.6.2.jar;C:\Users\admin\.katalon\packages\KS-10.1.0\plugins\com.google.oauth-client.google-oauth-client_1.22.0.jar;C:\Users\admin\.katalon\packages\KS-10.1.0\plugins\com.google.http-client.google-http-client_1.22.0.jar;C:\Users\admin\.katalon\packages\KS-10.1.0\plugins\com.kms.katalon.preferences_1.0.0.202501201829.jar;C:\Users\admin\.katalon\packages\KS-10.1.0\plugins\org.apache.xmlbeans_3.1.0.jar;C:\Users\admin\.katalon\packages\KS-10.1.0\plugins\com.kms.katalon.entity_1.0.0.202501201829.jar;C:\Users\admin\.katalon\packages\KS-10.1.0\plugins\jakarta.xml.ws-api_2.3.3.jar;C:\Users\admin\.katalon\packages\KS-10.1.0\plugins\javax.xml.soap-api_1.4.0.jar;C:\Users\admin\.katalon\packages\KS-10.1.0\plugins\com.atlassian.oai.swagger-request-validator-core_2.38.0.jar;C:\Users\admin\.katalon\packages\KS-10.1.0\plugins\io.swagger.compat-spec-parser_1.0.67.jar;C:\Users\admin\.katalon\packages\KS-10.1.0\plugins\io.swagger.core.v3.swagger-annotations_2.2.14.jar;C:\Users\admin\.katalon\packages\KS-10.1.0\plugins\io.swagger.core.v3.swagger-core_2.2.14.jar;C:\Users\admin\.katalon\packages\KS-10.1.0\plugins\io.swagger.core.v3.swagger-models_2.2.14.jar;C:\Users\admin\.katalon\packages\KS-10.1.0\plugins\io.swagger.parser.v3.swagger-parser-core_2.1.16.jar;C:\Users\admin\.katalon\packages\KS-10.1.0\plugins\io.swagger.parser.v3.swagger-parser-v2-converter_2.1.16.jar;C:\Users\admin\.katalon\packages\KS-10.1.0\plugins\com.github.java-json-tools.btf_1.3.0.jar;C:\Users\admin\.katalon\packages\KS-10.1.0\plugins\com.fasterxml.jackson.dataformat.jackson-dataformat-yaml_2.17.1.jar;C:\Users\admin\.katalon\packages\KS-10.1.0\plugins\org.yaml.snakeyaml_2.2.0.jar;C:\Users\admin\.katalon\packages\KS-10.1.0\plugins\com.github.java-json-tools.msg-simple_1.2.0.jar;C:\Users\admin\.katalon\packages\KS-10.1.0\plugins\jackson-core-asl_1.9.13.jar;C:\Users\admin\.katalon\packages\KS-10.1.0\plugins\joda-time_2.10.5.jar;C:\Users\admin\.katalon\packages\KS-10.1.0\plugins\javax.mail-api_1.6.2.jar;C:\Users\admin\.katalon\packages\KS-10.1.0\plugins\com.googlecode.libphonenumber_8.11.1.jar;C:\Users\admin\.katalon\packages\KS-10.1.0\plugins\com.google.guava.failureaccess_1.0.1.jar;C:\Users\admin\.katalon\packages\KS-10.1.0\plugins\io.swagger.parser.v3.swagger-parser_2.1.16.jar;C:\Users\admin\.katalon\packages\KS-10.1.0\plugins\io.swagger.parser.v3.swagger-parser-v3_2.1.16.jar;C:\Users\admin\.katalon\packages\KS-10.1.0\plugins\io.swagger.parser_1.0.67.jar;C:\Users\admin\.katalon\packages\KS-10.1.0\plugins\com.narupley.not-going-to-be-commons-ssl_0.3.20.jar;C:\Users\admin\.katalon\packages\KS-10.1.0\plugins\com.kms.katalon.core.windows_1.0.0.202501201829.jar;C:\Users\admin\.katalon\packages\KS-10.1.0\plugins\com.sun.jna_5.13.0.jar;C:\Users\admin\.katalon\packages\KS-10.1.0\plugins\com.sun.jna.platform_5.13.0.jar;C:\Users\admin\.katalon\packages\KS-10.1.0\plugins\com.kms.katalon.core.testng_1.0.0.202501201829.jar;C:\Users\admin\.katalon\packages\KS-10.1.0\configuration\org.eclipse.osgi\33\0\.cp\resources\basic-report\katalon-studio-report-plugin.jar;C:\Users\admin\.katalon\packages\KS-10.1.0\plugins\org.codehaus.groovy_3.0.17.v202303311542-e2303\lib\groovy-3.0.17-indy.jar;C:\Users\admin\.katalon\packages\KS-10.1.0\plugins\org.codehaus.groovy_3.0.17.v202303311542-e2303\lib\ivy-2.5.1.jar --main groovy.ui.GroovyMain --encoding UTF-8 --indy C:\Users\admin\Documents\VestdApp-TestAutomation Katalon\Vestd QA Test Automation\Libs\TempTestCase1748530394071.groovy

Host: Intel(R) Core(TM) i5-1035G1 CPU @ 1.00GHz, 8 cores, 7G,  Windows 11 , 64 bit Build 26100 (10.0.26100.3912)
Time: Thu May 29 15:53:33 2025 GMT Summer Time elapsed time: 17.962231 seconds (0d 0h 0m 17s)

---------------  T H R E A D  ---------------

Current thread (0x000001eb4752b080):  JavaThread "C2 CompilerThread0" daemon [_thread_in_native, id=19936, stack(0x00000029a5a00000,0x00000029a5b00000)]


Current CompileTask:
C2:  17962 6204       4       groovyjarjarantlr4.v4.runtime.atn.PredictionContext::getCachedContext (297 bytes)

Stack: [0x00000029a5a00000,0x00000029a5b00000]
Native frames: (J=compiled Java code, j=interpreted, Vv=VM code, C=native code)
V  [jvm.dll+0x682a19]
V  [jvm.dll+0x839538]
V  [jvm.dll+0x83afe3]
V  [jvm.dll+0x83b653]
V  [jvm.dll+0x24704f]
V  [jvm.dll+0xace34]
V  [jvm.dll+0xad4cc]
V  [jvm.dll+0x36597e]
V  [jvm.dll+0x1ba793]
V  [jvm.dll+0x2181a7]
V  [jvm.dll+0x21748f]
V  [jvm.dll+0x1a3070]
V  [jvm.dll+0x22788c]
V  [jvm.dll+0x2259eb]
V  [jvm.dll+0x7eec98]
V  [jvm.dll+0x7e8ffc]
V  [jvm.dll+0x6818f7]
C  [ucrtbase.dll+0x37b0]
C  [KERNEL32.DLL+0x2e8d7]
C  [ntdll.dll+0x9c5dc]


---------------  P R O C E S S  ---------------

Threads class SMR info:
_java_thread_list=0x000001eb4ed94d50, length=31, elements={
0x000001eb2b443ce0, 0x000001eb474e5260, 0x000001eb474e68a0, 0x000001eb474cec30,
0x000001eb474d1510, 0x000001eb4750b3f0, 0x000001eb4751bce0, 0x000001eb4752b080,
0x000001eb4752f660, 0x000001eb47531fa0, 0x000001eb477f0010, 0x000001eb4cc4c680,
0x000001eb4ee3eda0, 0x000001eb4f4b1da0, 0x000001eb4f4b0e70, 0x000001eb4f4b0960,
0x000001eb4f4aff40, 0x000001eb4f4b1890, 0x000001eb4f4aeb00, 0x000001eb4f4af010,
0x000001eb4f4afa30, 0x000001eb4f655900, 0x000001eb4f4af520, 0x000001eb4f4b0450,
0x000001eb4e542610, 0x000001eb4e544980, 0x000001eb4e542b20, 0x000001eb4e543030,
0x000001eb4e543540, 0x000001eb4e544e90, 0x000001eb4e5416e0
}

Java Threads: ( => current thread )
  0x000001eb2b443ce0 JavaThread "Forwarding findElements on session 6138193451759c3d48e523ad99f5e83c to remote" [_thread_blocked, id=23432, stack(0x00000029a4d00000,0x00000029a4e00000)]
  0x000001eb474e5260 JavaThread "Reference Handler" daemon [_thread_blocked, id=39268, stack(0x00000029a5400000,0x00000029a5500000)]
  0x000001eb474e68a0 JavaThread "Finalizer" daemon [_thread_blocked, id=37936, stack(0x00000029a5500000,0x00000029a5600000)]
  0x000001eb474cec30 JavaThread "Signal Dispatcher" daemon [_thread_blocked, id=23984, stack(0x00000029a5600000,0x00000029a5700000)]
  0x000001eb474d1510 JavaThread "Attach Listener" daemon [_thread_blocked, id=41500, stack(0x00000029a5700000,0x00000029a5800000)]
  0x000001eb4750b3f0 JavaThread "Service Thread" daemon [_thread_blocked, id=40456, stack(0x00000029a5800000,0x00000029a5900000)]
  0x000001eb4751bce0 JavaThread "Monitor Deflation Thread" daemon [_thread_blocked, id=41652, stack(0x00000029a5900000,0x00000029a5a00000)]
=>0x000001eb4752b080 JavaThread "C2 CompilerThread0" daemon [_thread_in_native, id=19936, stack(0x00000029a5a00000,0x00000029a5b00000)]
  0x000001eb4752f660 JavaThread "C1 CompilerThread0" daemon [_thread_blocked, id=40128, stack(0x00000029a5b00000,0x00000029a5c00000)]
  0x000001eb47531fa0 JavaThread "Sweeper thread" daemon [_thread_blocked, id=40316, stack(0x00000029a5c00000,0x00000029a5d00000)]
  0x000001eb477f0010 JavaThread "Common-Cleaner" daemon [_thread_blocked, id=38396, stack(0x00000029a5d00000,0x00000029a5e00000)]
  0x000001eb4cc4c680 JavaThread "Notification Thread" daemon [_thread_blocked, id=40848, stack(0x00000029a5f00000,0x00000029a6000000)]
  0x000001eb4ee3eda0 JavaThread "ForkJoinPool.commonPool-worker-1" daemon [_thread_blocked, id=30752, stack(0x00000029a6900000,0x00000029a6a00000)]
  0x000001eb4f4b1da0 JavaThread "HttpClient-1-SelectorManager" daemon [_thread_in_native, id=41688, stack(0x00000029a6a00000,0x00000029a6b00000)]
  0x000001eb4f4b0e70 JavaThread "External Process Output Forwarder - C:\Users\admin\.katalon\packages\KS-10.1.0\configuration\resources\drivers\chromedriver_win32\chromedriver.exe" daemon [_thread_in_native, id=41772, stack(0x00000029a6b00000,0x00000029a6c00000)]
  0x000001eb4f4b0960 JavaThread "Driver Service Executor" daemon [_thread_blocked, id=41860, stack(0x00000029a6c00000,0x00000029a6d00000)]
  0x000001eb4f4aff40 JavaThread "Driver Service Executor" daemon [_thread_in_native, id=19960, stack(0x00000029a6d00000,0x00000029a6e00000)]
  0x000001eb4f4b1890 JavaThread "UrlChecker-2" daemon [_thread_blocked, id=41804, stack(0x00000029a6e00000,0x00000029a6f00000)]
  0x000001eb4f4aeb00 JavaThread "JdkHttpClient-0-0" daemon [_thread_blocked, id=6028, stack(0x00000029a7100000,0x00000029a7200000)]
  0x000001eb4f4af010 JavaThread "JdkHttpClient-0-1" daemon [_thread_blocked, id=40228, stack(0x00000029a7200000,0x00000029a7300000)]
  0x000001eb4f4afa30 JavaThread "JdkHttpClient-0-2" daemon [_thread_blocked, id=39024, stack(0x00000029a7300000,0x00000029a7400000)]
  0x000001eb4f655900 JavaThread "C2 CompilerThread1" daemon [_thread_blocked, id=41436, stack(0x00000029a6800000,0x00000029a6900000)]
  0x000001eb4f4af520 JavaThread "HttpClient-2-SelectorManager" daemon [_thread_in_native, id=41224, stack(0x00000029a7400000,0x00000029a7500000)]
  0x000001eb4f4b0450 JavaThread "JdkHttpClient-1-0" daemon [_thread_blocked, id=40172, stack(0x00000029a7500000,0x00000029a7600000)]
  0x000001eb4e542610 JavaThread "JdkHttpClient-1-1" daemon [_thread_blocked, id=26772, stack(0x00000029a7600000,0x00000029a7700000)]
  0x000001eb4e544980 JavaThread "JdkHttpClient-1-2" daemon [_thread_blocked, id=7228, stack(0x00000029a7700000,0x00000029a7800000)]
  0x000001eb4e542b20 JavaThread "HttpClient-3-SelectorManager" daemon [_thread_in_native, id=38428, stack(0x00000029a7800000,0x00000029a7900000)]
  0x000001eb4e543030 JavaThread "JdkHttpClient-2-0" daemon [_thread_blocked, id=41216, stack(0x00000029a7900000,0x00000029a7a00000)]
  0x000001eb4e543540 JavaThread "JdkHttpClient-2-1" daemon [_thread_blocked, id=38128, stack(0x00000029a7a00000,0x00000029a7b00000)]
  0x000001eb4e544e90 JavaThread "JdkHttpClient-2-2" daemon [_thread_blocked, id=41604, stack(0x00000029a7b00000,0x00000029a7c00000)]
  0x000001eb4e5416e0 JavaThread "BiDi Connection" daemon [_thread_blocked, id=41020, stack(0x00000029a7c00000,0x00000029a7d00000)]

Other Threads:
  0x000001eb4716ecc0 VMThread "VM Thread" [stack: 0x00000029a5300000,0x00000029a5400000] [id=41468]
  0x000001eb4cb854a0 WatcherThread [stack: 0x00000029a6000000,0x00000029a6100000] [id=38924]
  0x000001eb2b4a3760 GCTaskThread "GC Thread#0" [stack: 0x00000029a4e00000,0x00000029a4f00000] [id=34844]
  0x000001eb4ce2eca0 GCTaskThread "GC Thread#1" [stack: 0x00000029a6100000,0x00000029a6200000] [id=28236]
  0x000001eb4cfb4da0 GCTaskThread "GC Thread#2" [stack: 0x00000029a6200000,0x00000029a6300000] [id=40636]
  0x000001eb4cafbc60 GCTaskThread "GC Thread#3" [stack: 0x00000029a6300000,0x00000029a6400000] [id=39676]
  0x000001eb4cafbf20 GCTaskThread "GC Thread#4" [stack: 0x00000029a6400000,0x00000029a6500000] [id=29160]
  0x000001eb4da02020 GCTaskThread "GC Thread#5" [stack: 0x00000029a5e00000,0x00000029a5f00000] [id=13696]
  0x000001eb4dd28130 GCTaskThread "GC Thread#6" [stack: 0x00000029a6500000,0x00000029a6600000] [id=37624]
  0x000001eb4d6e2880 GCTaskThread "GC Thread#7" [stack: 0x00000029a6600000,0x00000029a6700000] [id=40656]
  0x000001eb2b4b6a40 ConcurrentGCThread "G1 Main Marker" [stack: 0x00000029a4f00000,0x00000029a5000000] [id=40564]
  0x000001eb2b4b7370 ConcurrentGCThread "G1 Conc#0" [stack: 0x00000029a5000000,0x00000029a5100000] [id=41412]
  0x000001eb4d60a730 ConcurrentGCThread "G1 Conc#1" [stack: 0x00000029a6700000,0x00000029a6800000] [id=40568]
  0x000001eb46fe1dd0 ConcurrentGCThread "G1 Refine#0" [stack: 0x00000029a5100000,0x00000029a5200000] [id=31784]
  0x000001eb46fe2710 ConcurrentGCThread "G1 Service" [stack: 0x00000029a5200000,0x00000029a5300000] [id=41360]

Threads with active compile tasks:
C2 CompilerThread0    17987 6204       4       groovyjarjarantlr4.v4.runtime.atn.PredictionContext::getCachedContext (297 bytes)

VM state: not at safepoint (normal execution)

VM Mutex/Monitor currently owned by a thread: None

Heap address: 0x0000000080000000, size: 2048 MB, Compressed Oops mode: 32-bit

CDS archive(s) not mapped
Compressed class space mapped at: 0x0000000100000000-0x0000000140000000, reserved size: 1073741824
Narrow klass base: 0x0000000000000000, Narrow klass shift: 3, Narrow klass range: 0x140000000

GC Precious Log:
 CPUs: 8 total, 8 available
 Memory: 7932M
 Large Page Support: Disabled
 NUMA Support: Disabled
 Compressed Oops: Enabled (32-bit)
 Heap Region Size: 1M
 Heap Min Capacity: 8M
 Heap Initial Capacity: 124M
 Heap Max Capacity: 2G
 Pre-touch: Disabled
 Parallel Workers: 8
 Concurrent Workers: 2
 Concurrent Refinement Workers: 8
 Periodic GC: Disabled

Heap:
 garbage-first heap   total 129024K, used 88252K [0x0000000080000000, 0x0000000100000000)
  region size 1024K, 55 young (56320K), 7 survivors (7168K)
 Metaspace       used 49332K, committed 49920K, reserved 1114112K
  class space    used 5642K, committed 5888K, reserved 1048576K

Heap Regions: E=young(eden), S=young(survivor), O=old, HS=humongous(starts), HC=humongous(continues), CS=collection set, F=free, OA=open archive, CA=closed archive, TAMS=top-at-mark-start (previous, next)
|   0|0x0000000080000000, 0x0000000080100000, 0x0000000080100000|100%|HS|  |TAMS 0x0000000080100000, 0x0000000080000000| Complete 
|   1|0x0000000080100000, 0x0000000080200000, 0x0000000080200000|100%|HS|  |TAMS 0x0000000080200000, 0x0000000080100000| Complete 
|   2|0x0000000080200000, 0x0000000080300000, 0x0000000080300000|100%|HC|  |TAMS 0x0000000080300000, 0x0000000080200000| Complete 
|   3|0x0000000080300000, 0x0000000080400000, 0x0000000080400000|100%|HC|  |TAMS 0x0000000080400000, 0x0000000080300000| Complete 
|   4|0x0000000080400000, 0x0000000080500000, 0x0000000080500000|100%|HS|  |TAMS 0x0000000080500000, 0x0000000080400000| Complete 
|   5|0x0000000080500000, 0x0000000080600000, 0x0000000080600000|100%| O|  |TAMS 0x0000000080600000, 0x0000000080500000| Untracked 
|   6|0x0000000080600000, 0x0000000080700000, 0x0000000080700000|100%| O|  |TAMS 0x0000000080700000, 0x0000000080600000| Untracked 
|   7|0x0000000080700000, 0x0000000080800000, 0x0000000080800000|100%| O|  |TAMS 0x0000000080800000, 0x0000000080700000| Untracked 
|   8|0x0000000080800000, 0x0000000080900000, 0x0000000080900000|100%| O|  |TAMS 0x0000000080900000, 0x0000000080800000| Untracked 
|   9|0x0000000080900000, 0x0000000080a00000, 0x0000000080a00000|100%| O|  |TAMS 0x0000000080a00000, 0x0000000080900000| Untracked 
|  10|0x0000000080a00000, 0x0000000080b00000, 0x0000000080b00000|100%| O|  |TAMS 0x0000000080b00000, 0x0000000080a00000| Untracked 
|  11|0x0000000080b00000, 0x0000000080c00000, 0x0000000080c00000|100%| O|  |TAMS 0x0000000080c00000, 0x0000000080b00000| Untracked 
|  12|0x0000000080c00000, 0x0000000080d00000, 0x0000000080d00000|100%| O|  |TAMS 0x0000000080d00000, 0x0000000080c00000| Untracked 
|  13|0x0000000080d00000, 0x0000000080e00000, 0x0000000080e00000|100%| O|  |TAMS 0x0000000080e00000, 0x0000000080d00000| Untracked 
|  14|0x0000000080e00000, 0x0000000080f00000, 0x0000000080f00000|100%| O|  |TAMS 0x0000000080f00000, 0x0000000080e00000| Untracked 
|  15|0x0000000080f00000, 0x0000000081000000, 0x0000000081000000|100%| O|  |TAMS 0x0000000081000000, 0x0000000080f00000| Untracked 
|  16|0x0000000081000000, 0x0000000081100000, 0x0000000081100000|100%| O|  |TAMS 0x0000000081100000, 0x0000000081000000| Untracked 
|  17|0x0000000081100000, 0x0000000081200000, 0x0000000081200000|100%| O|  |TAMS 0x0000000081200000, 0x0000000081100000| Untracked 
|  18|0x0000000081200000, 0x0000000081300000, 0x0000000081300000|100%| O|  |TAMS 0x0000000081300000, 0x0000000081200000| Untracked 
|  19|0x0000000081300000, 0x0000000081334600, 0x0000000081400000| 20%| O|  |TAMS 0x0000000081334600, 0x0000000081300000| Untracked 
|  20|0x0000000081400000, 0x0000000081500000, 0x0000000081500000|100%| O|  |TAMS 0x0000000081500000, 0x0000000081400000| Untracked 
|  21|0x0000000081500000, 0x0000000081600000, 0x0000000081600000|100%| O|  |TAMS 0x0000000081600000, 0x0000000081500000| Untracked 
|  22|0x0000000081600000, 0x0000000081700000, 0x0000000081700000|100%| O|  |TAMS 0x0000000081700000, 0x0000000081600000| Untracked 
|  23|0x0000000081700000, 0x0000000081800000, 0x0000000081800000|100%| O|  |TAMS 0x0000000081800000, 0x0000000081700000| Untracked 
|  24|0x0000000081800000, 0x0000000081900000, 0x0000000081900000|100%| O|  |TAMS 0x0000000081900000, 0x0000000081800000| Untracked 
|  25|0x0000000081900000, 0x0000000081a00000, 0x0000000081a00000|100%| O|  |TAMS 0x0000000081a00000, 0x0000000081900000| Untracked 
|  26|0x0000000081a00000, 0x0000000081b00000, 0x0000000081b00000|100%| O|  |TAMS 0x0000000081b00000, 0x0000000081a00000| Untracked 
|  27|0x0000000081b00000, 0x0000000081c00000, 0x0000000081c00000|100%| O|  |TAMS 0x0000000081c00000, 0x0000000081b00000| Untracked 
|  28|0x0000000081c00000, 0x0000000081d00000, 0x0000000081d00000|100%| O|  |TAMS 0x0000000081d00000, 0x0000000081c00000| Untracked 
|  29|0x0000000081d00000, 0x0000000081e00000, 0x0000000081e00000|100%| O|  |TAMS 0x0000000081e00000, 0x0000000081d00000| Untracked 
|  30|0x0000000081e00000, 0x0000000081f00000, 0x0000000081f00000|100%| O|  |TAMS 0x0000000081e11800, 0x0000000081e00000| Untracked 
|  31|0x0000000081f00000, 0x0000000082000000, 0x0000000082000000|100%| O|  |TAMS 0x0000000081f00000, 0x0000000081f00000| Untracked 
|  32|0x0000000082000000, 0x0000000082100000, 0x0000000082100000|100%| O|  |TAMS 0x0000000082000000, 0x0000000082000000| Untracked 
|  33|0x0000000082100000, 0x0000000082142800, 0x0000000082200000| 25%| O|  |TAMS 0x0000000082100000, 0x0000000082100000| Untracked 
|  34|0x0000000082200000, 0x0000000082200000, 0x0000000082300000|  0%| F|  |TAMS 0x0000000082200000, 0x0000000082200000| Untracked 
|  35|0x0000000082300000, 0x0000000082300000, 0x0000000082400000|  0%| F|  |TAMS 0x0000000082300000, 0x0000000082300000| Untracked 
|  36|0x0000000082400000, 0x0000000082400000, 0x0000000082500000|  0%| F|  |TAMS 0x0000000082400000, 0x0000000082400000| Untracked 
|  37|0x0000000082500000, 0x0000000082500000, 0x0000000082600000|  0%| F|  |TAMS 0x0000000082500000, 0x0000000082500000| Untracked 
|  38|0x0000000082600000, 0x0000000082600000, 0x0000000082700000|  0%| F|  |TAMS 0x0000000082600000, 0x0000000082600000| Untracked 
|  39|0x0000000082700000, 0x0000000082700000, 0x0000000082800000|  0%| F|  |TAMS 0x0000000082700000, 0x0000000082700000| Untracked 
|  40|0x0000000082800000, 0x0000000082800000, 0x0000000082900000|  0%| F|  |TAMS 0x0000000082800000, 0x0000000082800000| Untracked 
|  41|0x0000000082900000, 0x0000000082900000, 0x0000000082a00000|  0%| F|  |TAMS 0x0000000082900000, 0x0000000082900000| Untracked 
|  42|0x0000000082a00000, 0x0000000082a00000, 0x0000000082b00000|  0%| F|  |TAMS 0x0000000082a00000, 0x0000000082a00000| Untracked 
|  43|0x0000000082b00000, 0x0000000082b00000, 0x0000000082c00000|  0%| F|  |TAMS 0x0000000082b00000, 0x0000000082b00000| Untracked 
|  44|0x0000000082c00000, 0x0000000082c00000, 0x0000000082d00000|  0%| F|  |TAMS 0x0000000082c00000, 0x0000000082c00000| Untracked 
|  45|0x0000000082d00000, 0x0000000082d00000, 0x0000000082e00000|  0%| F|  |TAMS 0x0000000082d00000, 0x0000000082d00000| Untracked 
|  46|0x0000000082e00000, 0x0000000082e00000, 0x0000000082f00000|  0%| F|  |TAMS 0x0000000082e00000, 0x0000000082e00000| Untracked 
|  47|0x0000000082f00000, 0x0000000082f00000, 0x0000000083000000|  0%| F|  |TAMS 0x0000000082f00000, 0x0000000082f00000| Untracked 
|  48|0x0000000083000000, 0x0000000083000000, 0x0000000083100000|  0%| F|  |TAMS 0x0000000083000000, 0x0000000083000000| Untracked 
|  49|0x0000000083100000, 0x0000000083100000, 0x0000000083200000|  0%| F|  |TAMS 0x0000000083100000, 0x0000000083100000| Untracked 
|  50|0x0000000083200000, 0x00000000832b8410, 0x0000000083300000| 71%| S|CS|TAMS 0x0000000083200000, 0x0000000083200000| Complete 
|  51|0x0000000083300000, 0x0000000083400000, 0x0000000083400000|100%| S|CS|TAMS 0x0000000083300000, 0x0000000083300000| Complete 
|  52|0x0000000083400000, 0x0000000083500000, 0x0000000083500000|100%| S|CS|TAMS 0x0000000083400000, 0x0000000083400000| Complete 
|  53|0x0000000083500000, 0x0000000083600000, 0x0000000083600000|100%| S|CS|TAMS 0x0000000083500000, 0x0000000083500000| Complete 
|  54|0x0000000083600000, 0x0000000083700000, 0x0000000083700000|100%| S|CS|TAMS 0x0000000083600000, 0x0000000083600000| Complete 
|  55|0x0000000083700000, 0x0000000083800000, 0x0000000083800000|100%| S|CS|TAMS 0x0000000083700000, 0x0000000083700000| Complete 
|  56|0x0000000083800000, 0x0000000083900000, 0x0000000083900000|100%| S|CS|TAMS 0x0000000083800000, 0x0000000083800000| Complete 
|  57|0x0000000083900000, 0x0000000083900000, 0x0000000083a00000|  0%| F|  |TAMS 0x0000000083900000, 0x0000000083900000| Untracked 
|  58|0x0000000083a00000, 0x0000000083a00000, 0x0000000083b00000|  0%| F|  |TAMS 0x0000000083a00000, 0x0000000083a00000| Untracked 
|  59|0x0000000083b00000, 0x0000000083b00000, 0x0000000083c00000|  0%| F|  |TAMS 0x0000000083b00000, 0x0000000083b00000| Untracked 
|  60|0x0000000083c00000, 0x0000000083c00000, 0x0000000083d00000|  0%| F|  |TAMS 0x0000000083c00000, 0x0000000083c00000| Untracked 
|  61|0x0000000083d00000, 0x0000000083d00000, 0x0000000083e00000|  0%| F|  |TAMS 0x0000000083d00000, 0x0000000083d00000| Untracked 
|  62|0x0000000083e00000, 0x0000000083e00000, 0x0000000083f00000|  0%| F|  |TAMS 0x0000000083e00000, 0x0000000083e00000| Untracked 
|  63|0x0000000083f00000, 0x0000000083f00000, 0x0000000084000000|  0%| F|  |TAMS 0x0000000083f00000, 0x0000000083f00000| Untracked 
|  64|0x0000000084000000, 0x0000000084000000, 0x0000000084100000|  0%| F|  |TAMS 0x0000000084000000, 0x0000000084000000| Untracked 
|  65|0x0000000084100000, 0x0000000084100000, 0x0000000084200000|  0%| F|  |TAMS 0x0000000084100000, 0x0000000084100000| Untracked 
|  66|0x0000000084200000, 0x0000000084200000, 0x0000000084300000|  0%| F|  |TAMS 0x0000000084200000, 0x0000000084200000| Untracked 
|  67|0x0000000084300000, 0x0000000084300000, 0x0000000084400000|  0%| F|  |TAMS 0x0000000084300000, 0x0000000084300000| Untracked 
|  68|0x0000000084400000, 0x0000000084400000, 0x0000000084500000|  0%| F|  |TAMS 0x0000000084400000, 0x0000000084400000| Untracked 
|  69|0x0000000084500000, 0x0000000084500000, 0x0000000084600000|  0%| F|  |TAMS 0x0000000084500000, 0x0000000084500000| Untracked 
|  70|0x0000000084600000, 0x0000000084600000, 0x0000000084700000|  0%| F|  |TAMS 0x0000000084600000, 0x0000000084600000| Untracked 
|  71|0x0000000084700000, 0x0000000084700000, 0x0000000084800000|  0%| F|  |TAMS 0x0000000084700000, 0x0000000084700000| Untracked 
|  72|0x0000000084800000, 0x0000000084800000, 0x0000000084900000|  0%| F|  |TAMS 0x0000000084800000, 0x0000000084800000| Untracked 
|  73|0x0000000084900000, 0x0000000084900000, 0x0000000084a00000|  0%| F|  |TAMS 0x0000000084900000, 0x0000000084900000| Untracked 
|  74|0x0000000084a00000, 0x0000000084a00000, 0x0000000084b00000|  0%| F|  |TAMS 0x0000000084a00000, 0x0000000084a00000| Untracked 
|  75|0x0000000084b00000, 0x0000000084b00000, 0x0000000084c00000|  0%| F|  |TAMS 0x0000000084b00000, 0x0000000084b00000| Untracked 
|  76|0x0000000084c00000, 0x0000000084c00000, 0x0000000084d00000|  0%| F|  |TAMS 0x0000000084c00000, 0x0000000084c00000| Untracked 
|  77|0x0000000084d00000, 0x0000000084d00000, 0x0000000084e00000|  0%| F|  |TAMS 0x0000000084d00000, 0x0000000084d00000| Untracked 
|  78|0x0000000084e00000, 0x0000000084e80000, 0x0000000084f00000| 50%| E|  |TAMS 0x0000000084e00000, 0x0000000084e00000| Complete 
|  79|0x0000000084f00000, 0x0000000085000000, 0x0000000085000000|100%| E|CS|TAMS 0x0000000084f00000, 0x0000000084f00000| Complete 
|  80|0x0000000085000000, 0x0000000085100000, 0x0000000085100000|100%| E|CS|TAMS 0x0000000085000000, 0x0000000085000000| Complete 
|  81|0x0000000085100000, 0x0000000085200000, 0x0000000085200000|100%| E|CS|TAMS 0x0000000085100000, 0x0000000085100000| Complete 
|  82|0x0000000085200000, 0x0000000085300000, 0x0000000085300000|100%| E|CS|TAMS 0x0000000085200000, 0x0000000085200000| Complete 
|  83|0x0000000085300000, 0x0000000085400000, 0x0000000085400000|100%| E|CS|TAMS 0x0000000085300000, 0x0000000085300000| Complete 
|  84|0x0000000085400000, 0x0000000085500000, 0x0000000085500000|100%| E|CS|TAMS 0x0000000085400000, 0x0000000085400000| Complete 
|  85|0x0000000085500000, 0x0000000085600000, 0x0000000085600000|100%| E|CS|TAMS 0x0000000085500000, 0x0000000085500000| Complete 
|  86|0x0000000085600000, 0x0000000085700000, 0x0000000085700000|100%| E|CS|TAMS 0x0000000085600000, 0x0000000085600000| Complete 
|  87|0x0000000085700000, 0x0000000085800000, 0x0000000085800000|100%| E|CS|TAMS 0x0000000085700000, 0x0000000085700000| Complete 
|  88|0x0000000085800000, 0x0000000085900000, 0x0000000085900000|100%| E|CS|TAMS 0x0000000085800000, 0x0000000085800000| Complete 
|  89|0x0000000085900000, 0x0000000085a00000, 0x0000000085a00000|100%| E|CS|TAMS 0x0000000085900000, 0x0000000085900000| Complete 
|  90|0x0000000085a00000, 0x0000000085b00000, 0x0000000085b00000|100%| E|CS|TAMS 0x0000000085a00000, 0x0000000085a00000| Complete 
|  91|0x0000000085b00000, 0x0000000085c00000, 0x0000000085c00000|100%| E|CS|TAMS 0x0000000085b00000, 0x0000000085b00000| Complete 
|  92|0x0000000085c00000, 0x0000000085d00000, 0x0000000085d00000|100%| E|CS|TAMS 0x0000000085c00000, 0x0000000085c00000| Complete 
|  93|0x0000000085d00000, 0x0000000085e00000, 0x0000000085e00000|100%| E|CS|TAMS 0x0000000085d00000, 0x0000000085d00000| Complete 
|  94|0x0000000085e00000, 0x0000000085f00000, 0x0000000085f00000|100%| E|CS|TAMS 0x0000000085e00000, 0x0000000085e00000| Complete 
|  95|0x0000000085f00000, 0x0000000086000000, 0x0000000086000000|100%| E|CS|TAMS 0x0000000085f00000, 0x0000000085f00000| Complete 
|  96|0x0000000086000000, 0x0000000086100000, 0x0000000086100000|100%| E|CS|TAMS 0x0000000086000000, 0x0000000086000000| Complete 
|  97|0x0000000086100000, 0x0000000086200000, 0x0000000086200000|100%| E|CS|TAMS 0x0000000086100000, 0x0000000086100000| Complete 
|  98|0x0000000086200000, 0x0000000086300000, 0x0000000086300000|100%| E|CS|TAMS 0x0000000086200000, 0x0000000086200000| Complete 
|  99|0x0000000086300000, 0x0000000086400000, 0x0000000086400000|100%| E|CS|TAMS 0x0000000086300000, 0x0000000086300000| Complete 
| 100|0x0000000086400000, 0x0000000086500000, 0x0000000086500000|100%| E|CS|TAMS 0x0000000086400000, 0x0000000086400000| Complete 
| 101|0x0000000086500000, 0x0000000086600000, 0x0000000086600000|100%| E|CS|TAMS 0x0000000086500000, 0x0000000086500000| Complete 
| 102|0x0000000086600000, 0x0000000086700000, 0x0000000086700000|100%| E|CS|TAMS 0x0000000086600000, 0x0000000086600000| Complete 
| 103|0x0000000086700000, 0x0000000086800000, 0x0000000086800000|100%| E|CS|TAMS 0x0000000086700000, 0x0000000086700000| Complete 
| 104|0x0000000086800000, 0x0000000086900000, 0x0000000086900000|100%| E|CS|TAMS 0x0000000086800000, 0x0000000086800000| Complete 
| 105|0x0000000086900000, 0x0000000086a00000, 0x0000000086a00000|100%| E|CS|TAMS 0x0000000086900000, 0x0000000086900000| Complete 
| 106|0x0000000086a00000, 0x0000000086b00000, 0x0000000086b00000|100%| E|CS|TAMS 0x0000000086a00000, 0x0000000086a00000| Complete 
| 107|0x0000000086b00000, 0x0000000086c00000, 0x0000000086c00000|100%| E|CS|TAMS 0x0000000086b00000, 0x0000000086b00000| Complete 
| 108|0x0000000086c00000, 0x0000000086d00000, 0x0000000086d00000|100%| E|CS|TAMS 0x0000000086c00000, 0x0000000086c00000| Complete 
| 109|0x0000000086d00000, 0x0000000086e00000, 0x0000000086e00000|100%| E|CS|TAMS 0x0000000086d00000, 0x0000000086d00000| Complete 
| 110|0x0000000086e00000, 0x0000000086f00000, 0x0000000086f00000|100%| E|CS|TAMS 0x0000000086e00000, 0x0000000086e00000| Complete 
| 111|0x0000000086f00000, 0x0000000087000000, 0x0000000087000000|100%| E|CS|TAMS 0x0000000086f00000, 0x0000000086f00000| Complete 
| 112|0x0000000087000000, 0x0000000087100000, 0x0000000087100000|100%| E|CS|TAMS 0x0000000087000000, 0x0000000087000000| Complete 
| 113|0x0000000087100000, 0x0000000087200000, 0x0000000087200000|100%| E|CS|TAMS 0x0000000087100000, 0x0000000087100000| Complete 
| 114|0x0000000087200000, 0x0000000087300000, 0x0000000087300000|100%| E|CS|TAMS 0x0000000087200000, 0x0000000087200000| Complete 
| 115|0x0000000087300000, 0x0000000087400000, 0x0000000087400000|100%| E|CS|TAMS 0x0000000087300000, 0x0000000087300000| Complete 
| 116|0x0000000087400000, 0x0000000087500000, 0x0000000087500000|100%| E|CS|TAMS 0x0000000087400000, 0x0000000087400000| Complete 
| 117|0x0000000087500000, 0x0000000087600000, 0x0000000087600000|100%| E|CS|TAMS 0x0000000087500000, 0x0000000087500000| Complete 
| 118|0x0000000087600000, 0x0000000087700000, 0x0000000087700000|100%| E|CS|TAMS 0x0000000087600000, 0x0000000087600000| Complete 
| 119|0x0000000087700000, 0x0000000087800000, 0x0000000087800000|100%| E|CS|TAMS 0x0000000087700000, 0x0000000087700000| Complete 
| 120|0x0000000087800000, 0x0000000087900000, 0x0000000087900000|100%| E|CS|TAMS 0x0000000087800000, 0x0000000087800000| Complete 
| 121|0x0000000087900000, 0x0000000087a00000, 0x0000000087a00000|100%| E|CS|TAMS 0x0000000087900000, 0x0000000087900000| Complete 
| 122|0x0000000087a00000, 0x0000000087b00000, 0x0000000087b00000|100%| E|CS|TAMS 0x0000000087a00000, 0x0000000087a00000| Complete 
| 123|0x0000000087b00000, 0x0000000087c00000, 0x0000000087c00000|100%| E|CS|TAMS 0x0000000087b00000, 0x0000000087b00000| Complete 
| 124|0x0000000087c00000, 0x0000000087d00000, 0x0000000087d00000|100%| E|CS|TAMS 0x0000000087c00000, 0x0000000087c00000| Complete 
| 125|0x0000000087d00000, 0x0000000087e00000, 0x0000000087e00000|100%| E|CS|TAMS 0x0000000087d00000, 0x0000000087d00000| Complete 

Card table byte_map: [0x000001eb40220000,0x000001eb40620000] _byte_map_base: 0x000001eb3fe20000

Marking Bits (Prev, Next): (CMBitMap*) 0x000001eb2b4a3c90, (CMBitMap*) 0x000001eb2b4a3cd0
 Prev Bits: [0x000001eb40a20000, 0x000001eb42a20000)
 Next Bits: [0x000001eb42a20000, 0x000001eb44a20000)

Polling page: 0x000001eb2b4d0000

Metaspace:

Usage:
  Non-class:     42.67 MB used.
      Class:      5.51 MB used.
       Both:     48.18 MB used.

Virtual space:
  Non-class space:       64.00 MB reserved,      43.00 MB ( 67%) committed,  1 nodes.
      Class space:        1.00 GB reserved,       5.75 MB ( <1%) committed,  1 nodes.
             Both:        1.06 GB reserved,      48.75 MB (  4%) committed. 

Chunk freelists:
   Non-Class:  5.00 MB
       Class:  10.13 MB
        Both:  15.13 MB

MaxMetaspaceSize: unlimited
CompressedClassSpaceSize: 1.00 GB
Initial GC threshold: 21.00 MB
Current GC threshold: 58.88 MB
CDS: off
MetaspaceReclaimPolicy: balanced
 - commit_granule_bytes: 65536.
 - commit_granule_words: 8192.
 - virtual_space_node_default_size: 8388608.
 - enlarge_chunks_in_place: 1.
 - new_chunks_are_fully_committed: 0.
 - uncommit_free_chunks: 1.
 - use_allocation_guard: 0.
 - handle_deallocations: 1.


Internal statistics:

num_allocs_failed_limit: 6.
num_arena_births: 790.
num_arena_deaths: 0.
num_vsnodes_births: 2.
num_vsnodes_deaths: 0.
num_space_committed: 780.
num_space_uncommitted: 0.
num_chunks_returned_to_freelist: 6.
num_chunks_taken_from_freelist: 2074.
num_chunk_merges: 6.
num_chunk_splits: 1385.
num_chunks_enlarged: 940.
num_inconsistent_stats: 0.

CodeHeap 'non-profiled nmethods': size=120000Kb used=3171Kb max_used=3171Kb free=116829Kb
 bounds [0x000001eb37f70000, 0x000001eb38290000, 0x000001eb3f4a0000]
CodeHeap 'profiled nmethods': size=120000Kb used=10019Kb max_used=10019Kb free=109981Kb
 bounds [0x000001eb304a0000, 0x000001eb30e70000, 0x000001eb379d0000]
CodeHeap 'non-nmethods': size=5760Kb used=2341Kb max_used=2388Kb free=3418Kb
 bounds [0x000001eb379d0000, 0x000001eb37c40000, 0x000001eb37f70000]
 total_blobs=6311 nmethods=5463 adapters=759
 compilation: enabled
              stopped_count=0, restarted_count=0
 full_count=0

Compilation events (20 events):
Event: 16.811 Thread 0x000001eb4f655900 nmethod 6241 0x000001eb38285f10 code [0x000001eb382860c0, 0x000001eb38286b58]
Event: 16.811 Thread 0x000001eb4f655900 6228       4       java.lang.invoke.LambdaForm::uncustomize (57 bytes)
Event: 16.812 Thread 0x000001eb4f655900 nmethod 6228 0x000001eb38286e10 code [0x000001eb38286f80, 0x000001eb38287018]
Event: 16.812 Thread 0x000001eb4f655900 6207       4       java.util.ArrayDeque::push (6 bytes)
Event: 16.813 Thread 0x000001eb4f655900 nmethod 6207 0x000001eb38287110 code [0x000001eb382872a0, 0x000001eb38287498]
Event: 16.813 Thread 0x000001eb4f655900 6222       4       java.lang.Integer::<init> (10 bytes)
Event: 16.814 Thread 0x000001eb4f655900 nmethod 6222 0x000001eb38287610 code [0x000001eb38287780, 0x000001eb382877f8]
Event: 16.859 Thread 0x000001eb4752f660 6255       3       java.util.stream.FindOps$FindOp::evaluateSequential (39 bytes)
Event: 16.859 Thread 0x000001eb4752f660 nmethod 6255 0x000001eb30e66590 code [0x000001eb30e66780, 0x000001eb30e66d48]
Event: 16.859 Thread 0x000001eb4752f660 6256       3       java.util.stream.FindOps$FindSink::<init> (5 bytes)
Event: 16.859 Thread 0x000001eb4752f660 nmethod 6256 0x000001eb30e66f10 code [0x000001eb30e670a0, 0x000001eb30e671f8]
Event: 16.860 Thread 0x000001eb4f655900 6257       4       java.lang.String::valueOf (15 bytes)
Event: 16.861 Thread 0x000001eb4f655900 nmethod 6257 0x000001eb38287910 code [0x000001eb38287aa0, 0x000001eb38287b38]
Event: 16.861 Thread 0x000001eb4752f660 6258       3       java.io.ByteArrayInputStream::<init> (26 bytes)
Event: 16.862 Thread 0x000001eb4752f660 nmethod 6258 0x000001eb30e67290 code [0x000001eb30e67440, 0x000001eb30e67678]
Event: 16.862 Thread 0x000001eb4752f660 6259       3       java.util.concurrent.CompletableFuture$Completion::<init> (5 bytes)
Event: 16.862 Thread 0x000001eb4752f660 nmethod 6259 0x000001eb30e67790 code [0x000001eb30e67940, 0x000001eb30e67af8]
Event: 16.862 Thread 0x000001eb4752f660 6260       3       java.util.concurrent.CompletableFuture::tryPushStack (23 bytes)
Event: 16.863 Thread 0x000001eb4752f660 nmethod 6260 0x000001eb30e67c10 code [0x000001eb30e67f80, 0x000001eb30e696e8]
Event: 16.982 Thread 0x000001eb4f655900 6261       4       java.lang.StringLatin1::compareToCI (108 bytes)

GC Heap History (20 events):
Event: 2.547 GC heap before
{Heap before GC invocations=2 (full 0):
 garbage-first heap   total 126976K, used 60772K [0x0000000080000000, 0x0000000100000000)
  region size 1024K, 42 young (43008K), 2 survivors (2048K)
 Metaspace       used 17913K, committed 18112K, reserved 1114112K
  class space    used 1677K, committed 1792K, reserved 1048576K
}
Event: 2.563 GC heap after
{Heap after GC invocations=3 (full 0):
 garbage-first heap   total 126976K, used 23649K [0x0000000080000000, 0x0000000100000000)
  region size 1024K, 6 young (6144K), 6 survivors (6144K)
 Metaspace       used 17913K, committed 18112K, reserved 1114112K
  class space    used 1677K, committed 1792K, reserved 1048576K
}
Event: 3.512 GC heap before
{Heap before GC invocations=3 (full 0):
 garbage-first heap   total 126976K, used 44129K [0x0000000080000000, 0x0000000100000000)
  region size 1024K, 27 young (27648K), 6 survivors (6144K)
 Metaspace       used 21336K, committed 21504K, reserved 1114112K
  class space    used 2210K, committed 2304K, reserved 1048576K
}
Event: 3.524 GC heap after
{Heap after GC invocations=4 (full 0):
 garbage-first heap   total 126976K, used 24574K [0x0000000080000000, 0x0000000100000000)
  region size 1024K, 5 young (5120K), 5 survivors (5120K)
 Metaspace       used 21336K, committed 21504K, reserved 1114112K
  class space    used 2210K, committed 2304K, reserved 1048576K
}
Event: 4.035 GC heap before
{Heap before GC invocations=5 (full 0):
 garbage-first heap   total 89088K, used 69630K [0x0000000080000000, 0x0000000100000000)
  region size 1024K, 50 young (51200K), 5 survivors (5120K)
 Metaspace       used 22204K, committed 22464K, reserved 1114112K
  class space    used 2316K, committed 2432K, reserved 1048576K
}
Event: 4.045 GC heap after
{Heap after GC invocations=6 (full 0):
 garbage-first heap   total 89088K, used 25691K [0x0000000080000000, 0x0000000100000000)
  region size 1024K, 3 young (3072K), 3 survivors (3072K)
 Metaspace       used 22204K, committed 22464K, reserved 1114112K
  class space    used 2316K, committed 2432K, reserved 1048576K
}
Event: 4.820 GC heap before
{Heap before GC invocations=6 (full 0):
 garbage-first heap   total 89088K, used 61531K [0x0000000080000000, 0x0000000100000000)
  region size 1024K, 38 young (38912K), 3 survivors (3072K)
 Metaspace       used 26626K, committed 26880K, reserved 1114112K
  class space    used 2770K, committed 2880K, reserved 1048576K
}
Event: 4.833 GC heap after
{Heap after GC invocations=7 (full 0):
 garbage-first heap   total 107520K, used 28606K [0x0000000080000000, 0x0000000100000000)
  region size 1024K, 5 young (5120K), 5 survivors (5120K)
 Metaspace       used 26626K, committed 26880K, reserved 1114112K
  class space    used 2770K, committed 2880K, reserved 1048576K
}
Event: 5.449 GC heap before
{Heap before GC invocations=7 (full 0):
 garbage-first heap   total 107520K, used 79806K [0x0000000080000000, 0x0000000100000000)
  region size 1024K, 53 young (54272K), 5 survivors (5120K)
 Metaspace       used 30226K, committed 30528K, reserved 1114112K
  class space    used 3117K, committed 3264K, reserved 1048576K
}
Event: 5.458 GC heap after
{Heap after GC invocations=8 (full 0):
 garbage-first heap   total 107520K, used 30417K [0x0000000080000000, 0x0000000100000000)
  region size 1024K, 5 young (5120K), 5 survivors (5120K)
 Metaspace       used 30226K, committed 30528K, reserved 1114112K
  class space    used 3117K, committed 3264K, reserved 1048576K
}
Event: 5.993 GC heap before
{Heap before GC invocations=8 (full 0):
 garbage-first heap   total 107520K, used 80593K [0x0000000080000000, 0x0000000100000000)
  region size 1024K, 54 young (55296K), 5 survivors (5120K)
 Metaspace       used 32924K, committed 33344K, reserved 1114112K
  class space    used 3431K, committed 3648K, reserved 1048576K
}
Event: 6.000 GC heap after
{Heap after GC invocations=9 (full 0):
 garbage-first heap   total 107520K, used 31259K [0x0000000080000000, 0x0000000100000000)
  region size 1024K, 3 young (3072K), 3 survivors (3072K)
 Metaspace       used 32924K, committed 33344K, reserved 1114112K
  class space    used 3431K, committed 3648K, reserved 1048576K
}
Event: 6.651 GC heap before
{Heap before GC invocations=9 (full 0):
 garbage-first heap   total 107520K, used 82459K [0x0000000080000000, 0x0000000100000000)
  region size 1024K, 53 young (54272K), 3 survivors (3072K)
 Metaspace       used 34345K, committed 34752K, reserved 1114112K
  class space    used 3527K, committed 3712K, reserved 1048576K
}
Event: 6.662 GC heap after
{Heap after GC invocations=10 (full 0):
 garbage-first heap   total 107520K, used 33436K [0x0000000080000000, 0x0000000100000000)
  region size 1024K, 5 young (5120K), 5 survivors (5120K)
 Metaspace       used 34345K, committed 34752K, reserved 1114112K
  class space    used 3527K, committed 3712K, reserved 1048576K
}
Event: 7.263 GC heap before
{Heap before GC invocations=10 (full 0):
 garbage-first heap   total 107520K, used 83612K [0x0000000080000000, 0x0000000100000000)
  region size 1024K, 54 young (55296K), 5 survivors (5120K)
 Metaspace       used 35298K, committed 35776K, reserved 1114112K
  class space    used 3608K, committed 3840K, reserved 1048576K
}
Event: 7.281 GC heap after
{Heap after GC invocations=11 (full 0):
 garbage-first heap   total 129024K, used 36929K [0x0000000080000000, 0x0000000100000000)
  region size 1024K, 7 young (7168K), 7 survivors (7168K)
 Metaspace       used 35298K, committed 35776K, reserved 1114112K
  class space    used 3608K, committed 3840K, reserved 1048576K
}
Event: 7.474 GC heap before
{Heap before GC invocations=11 (full 0):
 garbage-first heap   total 129024K, used 44097K [0x0000000080000000, 0x0000000100000000)
  region size 1024K, 15 young (15360K), 7 survivors (7168K)
 Metaspace       used 35530K, committed 35968K, reserved 1114112K
  class space    used 3641K, committed 3840K, reserved 1048576K
}
Event: 7.483 GC heap after
{Heap after GC invocations=12 (full 0):
 garbage-first heap   total 129024K, used 36710K [0x0000000080000000, 0x0000000100000000)
  region size 1024K, 4 young (4096K), 4 survivors (4096K)
 Metaspace       used 35530K, committed 35968K, reserved 1114112K
  class space    used 3641K, committed 3840K, reserved 1048576K
}
Event: 11.239 GC heap before
{Heap before GC invocations=13 (full 0):
 garbage-first heap   total 129024K, used 103270K [0x0000000080000000, 0x0000000100000000)
  region size 1024K, 69 young (70656K), 4 survivors (4096K)
 Metaspace       used 46529K, committed 47104K, reserved 1114112K
  class space    used 5179K, committed 5440K, reserved 1048576K
}
Event: 11.246 GC heap after
{Heap after GC invocations=14 (full 0):
 garbage-first heap   total 129024K, used 40124K [0x0000000080000000, 0x0000000100000000)
  region size 1024K, 7 young (7168K), 7 survivors (7168K)
 Metaspace       used 46529K, committed 47104K, reserved 1114112K
  class space    used 5179K, committed 5440K, reserved 1048576K
}

Dll operation events (10 events):
Event: 0.011 Loaded shared library C:\Users\admin\.katalon\packages\KS-10.1.0\jre\bin\java.dll
Event: 0.239 Loaded shared library C:\Users\admin\.katalon\packages\KS-10.1.0\jre\bin\net.dll
Event: 0.241 Loaded shared library C:\Users\admin\.katalon\packages\KS-10.1.0\jre\bin\nio.dll
Event: 0.253 Loaded shared library C:\Users\admin\.katalon\packages\KS-10.1.0\jre\bin\zip.dll
Event: 0.885 Loaded shared library C:\Users\admin\.katalon\packages\KS-10.1.0\jre\bin\verify.dll
Event: 1.239 Loaded shared library C:\Users\admin\.katalon\packages\KS-10.1.0\jre\bin\jimage.dll
Event: 6.055 Loaded shared library C:\Users\admin\.katalon\packages\KS-10.1.0\jre\bin\extnet.dll
Event: 8.425 Loaded shared library C:\Users\admin\.katalon\packages\KS-10.1.0\jre\bin\sunmscapi.dll
Event: 10.974 Loaded shared library C:\Users\admin\.katalon\packages\KS-10.1.0\jre\bin\management.dll
Event: 10.981 Loaded shared library C:\Users\admin\.katalon\packages\KS-10.1.0\jre\bin\management_ext.dll

Deoptimization events (20 events):
Event: 12.065 Thread 0x000001eb2b443ce0 Uncommon trap: trap_request=0xffffff45 fr.pc=0x000001eb3811769c relative=0x000000000000009c
Event: 12.065 Thread 0x000001eb2b443ce0 Uncommon trap: reason=unstable_if action=reinterpret pc=0x000001eb3811769c method=java.lang.CharacterDataLatin1.digit(II)I @ 7 c2
Event: 12.065 Thread 0x000001eb2b443ce0 DEOPT PACKING pc=0x000001eb3811769c sp=0x00000029a4df8c40
Event: 12.065 Thread 0x000001eb2b443ce0 DEOPT UNPACKING pc=0x000001eb37a2a1a3 sp=0x00000029a4df8bc0 mode 2
Event: 16.619 Thread 0x000001eb2b443ce0 Uncommon trap: trap_request=0xffffffde fr.pc=0x000001eb38265cb0 relative=0x0000000000000830
Event: 16.619 Thread 0x000001eb2b443ce0 Uncommon trap: reason=class_check action=maybe_recompile pc=0x000001eb38265cb0 method=java.util.regex.Matcher.match(II)Z @ 121 c2
Event: 16.619 Thread 0x000001eb2b443ce0 DEOPT PACKING pc=0x000001eb38265cb0 sp=0x00000029a4df9d40
Event: 16.619 Thread 0x000001eb2b443ce0 DEOPT UNPACKING pc=0x000001eb37a2a1a3 sp=0x00000029a4df9cf8 mode 2
Event: 16.619 Thread 0x000001eb2b443ce0 Uncommon trap: trap_request=0xffffffde fr.pc=0x000001eb38265cb0 relative=0x0000000000000830
Event: 16.619 Thread 0x000001eb2b443ce0 Uncommon trap: reason=class_check action=maybe_recompile pc=0x000001eb38265cb0 method=java.util.regex.Matcher.match(II)Z @ 121 c2
Event: 16.619 Thread 0x000001eb2b443ce0 DEOPT PACKING pc=0x000001eb38265cb0 sp=0x00000029a4df9e20
Event: 16.619 Thread 0x000001eb2b443ce0 DEOPT UNPACKING pc=0x000001eb37a2a1a3 sp=0x00000029a4df9dd8 mode 2
Event: 16.619 Thread 0x000001eb2b443ce0 Uncommon trap: trap_request=0xffffffde fr.pc=0x000001eb38265cb0 relative=0x0000000000000830
Event: 16.619 Thread 0x000001eb2b443ce0 Uncommon trap: reason=class_check action=maybe_recompile pc=0x000001eb38265cb0 method=java.util.regex.Matcher.match(II)Z @ 121 c2
Event: 16.619 Thread 0x000001eb2b443ce0 DEOPT PACKING pc=0x000001eb38265cb0 sp=0x00000029a4df9e20
Event: 16.619 Thread 0x000001eb2b443ce0 DEOPT UNPACKING pc=0x000001eb37a2a1a3 sp=0x00000029a4df9dd8 mode 2
Event: 16.619 Thread 0x000001eb2b443ce0 Uncommon trap: trap_request=0xffffffde fr.pc=0x000001eb38265cb0 relative=0x0000000000000830
Event: 16.619 Thread 0x000001eb2b443ce0 Uncommon trap: reason=class_check action=maybe_recompile pc=0x000001eb38265cb0 method=java.util.regex.Matcher.match(II)Z @ 121 c2
Event: 16.619 Thread 0x000001eb2b443ce0 DEOPT PACKING pc=0x000001eb38265cb0 sp=0x00000029a4df9e20
Event: 16.619 Thread 0x000001eb2b443ce0 DEOPT UNPACKING pc=0x000001eb37a2a1a3 sp=0x00000029a4df9dd8 mode 2

Classes loaded (20 events):
Event: 11.417 Loading class sun/reflect/annotation/TypeAnnotation
Event: 11.418 Loading class sun/reflect/annotation/TypeAnnotation done
Event: 11.418 Loading class sun/reflect/annotation/AnnotatedTypeFactory
Event: 11.418 Loading class sun/reflect/annotation/AnnotatedTypeFactory done
Event: 11.418 Loading class sun/reflect/annotation/AnnotatedTypeFactory$AnnotatedTypeBaseImpl
Event: 11.418 Loading class sun/reflect/annotation/AnnotatedTypeFactory$AnnotatedTypeBaseImpl done
Event: 11.418 Loading class sun/reflect/annotation/TypeAnnotation$LocationInfo
Event: 11.418 Loading class sun/reflect/annotation/TypeAnnotation$LocationInfo done
Event: 11.418 Loading class sun/reflect/annotation/TypeAnnotation$LocationInfo$Location
Event: 11.418 Loading class sun/reflect/annotation/TypeAnnotation$LocationInfo$Location done
Event: 11.491 Loading class java/lang/reflect/AnnotatedParameterizedType
Event: 11.491 Loading class java/lang/reflect/AnnotatedParameterizedType done
Event: 11.497 Loading class java/lang/reflect/AnnotatedWildcardType
Event: 11.497 Loading class java/lang/reflect/AnnotatedWildcardType done
Event: 11.522 Loading class java/lang/reflect/AnnotatedArrayType
Event: 11.522 Loading class java/lang/reflect/AnnotatedArrayType done
Event: 11.893 Loading class javax/xml/parsers/ParserConfigurationException
Event: 11.893 Loading class javax/xml/parsers/ParserConfigurationException done
Event: 12.109 Loading class sun/net/www/protocol/https/Handler
Event: 12.109 Loading class sun/net/www/protocol/https/Handler done

Classes unloaded (0 events):
No events

Classes redefined (0 events):
No events

Internal exceptions (20 events):
Event: 11.937 Thread 0x000001eb2b443ce0 Exception <a 'java/lang/ClassNotFoundException'{0x00000000860a7f38}: groovy/util/NodeListBeanInfo> (0x00000000860a7f38) 
thrown [s\src\hotspot\share\classfile\systemDictionary.cpp, line 256]
Event: 11.944 Thread 0x000001eb2b443ce0 Exception <a 'java/lang/ClassNotFoundException'{0x0000000085fc1fc0}: groovy/util/NodeListCustomizer> (0x0000000085fc1fc0) 
thrown [s\src\hotspot\share\classfile\systemDictionary.cpp, line 256]
Event: 11.975 Thread 0x000001eb2b443ce0 Exception <a 'java/lang/ClassNotFoundException'{0x0000000085d346b0}: Script1BeanInfo> (0x0000000085d346b0) 
thrown [s\src\hotspot\share\classfile\systemDictionary.cpp, line 256]
Event: 11.982 Thread 0x000001eb2b443ce0 Exception <a 'java/lang/ClassNotFoundException'{0x0000000085d77280}: Script1Customizer> (0x0000000085d77280) 
thrown [s\src\hotspot\share\classfile\systemDictionary.cpp, line 256]
Event: 11.998 Thread 0x000001eb2b443ce0 Exception <a 'java/lang/ClassNotFoundException'{0x0000000085c3c468}: Script2BeanInfo> (0x0000000085c3c468) 
thrown [s\src\hotspot\share\classfile\systemDictionary.cpp, line 256]
Event: 12.000 Thread 0x000001eb2b443ce0 Exception <a 'java/lang/ClassNotFoundException'{0x0000000085c7f038}: Script2Customizer> (0x0000000085c7f038) 
thrown [s\src\hotspot\share\classfile\systemDictionary.cpp, line 256]
Event: 12.015 Thread 0x000001eb2b443ce0 Exception <a 'java/lang/ClassNotFoundException'{0x0000000085b46470}: Script3BeanInfo> (0x0000000085b46470) 
thrown [s\src\hotspot\share\classfile\systemDictionary.cpp, line 256]
Event: 12.019 Thread 0x000001eb2b443ce0 Exception <a 'java/lang/ClassNotFoundException'{0x0000000085b892a8}: Script3Customizer> (0x0000000085b892a8) 
thrown [s\src\hotspot\share\classfile\systemDictionary.cpp, line 256]
Event: 12.032 Thread 0x000001eb2b443ce0 Exception <a 'java/lang/ClassNotFoundException'{0x0000000085a4cd88}: Script4BeanInfo> (0x0000000085a4cd88) 
thrown [s\src\hotspot\share\classfile\systemDictionary.cpp, line 256]
Event: 12.039 Thread 0x000001eb2b443ce0 Exception <a 'java/lang/ClassNotFoundException'{0x0000000085a8fba0}: Script4Customizer> (0x0000000085a8fba0) 
thrown [s\src\hotspot\share\classfile\systemDictionary.cpp, line 256]
Event: 12.054 Thread 0x000001eb2b443ce0 Exception <a 'java/lang/ClassNotFoundException'{0x0000000085953498}: Script5BeanInfo> (0x0000000085953498) 
thrown [s\src\hotspot\share\classfile\systemDictionary.cpp, line 256]
Event: 12.059 Thread 0x000001eb2b443ce0 Exception <a 'java/lang/ClassNotFoundException'{0x00000000859962b8}: Script5Customizer> (0x00000000859962b8) 
thrown [s\src\hotspot\share\classfile\systemDictionary.cpp, line 256]
Event: 12.098 Thread 0x000001eb2b443ce0 Exception <a 'java/lang/ClassNotFoundException'{0x000000008571da20}: com/kms/katalon/core/webui/keyword/builtin/NavigateToUrlKeywordBeanInfo> (0x000000008571da20) 
thrown [s\src\hotspot\share\classfile\systemDictionary.cpp, line 256]
Event: 12.101 Thread 0x000001eb2b443ce0 Exception <a 'java/lang/ClassNotFoundException'{0x00000000857528d0}: com/kms/katalon/core/webui/keyword/builtin/NavigateToUrlKeywordCustomizer> (0x00000000857528d0) 
thrown [s\src\hotspot\share\classfile\systemDictionary.cpp, line 256]
Event: 16.607 Thread 0x000001eb2b443ce0 Exception <a 'java/lang/ClassNotFoundException'{0x0000000085483810}: com/kms/katalon/core/testobject/ObjectRepositoryBeanInfo> (0x0000000085483810) 
thrown [s\src\hotspot\share\classfile\systemDictionary.cpp, line 256]
Event: 16.609 Thread 0x000001eb2b443ce0 Exception <a 'java/lang/ClassNotFoundException'{0x00000000854b5dd0}: com/kms/katalon/core/testobject/ObjectRepositoryCustomizer> (0x00000000854b5dd0) 
thrown [s\src\hotspot\share\classfile\systemDictionary.cpp, line 256]
Event: 16.676 Thread 0x000001eb2b443ce0 Exception <a 'java/lang/ClassNotFoundException'{0x0000000085102a78}: Script1BeanInfo> (0x0000000085102a78) 
thrown [s\src\hotspot\share\classfile\systemDictionary.cpp, line 256]
Event: 16.682 Thread 0x000001eb2b443ce0 Exception <a 'java/lang/ClassNotFoundException'{0x00000000851382d0}: Script1Customizer> (0x00000000851382d0) 
thrown [s\src\hotspot\share\classfile\systemDictionary.cpp, line 256]
Event: 16.718 Thread 0x000001eb2b443ce0 Exception <a 'java/lang/ClassNotFoundException'{0x00000000850c96f8}: com/kms/katalon/core/webui/keyword/builtin/SetTextKeywordBeanInfo> (0x00000000850c96f8) 
thrown [s\src\hotspot\share\classfile\systemDictionary.cpp, line 256]
Event: 16.720 Thread 0x000001eb2b443ce0 Exception <a 'java/lang/ClassNotFoundException'{0x00000000850fd6a8}: com/kms/katalon/core/webui/keyword/builtin/SetTextKeywordCustomizer> (0x00000000850fd6a8) 
thrown [s\src\hotspot\share\classfile\systemDictionary.cpp, line 256]

VM Operations (20 events):
Event: 11.031 Executing VM operation: Cleanup done
Event: 11.238 Executing VM operation: G1CollectForAllocation
Event: 11.246 Executing VM operation: G1CollectForAllocation done
Event: 11.554 Executing VM operation: ICBufferFull
Event: 11.554 Executing VM operation: ICBufferFull done
Event: 11.574 Executing VM operation: HandshakeAllThreads
Event: 11.574 Executing VM operation: HandshakeAllThreads done
Event: 11.781 Executing VM operation: ICBufferFull
Event: 11.781 Executing VM operation: ICBufferFull done
Event: 11.921 Executing VM operation: HandshakeAllThreads
Event: 11.921 Executing VM operation: HandshakeAllThreads done
Event: 12.022 Executing VM operation: ICBufferFull
Event: 12.022 Executing VM operation: ICBufferFull done
Event: 13.030 Executing VM operation: Cleanup
Event: 13.030 Executing VM operation: Cleanup done
Event: 16.625 Executing VM operation: HandshakeAllThreads
Event: 16.625 Executing VM operation: HandshakeAllThreads done
Event: 16.625 Executing VM operation: Cleanup
Event: 16.625 Executing VM operation: Cleanup done
Event: 17.633 Executing VM operation: Cleanup

Memory protections (0 events):
No events

Nmethod flushes (20 events):
Event: 7.468 Thread 0x000001eb47531fa0 flushing  nmethod 0x000001eb30ceb090
Event: 7.468 Thread 0x000001eb47531fa0 flushing  nmethod 0x000001eb30ceb610
Event: 7.468 Thread 0x000001eb47531fa0 flushing  nmethod 0x000001eb30ceba90
Event: 7.468 Thread 0x000001eb47531fa0 flushing  nmethod 0x000001eb30cf7d90
Event: 7.468 Thread 0x000001eb47531fa0 flushing  nmethod 0x000001eb30d07c90
Event: 7.468 Thread 0x000001eb47531fa0 flushing  nmethod 0x000001eb30d2a910
Event: 7.468 Thread 0x000001eb47531fa0 flushing  nmethod 0x000001eb30d31190
Event: 7.468 Thread 0x000001eb47531fa0 flushing  nmethod 0x000001eb30d33310
Event: 7.468 Thread 0x000001eb47531fa0 flushing  nmethod 0x000001eb30d35790
Event: 7.468 Thread 0x000001eb47531fa0 flushing  nmethod 0x000001eb30d36010
Event: 7.468 Thread 0x000001eb47531fa0 flushing  nmethod 0x000001eb30d36790
Event: 7.468 Thread 0x000001eb47531fa0 flushing  nmethod 0x000001eb30d37c90
Event: 7.468 Thread 0x000001eb47531fa0 flushing  nmethod 0x000001eb30d39b90
Event: 7.468 Thread 0x000001eb47531fa0 flushing  nmethod 0x000001eb30d3ab90
Event: 7.468 Thread 0x000001eb47531fa0 flushing  nmethod 0x000001eb30d3b390
Event: 7.468 Thread 0x000001eb47531fa0 flushing  nmethod 0x000001eb30d3b890
Event: 7.468 Thread 0x000001eb47531fa0 flushing  nmethod 0x000001eb30d3be90
Event: 7.468 Thread 0x000001eb47531fa0 flushing  nmethod 0x000001eb30d3cd10
Event: 7.468 Thread 0x000001eb47531fa0 flushing  nmethod 0x000001eb30d3f590
Event: 7.468 Thread 0x000001eb47531fa0 flushing  nmethod 0x000001eb30d3fa10

Events (20 events):
Event: 8.526 Thread 0x000001eb2b443ce0 Thread added: 0x000001eb4f4b0e70
Event: 8.531 Thread 0x000001eb2b443ce0 Thread added: 0x000001eb4f4b0960
Event: 8.531 Thread 0x000001eb2b443ce0 Thread added: 0x000001eb4f4aff40
Event: 8.540 Thread 0x000001eb4f4b0960 Thread added: 0x000001eb4f4b1890
Event: 8.653 Thread 0x000001eb4f4b1890 Thread added: 0x000001eb4f4ae5f0
Event: 8.748 Thread 0x000001eb2b443ce0 Thread added: 0x000001eb4f4aeb00
Event: 8.810 Thread 0x000001eb4f4b1da0 Thread added: 0x000001eb4f4af010
Event: 8.811 Thread 0x000001eb4f4b1da0 Thread added: 0x000001eb4f4afa30
Event: 10.806 Thread 0x000001eb4cb55430 Thread exited: 0x000001eb4cb55430
Event: 10.853 Thread 0x000001eb4752b080 Thread added: 0x000001eb4f655900
Event: 10.882 Thread 0x000001eb2b443ce0 Thread added: 0x000001eb4f4af520
Event: 10.891 Thread 0x000001eb2b443ce0 Thread added: 0x000001eb4f4b0450
Event: 10.893 Thread 0x000001eb4f4af520 Thread added: 0x000001eb4e542610
Event: 10.893 Thread 0x000001eb4f4af520 Thread added: 0x000001eb4e544980
Event: 10.920 Thread 0x000001eb2b443ce0 Thread added: 0x000001eb4e542b20
Event: 10.921 Thread 0x000001eb2b443ce0 Thread added: 0x000001eb4e543030
Event: 10.923 Thread 0x000001eb4e542b20 Thread added: 0x000001eb4e543540
Event: 10.929 Thread 0x000001eb4e542b20 Thread added: 0x000001eb4e544e90
Event: 11.006 Thread 0x000001eb4e544980 Thread added: 0x000001eb4e5416e0
Event: 13.668 Thread 0x000001eb4f4ae5f0 Thread exited: 0x000001eb4f4ae5f0


Dynamic libraries:
0x00007ff7c00f0000 - 0x00007ff7c00fe000 	C:\Users\admin\.katalon\packages\KS-10.1.0\jre\bin\javaw.exe
0x00007ffd03300000 - 0x00007ffd03566000 	C:\WINDOWS\SYSTEM32\ntdll.dll
0x00007ffd02710000 - 0x00007ffd027d9000 	C:\WINDOWS\System32\KERNEL32.DLL
0x00007ffd004c0000 - 0x00007ffd0088c000 	C:\WINDOWS\System32\KERNELBASE.dll
0x00007ffd00eb0000 - 0x00007ffd00ffb000 	C:\WINDOWS\System32\ucrtbase.dll
0x00007ffcf62b0000 - 0x00007ffcf62ce000 	C:\Users\admin\.katalon\packages\KS-10.1.0\jre\bin\VCRUNTIME140.dll
0x00007ffcfb920000 - 0x00007ffcfb937000 	C:\Users\admin\.katalon\packages\KS-10.1.0\jre\bin\jli.dll
0x00007ffd01c40000 - 0x00007ffd01e0a000 	C:\WINDOWS\System32\USER32.dll
0x00007ffd00490000 - 0x00007ffd004b7000 	C:\WINDOWS\System32\win32u.dll
0x00007ffd01fe0000 - 0x00007ffd0200b000 	C:\WINDOWS\System32\GDI32.dll
0x00007ffd00920000 - 0x00007ffd00a52000 	C:\WINDOWS\System32\gdi32full.dll
0x00007ffcf2870000 - 0x00007ffcf2b0a000 	C:\WINDOWS\WinSxS\amd64_microsoft.windows.common-controls_6595b64144ccf1df_6.0.26100.3912_none_3e07963ce335137e\COMCTL32.dll
0x00007ffd00c80000 - 0x00007ffd00d23000 	C:\WINDOWS\System32\msvcp_win.dll
0x00007ffd010d0000 - 0x00007ffd01179000 	C:\WINDOWS\System32\msvcrt.dll
0x00007ffd02f10000 - 0x00007ffd02f40000 	C:\WINDOWS\System32\IMM32.DLL
0x00007ffcf6210000 - 0x00007ffcf621c000 	C:\Users\admin\.katalon\packages\KS-10.1.0\jre\bin\vcruntime140_1.dll
0x00007ffccf7d0000 - 0x00007ffccf85d000 	C:\Users\admin\.katalon\packages\KS-10.1.0\jre\bin\msvcp140.dll
0x00007ffc84140000 - 0x00007ffc84dab000 	C:\Users\admin\.katalon\packages\KS-10.1.0\jre\bin\server\jvm.dll
0x00007ffd02dd0000 - 0x00007ffd02e82000 	C:\WINDOWS\System32\ADVAPI32.dll
0x00007ffd02c30000 - 0x00007ffd02cd6000 	C:\WINDOWS\System32\sechost.dll
0x00007ffd01ec0000 - 0x00007ffd01fd6000 	C:\WINDOWS\System32\RPCRT4.dll
0x00007ffd03240000 - 0x00007ffd032b4000 	C:\WINDOWS\System32\WS2_32.dll
0x00007ffd00300000 - 0x00007ffd0035e000 	C:\WINDOWS\SYSTEM32\POWRPROF.dll
0x00007ffcf2f40000 - 0x00007ffcf2f76000 	C:\WINDOWS\SYSTEM32\WINMM.dll
0x00007ffcf7710000 - 0x00007ffcf771b000 	C:\WINDOWS\SYSTEM32\VERSION.dll
0x00007ffd002e0000 - 0x00007ffd002f4000 	C:\WINDOWS\SYSTEM32\UMPDC.dll
0x00007ffcff250000 - 0x00007ffcff26a000 	C:\WINDOWS\SYSTEM32\kernel.appcore.dll
0x00007ffcfba40000 - 0x00007ffcfba4a000 	C:\Users\admin\.katalon\packages\KS-10.1.0\jre\bin\jimage.dll
0x00007ffcfdb50000 - 0x00007ffcfdd91000 	C:\WINDOWS\SYSTEM32\DBGHELP.DLL
0x00007ffd018b0000 - 0x00007ffd01c34000 	C:\WINDOWS\System32\combase.dll
0x00007ffd03150000 - 0x00007ffd03230000 	C:\WINDOWS\System32\OLEAUT32.dll
0x00007ffcdef60000 - 0x00007ffcdef99000 	C:\WINDOWS\SYSTEM32\dbgcore.DLL
0x00007ffd00a60000 - 0x00007ffd00af9000 	C:\WINDOWS\System32\bcryptPrimitives.dll
0x00007ffcf3de0000 - 0x00007ffcf3e05000 	C:\Users\admin\.katalon\packages\KS-10.1.0\jre\bin\java.dll
0x00007ffcf6270000 - 0x00007ffcf6288000 	C:\Users\admin\.katalon\packages\KS-10.1.0\jre\bin\zip.dll
0x00007ffd01180000 - 0x00007ffd018ad000 	C:\WINDOWS\System32\SHELL32.dll
0x00007ffd00b00000 - 0x00007ffd00c74000 	C:\WINDOWS\System32\wintypes.dll
0x00007ffcfe140000 - 0x00007ffcfe996000 	C:\WINDOWS\SYSTEM32\windows.storage.dll
0x00007ffd03050000 - 0x00007ffd0313f000 	C:\WINDOWS\System32\SHCORE.dll
0x00007ffd02bc0000 - 0x00007ffd02c29000 	C:\WINDOWS\System32\shlwapi.dll
0x00007ffd003a0000 - 0x00007ffd003cf000 	C:\WINDOWS\SYSTEM32\profapi.dll
0x00007ffcf4b90000 - 0x00007ffcf4ba9000 	C:\Users\admin\.katalon\packages\KS-10.1.0\jre\bin\net.dll
0x00007ffcf9b80000 - 0x00007ffcf9c9e000 	C:\WINDOWS\SYSTEM32\WINHTTP.dll
0x00007ffcff7c0000 - 0x00007ffcff82a000 	C:\WINDOWS\system32\mswsock.dll
0x00007ffcf4540000 - 0x00007ffcf4556000 	C:\Users\admin\.katalon\packages\KS-10.1.0\jre\bin\nio.dll
0x00007ffcf8380000 - 0x00007ffcf8390000 	C:\Users\admin\.katalon\packages\KS-10.1.0\jre\bin\verify.dll
0x00007ffcf74d0000 - 0x00007ffcf74d9000 	C:\Users\admin\.katalon\packages\KS-10.1.0\jre\bin\extnet.dll
0x00007ffcfed20000 - 0x00007ffcfee47000 	C:\WINDOWS\SYSTEM32\DNSAPI.dll
0x00007ffcfec90000 - 0x00007ffcfecc3000 	C:\WINDOWS\SYSTEM32\IPHLPAPI.DLL
0x00007ffd02010000 - 0x00007ffd0201a000 	C:\WINDOWS\System32\NSI.dll
0x00007ffcf6860000 - 0x00007ffcf686b000 	C:\Windows\System32\rasadhlp.dll
0x00007ffcf7870000 - 0x00007ffcf78f6000 	C:\WINDOWS\System32\fwpuclnt.dll
0x00007ffcffa60000 - 0x00007ffcffa7c000 	C:\WINDOWS\SYSTEM32\CRYPTSP.dll
0x00007ffcff1b0000 - 0x00007ffcff1ea000 	C:\WINDOWS\system32\rsaenh.dll
0x00007ffcff860000 - 0x00007ffcff88b000 	C:\WINDOWS\SYSTEM32\USERENV.dll
0x00007ffd00370000 - 0x00007ffd00396000 	C:\WINDOWS\SYSTEM32\bcrypt.dll
0x00007ffcffa80000 - 0x00007ffcffa8c000 	C:\WINDOWS\SYSTEM32\CRYPTBASE.dll
0x00007ffcf8990000 - 0x00007ffcf89af000 	C:\WINDOWS\SYSTEM32\dhcpcsvc6.DLL
0x00007ffcf7fa0000 - 0x00007ffcf7fc5000 	C:\WINDOWS\SYSTEM32\dhcpcsvc.DLL
0x00007ffcf8290000 - 0x00007ffcf829e000 	C:\Users\admin\.katalon\packages\KS-10.1.0\jre\bin\sunmscapi.dll
0x00007ffd00d30000 - 0x00007ffd00ea7000 	C:\WINDOWS\System32\CRYPT32.dll
0x00007ffcffc70000 - 0x00007ffcffca0000 	C:\WINDOWS\SYSTEM32\ncrypt.dll
0x00007ffcffc20000 - 0x00007ffcffc5f000 	C:\WINDOWS\SYSTEM32\NTASN1.dll
0x00007ffcd9e40000 - 0x00007ffcd9e48000 	C:\WINDOWS\system32\wshunix.dll
0x00007ffcf6420000 - 0x00007ffcf642a000 	C:\Users\admin\.katalon\packages\KS-10.1.0\jre\bin\management.dll
0x00007ffcf6220000 - 0x00007ffcf622b000 	C:\Users\admin\.katalon\packages\KS-10.1.0\jre\bin\management_ext.dll
0x00007ffd027e0000 - 0x00007ffd027e8000 	C:\WINDOWS\System32\PSAPI.DLL

dbghelp: loaded successfully - version: 4.0.5 - missing functions: none
symbol engine: initialized successfully - sym options: 0x614 - pdb path: .;C:\Users\admin\.katalon\packages\KS-10.1.0\jre\bin;C:\WINDOWS\SYSTEM32;C:\WINDOWS\WinSxS\amd64_microsoft.windows.common-controls_6595b64144ccf1df_6.0.26100.3912_none_3e07963ce335137e;C:\Users\admin\.katalon\packages\KS-10.1.0\jre\bin\server

VM Arguments:
jvm_args: -Dgroovy.home=C:\Users\admin/.groovy -Djava.system.class.loader=groovy.lang.GroovyClassLoader -Xmx2048m -Dfile.encoding=UTF-8 -XX:+ShowCodeDetailsInExceptionMessages 
java_command: org.codehaus.groovy.tools.GroovyStarter --classpath C:\Users\admin\Documents\VestdApp-TestAutomation Katalon\Vestd QA Test Automation\bin\keyword;C:\Users\admin\Documents\VestdApp-TestAutomation Katalon\Vestd QA Test Automation\Keywords;C:\Users\admin\Documents\VestdApp-TestAutomation Katalon\Vestd QA Test Automation\bin\listener;C:\Users\admin\Documents\VestdApp-TestAutomation Katalon\Vestd QA Test Automation\Test Listeners;C:\Users\admin\Documents\VestdApp-TestAutomation Katalon\Vestd QA Test Automation\bin\lib;C:\Users\admin\Documents\VestdApp-TestAutomation Katalon\Vestd QA Test Automation\Libs;C:\Users\admin\Documents\VestdApp-TestAutomation Katalon\Vestd QA Test Automation\bin\groovy;C:\Users\admin\Documents\VestdApp-TestAutomation Katalon\Vestd QA Test Automation\Include\scripts\groovy;C:\Users\admin\.katalon\packages\KS-10.1.0\plugins\com.kms.katalon.core_1.0.0.202501201829.jar;C:\Users\admin\.katalon\packages\KS-10.1.0\configuration\resources\lib\aalto-xml-1.0.0.jar;C:\Users\admin\.katalon\packages\KS-10.1.0\configuration\resources\lib\aspectjweaver-1.9.1.jar;C:\Users\admin\.katalon\packages\KS-10.1.0\configuration\resources\lib\aws-2.20.3-fat.jar;C:\Users\admin\.katalon\packages\KS-10.1.0\configuration\resources\lib\bcpkix-jdk15on-1.64.jar;C:\Users\admin\.katalon\packages\KS-10.1.0\configuration\resources\lib\bcprov-jdk15on-1.64.jar;C:\Users\admin\.katalon\packages\KS-10.1.0\configuration\resources\lib\browsermob-core-2.1.5.jar;C:\Users\admin\.katalon\packages\KS-10.1.0\configuration\resources\lib\byte-buddy-1.14.3.jar;C:\Users\admin\.katalon\packages\KS-10.1.0\configuration\resources\lib\byte-buddy-agent-1.14.3.jar;C:\Users\admin\.katalon\packages\KS-10.1.0\configuration\resources\lib\cglib-3.2.10.jar;C:\Users\admin\.katalon\packages\KS-10.1.0\configuration\resources\lib\commons-codec-1.10.jar;C:\Users\admin\.katalon\packages\KS-10.1.0\configuration\resources\lib\commons-collections4-4.1.jar;C:\Users\admin\.katalon\packages\KS-10.1.0\confi
java_class_path (initial): C:\Users\admin\Documents\VestdApp-TestAutomation Katalon\Vestd QA Test Automation\bin\keyword;C:\Users\admin\Documents\VestdApp-TestAutomation Katalon\Vestd QA Test Automation\bin\listener;C:\Users\admin\Documents\VestdApp-TestAutomation Katalon\Vestd QA Test Automation\bin\lib;C:\Users\admin\Documents\VestdApp-TestAutomation Katalon\Vestd QA Test Automation\bin\groovy;C:\Users\admin\Documents\VestdApp-TestAutomation Katalon\Vestd QA Test Automation\bin;C:\Users\admin\.katalon\packages\KS-10.1.0\plugins\com.kms.katalon.core_1.0.0.202501201829.jar;C:\Users\admin\.katalon\packages\KS-10.1.0\configuration\resources\lib\aalto-xml-1.0.0.jar;C:\Users\admin\.katalon\packages\KS-10.1.0\configuration\resources\lib\aspectjweaver-1.9.1.jar;C:\Users\admin\.katalon\packages\KS-10.1.0\configuration\resources\lib\aws-2.20.3-fat.jar;C:\Users\admin\.katalon\packages\KS-10.1.0\configuration\resources\lib\bcpkix-jdk15on-1.64.jar;C:\Users\admin\.katalon\packages\KS-10.1.0\configuration\resources\lib\bcprov-jdk15on-1.64.jar;C:\Users\admin\.katalon\packages\KS-10.1.0\configuration\resources\lib\browsermob-core-2.1.5.jar;C:\Users\admin\.katalon\packages\KS-10.1.0\configuration\resources\lib\byte-buddy-1.14.3.jar;C:\Users\admin\.katalon\packages\KS-10.1.0\configuration\resources\lib\byte-buddy-agent-1.14.3.jar;C:\Users\admin\.katalon\packages\KS-10.1.0\configuration\resources\lib\cglib-3.2.10.jar;C:\Users\admin\.katalon\packages\KS-10.1.0\configuration\resources\lib\commons-codec-1.10.jar;C:\Users\admin\.katalon\packages\KS-10.1.0\configuration\resources\lib\commons-collections4-4.1.jar;C:\Users\admin\.katalon\packages\KS-10.1.0\configuration\resources\lib\commons-validator-1.6.jar;C:\Users\admin\.katalon\packages\KS-10.1.0\configuration\resources\lib\curvesapi-1.04.jar;C:\Users\admin\.katalon\packages\KS-10.1.0\configuration\resources\lib\dnsjava-3.6.2.jar;C:\Users\admin\.katalon\packages\KS-10.1.0\configuration\resources\lib\groovy-3.0.17.jar;C:\Users\admin\.
Launcher Type: SUN_STANDARD

[Global flags]
     intx CICompilerCount                          = 4                                         {product} {ergonomic}
     uint ConcGCThreads                            = 2                                         {product} {ergonomic}
     uint G1ConcRefinementThreads                  = 8                                         {product} {ergonomic}
   size_t G1HeapRegionSize                         = 1048576                                   {product} {ergonomic}
    uintx GCDrainStackTargetSize                   = 64                                        {product} {ergonomic}
   size_t InitialHeapSize                          = 130023424                                 {product} {ergonomic}
   size_t MarkStackSize                            = 4194304                                   {product} {ergonomic}
   size_t MaxHeapSize                              = 2147483648                                {product} {command line}
   size_t MaxNewSize                               = 1287651328                                {product} {ergonomic}
   size_t MinHeapDeltaBytes                        = 1048576                                   {product} {ergonomic}
   size_t MinHeapSize                              = 8388608                                   {product} {ergonomic}
    uintx NonNMethodCodeHeapSize                   = 5839372                                {pd product} {ergonomic}
    uintx NonProfiledCodeHeapSize                  = 122909434                              {pd product} {ergonomic}
    uintx ProfiledCodeHeapSize                     = 122909434                              {pd product} {ergonomic}
    uintx ReservedCodeCacheSize                    = 251658240                              {pd product} {ergonomic}
     bool SegmentedCodeCache                       = true                                      {product} {ergonomic}
     bool ShowCodeDetailsInExceptionMessages       = true                                   {manageable} {command line}
   size_t SoftMaxHeapSize                          = 2147483648                             {manageable} {ergonomic}
     bool UseCompressedClassPointers               = true                           {product lp64_product} {ergonomic}
     bool UseCompressedOops                        = true                           {product lp64_product} {ergonomic}
     bool UseG1GC                                  = true                                      {product} {ergonomic}
     bool UseLargePagesIndividualAllocation        = false                                  {pd product} {ergonomic}

Logging:
Log output configuration:
 #0: stdout all=warning uptime,level,tags
 #1: stderr all=off uptime,level,tags

Environment Variables:
PATH=C:/Users/admin/.katalon/packages/KS-10.1.0/jre/bin/server;C:/Users/admin/.katalon/packages/KS-10.1.0/jre/bin;C:\WINDOWS\system32;C:\WINDOWS;C:\WINDOWS\System32\Wbem;C:\WINDOWS\System32\WindowsPowerShell\v1.0\;C:\WINDOWS\System32\OpenSSH\;C:\Program Files\Git\cmd;C:\Program Files\nodejs\;C:\Users\admin\AppData\Local\Microsoft\WindowsApps;;C:\Program Files\JetBrains\PhpStorm 2022.2.3\bin;;C:\Users\admin\AppData\Local\Programs\Microsoft VS Code\bin;C:\Users\admin\AppData\Roaming\npm;C:\Users\admin\.katalon\packages\KS-10.1.0;
USERNAME=admin
OS=Windows_NT
PROCESSOR_IDENTIFIER=Intel64 Family 6 Model 126 Stepping 5, GenuineIntel
TMP=C:\Users\admin\AppData\Local\Temp
TEMP=C:\Users\admin\AppData\Local\Temp



Periodic native trim disabled


---------------  S Y S T E M  ---------------

OS:
 Windows 11 , 64 bit Build 26100 (10.0.26100.3912)
OS uptime: 9 days 7:45 hours

CPU: total 8 (initial active 8) (4 cores per cpu, 2 threads per core) family 6 model 126 stepping 5 microcode 0xa6, cx8, cmov, fxsr, ht, mmx, 3dnowpref, sse, sse2, sse3, ssse3, sse4.1, sse4.2, popcnt, lzcnt, tsc, tscinvbit, avx, avx2, aes, erms, clmul, bmi1, bmi2, adx, avx512f, avx512dq, avx512cd, avx512bw, avx512vl, sha, fma, vzeroupper, avx512_vpopcntdq, avx512_vpclmulqdq, avx512_vaes, avx512_vnni, clflush, clflushopt, avx512_vbmi2, avx512_vbmi
Processor Information for all 8 processors :
  Max Mhz: 1201, Current Mhz: 1201, Mhz Limit: 1201

Memory: 4k page, system-wide physical 7932M (494M free)
TotalPageFile size 32508M (AvailPageFile size 4M)
current process WorkingSet (physical memory assigned to process): 276M, peak: 281M
current process commit charge ("private bytes"): 315M, peak: 318M

vm_info: OpenJDK 64-Bit Server VM (17.0.13+11) for windows-amd64 JRE (17.0.13+11), built on Oct 16 2024 00:10:08 by "admin" with MS VC++ 17.7 (VS2022)

END.
